#
# There is insufficient memory for the Java Runtime Environment to continue.
# Native memory allocation (malloc) failed to allocate 1015776 bytes for Chunk::new
# Possible reasons:
#   The system is out of physical RAM or swap space
#   In 32 bit mode, the process size limit was hit
# Possible solutions:
#   Reduce memory load on the system
#   Increase physical memory or swap space
#   Check if swap backing store is full
#   Use 64 bit Java on a 64 bit OS
#   Decrease Java heap size (-Xmx/-Xms)
#   Decrease number of Java threads
#   Decrease Java thread stack sizes (-Xss)
#   Set larger code cache with -XX:ReservedCodeCacheSize=
# This output file may be truncated or incomplete.
#
#  Out of Memory Error (allocation.cpp:390), pid=17432, tid=0x0000000000003ad8
#
# JRE version: Java(TM) SE Runtime Environment (8.0_121-b13) (build 1.8.0_121-b13)
# Java VM: Java HotSpot(TM) 64-Bit Server VM (25.121-b13 mixed mode windows-amd64 compressed oops)
# Failed to write core dump. Minidumps are not enabled by default on client versions of Windows
#

---------------  T H R E A D  ---------------

Current thread (0x00000000170a2000):  JavaThread "C2 CompilerThread1" daemon [_thread_in_native, id=15064, stack(0x0000000018800000,0x0000000018900000)]

Stack: [0x0000000018800000,0x0000000018900000]
[error occurred during error reporting (printing stack bounds), id 0xc0000005]

Native frames: (J=compiled Java code, j=interpreted, Vv=VM code, C=native code)


Current CompileTask:
C2: 155342 16776 %     4       com.android.tools.r8.dex.n::a @ 312 (910 bytes)


---------------  P R O C E S S  ---------------

Java Threads: ( => current thread )
  0x0000000020523000 JavaThread "ForkJoinPool-3-worker-0" daemon [_thread_in_Java, id=19060, stack(0x000000002e9c0000,0x000000002eac0000)]
  0x0000000020522000 JavaThread "ForkJoinPool-3-worker-3" daemon [_thread_blocked, id=21796, stack(0x000000002e8c0000,0x000000002e9c0000)]
  0x000000001b163000 JavaThread "ForkJoinPool-3-worker-2" daemon [_thread_blocked, id=13936, stack(0x000000002cba0000,0x000000002cca0000)]
  0x000000001b162000 JavaThread "ForkJoinPool-3-worker-1" daemon [_thread_blocked, id=6724, stack(0x000000002caa0000,0x000000002cba0000)]
  0x000000001b161800 JavaThread "WorkerExecutor Queue Thread 4" [_thread_blocked, id=17736, stack(0x000000002c5a0000,0x000000002c6a0000)]
  0x000000001b160000 JavaThread "WorkerExecutor Queue Thread 3" [_thread_blocked, id=17808, stack(0x000000002ba90000,0x000000002bb90000)]
  0x000000001b15e800 JavaThread "stdout" [_thread_in_native, id=11932, stack(0x000000002b680000,0x000000002b780000)]
  0x000000001b15a800 JavaThread "stderr" [_thread_in_native, id=5340, stack(0x000000002b580000,0x000000002b680000)]
  0x000000001b157000 JavaThread "pool-6-thread-1" [_thread_blocked, id=19956, stack(0x000000002b480000,0x000000002b580000)]
  0x000000001b15d800 JavaThread "WorkerExecutor Queue Thread 2" [_thread_blocked, id=1084, stack(0x000000002ab80000,0x000000002ac80000)]
  0x000000001b15b800 JavaThread "WorkerExecutor Queue" [_thread_blocked, id=10356, stack(0x00000000295d0000,0x00000000296d0000)]
  0x000000001b156000 JavaThread "Cache worker for execution history cache (D:\MUHATE\Projects\ADM\Agroponto\Synecoculture Android\.gradle\6.5\executionHistory)" [_thread_blocked, id=15780, stack(0x000000002aa80000,0x000000002ab80000)]
  0x000000001b159000 JavaThread "Execution worker for ':' Thread 3" [_thread_blocked, id=16508, stack(0x000000002a540000,0x000000002a640000)]
  0x000000001b15d000 JavaThread "Execution worker for ':' Thread 2" [_thread_blocked, id=3440, stack(0x0000000029f70000,0x000000002a070000)]
  0x000000001b155800 JavaThread "Execution worker for ':'" [_thread_blocked, id=1496, stack(0x00000000291b0000,0x00000000292b0000)]
  0x000000001b154000 JavaThread "Cache worker for file content cache (D:\MUHATE\Projects\ADM\Agroponto\Synecoculture Android\.gradle\6.5\fileContent)" [_thread_blocked, id=7692, stack(0x0000000028eb0000,0x0000000028fb0000)]
  0x000000001b15a000 JavaThread "pool-5-thread-1" [_thread_blocked, id=4832, stack(0x0000000027b90000,0x0000000027c90000)]
  0x000000001aa21800 JavaThread "Cache worker for Build Output Cleanup Cache (D:\MUHATE\Projects\ADM\Agroponto\Synecoculture Android\.gradle\buildOutputCleanup)" [_thread_blocked, id=6712, stack(0x0000000027a90000,0x0000000027b90000)]
  0x000000001aa1f800 JavaThread "jar transforms Thread 282" [_thread_blocked, id=14092, stack(0x0000000027990000,0x0000000027a90000)]
  0x000000001aa25800 JavaThread "jar transforms Thread 281" [_thread_blocked, id=10820, stack(0x0000000027890000,0x0000000027990000)]
  0x000000001aa20000 JavaThread "jar transforms Thread 280" [_thread_blocked, id=8752, stack(0x0000000027790000,0x0000000027890000)]
  0x000000001aa24000 JavaThread "jar transforms Thread 279" [_thread_blocked, id=6992, stack(0x0000000027690000,0x0000000027790000)]
  0x000000001aa23000 JavaThread "jar transforms Thread 278" [_thread_blocked, id=16816, stack(0x0000000027590000,0x0000000027690000)]
  0x000000001f0fa000 JavaThread "jar transforms Thread 277" [_thread_blocked, id=18100, stack(0x0000000027490000,0x0000000027590000)]
  0x000000001f0f9800 JavaThread "jar transforms Thread 276" [_thread_blocked, id=13200, stack(0x0000000027390000,0x0000000027490000)]
  0x000000001f0f8800 JavaThread "jar transforms Thread 275" [_thread_blocked, id=15920, stack(0x0000000027290000,0x0000000027390000)]
  0x000000001f0f1000 JavaThread "jar transforms Thread 274" [_thread_blocked, id=18968, stack(0x0000000027190000,0x0000000027290000)]
  0x000000001f0f0800 JavaThread "jar transforms Thread 273" [_thread_blocked, id=22440, stack(0x0000000027090000,0x0000000027190000)]
  0x000000001f0ef800 JavaThread "jar transforms Thread 272" [_thread_blocked, id=20188, stack(0x0000000026f90000,0x0000000027090000)]
  0x000000001f0f6800 JavaThread "jar transforms Thread 271" [_thread_blocked, id=19280, stack(0x0000000026e90000,0x0000000026f90000)]
  0x000000001f0f5800 JavaThread "jar transforms Thread 270" [_thread_blocked, id=15456, stack(0x0000000026d90000,0x0000000026e90000)]
  0x000000001f0f5000 JavaThread "jar transforms Thread 269" [_thread_blocked, id=21456, stack(0x0000000026c90000,0x0000000026d90000)]
  0x000000001f0f2000 JavaThread "jar transforms Thread 268" [_thread_blocked, id=13688, stack(0x0000000026b90000,0x0000000026c90000)]
  0x000000001f0ed800 JavaThread "jar transforms Thread 267" [_thread_blocked, id=11416, stack(0x0000000026a90000,0x0000000026b90000)]
  0x000000001f0f4000 JavaThread "jar transforms Thread 266" [_thread_blocked, id=16084, stack(0x0000000026990000,0x0000000026a90000)]
  0x000000001f0ee000 JavaThread "jar transforms Thread 265" [_thread_blocked, id=11944, stack(0x0000000026890000,0x0000000026990000)]
  0x000000001f0ec000 JavaThread "jar transforms Thread 264" [_thread_blocked, id=21768, stack(0x0000000026790000,0x0000000026890000)]
  0x000000001fe49000 JavaThread "jar transforms Thread 263" [_thread_blocked, id=20896, stack(0x0000000026690000,0x0000000026790000)]
  0x000000001fe41800 JavaThread "jar transforms Thread 262" [_thread_blocked, id=15004, stack(0x0000000026590000,0x0000000026690000)]
  0x000000001fe45800 JavaThread "jar transforms Thread 261" [_thread_blocked, id=15020, stack(0x0000000026490000,0x0000000026590000)]
  0x000000001fe47800 JavaThread "jar transforms Thread 260" [_thread_blocked, id=21756, stack(0x0000000026390000,0x0000000026490000)]
  0x000000001fe44800 JavaThread "jar transforms Thread 259" [_thread_blocked, id=356, stack(0x0000000026290000,0x0000000026390000)]
  0x000000001fe42800 JavaThread "jar transforms Thread 258" [_thread_blocked, id=17928, stack(0x0000000026190000,0x0000000026290000)]
  0x000000001fe47000 JavaThread "jar transforms Thread 257" [_thread_blocked, id=2768, stack(0x0000000026090000,0x0000000026190000)]
  0x000000001fe44000 JavaThread "jar transforms Thread 256" [_thread_blocked, id=6380, stack(0x0000000025f90000,0x0000000026090000)]
  0x000000001fe48800 JavaThread "jar transforms Thread 255" [_thread_blocked, id=9656, stack(0x0000000025e90000,0x0000000025f90000)]
  0x000000001fe43000 JavaThread "jar transforms Thread 254" [_thread_blocked, id=17784, stack(0x0000000025d90000,0x0000000025e90000)]
  0x000000001fe3a000 JavaThread "jar transforms Thread 253" [_thread_blocked, id=14348, stack(0x0000000025c90000,0x0000000025d90000)]
  0x000000001fe41000 JavaThread "jar transforms Thread 252" [_thread_blocked, id=18828, stack(0x0000000025b90000,0x0000000025c90000)]
  0x000000001fe3b800 JavaThread "jar transforms Thread 251" [_thread_blocked, id=22316, stack(0x0000000025a90000,0x0000000025b90000)]
  0x000000001fe40000 JavaThread "jar transforms Thread 250" [_thread_blocked, id=20544, stack(0x0000000025990000,0x0000000025a90000)]
  0x000000001fe3f800 JavaThread "jar transforms Thread 249" [_thread_blocked, id=10808, stack(0x0000000025890000,0x0000000025990000)]
  0x000000001dbe5000 JavaThread "jar transforms Thread 248" [_thread_blocked, id=12604, stack(0x0000000025790000,0x0000000025890000)]
  0x000000001dbe3800 JavaThread "jar transforms Thread 247" [_thread_blocked, id=14160, stack(0x0000000025690000,0x0000000025790000)]
  0x000000001dbe1800 JavaThread "jar transforms Thread 246" [_thread_blocked, id=2288, stack(0x0000000025590000,0x0000000025690000)]
  0x000000001dbe4800 JavaThread "jar transforms Thread 245" [_thread_blocked, id=14052, stack(0x0000000025490000,0x0000000025590000)]
  0x000000001dbe3000 JavaThread "jar transforms Thread 244" [_thread_blocked, id=14552, stack(0x0000000025390000,0x0000000025490000)]
  0x000000001dbe2000 JavaThread "jar transforms Thread 243" [_thread_blocked, id=4432, stack(0x0000000025290000,0x0000000025390000)]
  0x000000001dbda000 JavaThread "jar transforms Thread 242" [_thread_blocked, id=4088, stack(0x0000000025190000,0x0000000025290000)]
  0x000000001dbe0800 JavaThread "jar transforms Thread 241" [_thread_blocked, id=2052, stack(0x0000000025090000,0x0000000025190000)]
  0x000000001dbd9000 JavaThread "jar transforms Thread 240" [_thread_blocked, id=20048, stack(0x0000000024f90000,0x0000000025090000)]
  0x000000001dbe0000 JavaThread "jar transforms Thread 239" [_thread_blocked, id=3160, stack(0x0000000024e90000,0x0000000024f90000)]
  0x000000001dbdf000 JavaThread "jar transforms Thread 238" [_thread_blocked, id=22276, stack(0x0000000024d90000,0x0000000024e90000)]
  0x000000001dbde800 JavaThread "jar transforms Thread 237" [_thread_blocked, id=17672, stack(0x0000000024c90000,0x0000000024d90000)]
  0x000000001dbdb800 JavaThread "jar transforms Thread 236" [_thread_blocked, id=22408, stack(0x0000000024b90000,0x0000000024c90000)]
  0x000000001dbd7000 JavaThread "jar transforms Thread 235" [_thread_blocked, id=17624, stack(0x0000000024a90000,0x0000000024b90000)]
  0x000000001dbda800 JavaThread "jar transforms Thread 234" [_thread_blocked, id=21628, stack(0x0000000024990000,0x0000000024a90000)]
  0x000000001dbdd800 JavaThread "jar transforms Thread 233" [_thread_blocked, id=21740, stack(0x0000000024890000,0x0000000024990000)]
  0x000000001dbd8800 JavaThread "jar transforms Thread 232" [_thread_blocked, id=22104, stack(0x0000000024790000,0x0000000024890000)]
  0x000000001dbdd000 JavaThread "jar transforms Thread 231" [_thread_blocked, id=4504, stack(0x0000000024690000,0x0000000024790000)]
  0x000000001af43800 JavaThread "jar transforms Thread 230" [_thread_blocked, id=21316, stack(0x0000000024590000,0x0000000024690000)]
  0x000000001af42000 JavaThread "jar transforms Thread 229" [_thread_blocked, id=3564, stack(0x0000000024490000,0x0000000024590000)]
  0x000000001af42800 JavaThread "jar transforms Thread 228" [_thread_blocked, id=16808, stack(0x0000000024390000,0x0000000024490000)]
  0x000000001af41000 JavaThread "jar transforms Thread 227" [_thread_blocked, id=14212, stack(0x0000000024290000,0x0000000024390000)]
  0x000000001af44000 JavaThread "jar transforms Thread 226" [_thread_blocked, id=12908, stack(0x0000000024190000,0x0000000024290000)]
  0x000000001af40800 JavaThread "jar transforms Thread 225" [_thread_blocked, id=21408, stack(0x0000000024090000,0x0000000024190000)]
  0x000000001af39000 JavaThread "jar transforms Thread 224" [_thread_blocked, id=17856, stack(0x0000000023f90000,0x0000000024090000)]
  0x000000001af3f800 JavaThread "jar transforms Thread 223" [_thread_blocked, id=3472, stack(0x0000000023e90000,0x0000000023f90000)]
  0x000000001af39800 JavaThread "jar transforms Thread 222" [_thread_blocked, id=10132, stack(0x0000000023d90000,0x0000000023e90000)]
  0x000000001af38000 JavaThread "jar transforms Thread 221" [_thread_blocked, id=9672, stack(0x0000000023c90000,0x0000000023d90000)]
  0x000000001af3d800 JavaThread "jar transforms Thread 220" [_thread_blocked, id=15484, stack(0x0000000023b90000,0x0000000023c90000)]
  0x000000001af3c000 JavaThread "jar transforms Thread 219" [_thread_blocked, id=21580, stack(0x0000000023a90000,0x0000000023b90000)]
  0x000000001af3f000 JavaThread "jar transforms Thread 218" [_thread_blocked, id=11152, stack(0x0000000023990000,0x0000000023a90000)]
  0x000000001af3c800 JavaThread "jar transforms Thread 217" [_thread_blocked, id=19796, stack(0x0000000023890000,0x0000000023990000)]
  0x000000001af3b000 JavaThread "jar transforms Thread 216" [_thread_blocked, id=17252, stack(0x0000000023790000,0x0000000023890000)]
  0x000000001af3a800 JavaThread "jar transforms Thread 215" [_thread_blocked, id=14536, stack(0x0000000023690000,0x0000000023790000)]
  0x000000001af3e000 JavaThread "jar transforms Thread 214" [_thread_blocked, id=3200, stack(0x0000000023590000,0x0000000023690000)]
  0x000000001af35000 JavaThread "jar transforms Thread 213" [_thread_blocked, id=13148, stack(0x0000000023490000,0x0000000023590000)]
  0x000000001e0f6800 JavaThread "jar transforms Thread 212" [_thread_blocked, id=4536, stack(0x0000000023390000,0x0000000023490000)]
  0x000000001e0ef800 JavaThread "jar transforms Thread 211" [_thread_blocked, id=22212, stack(0x0000000023290000,0x0000000023390000)]
  0x000000001e0f5800 JavaThread "jar transforms Thread 210" [_thread_blocked, id=9588, stack(0x0000000023190000,0x0000000023290000)]
  0x000000001e0f4000 JavaThread "jar transforms Thread 209" [_thread_blocked, id=16780, stack(0x0000000023090000,0x0000000023190000)]
  0x000000001e0f2800 JavaThread "jar transforms Thread 208" [_thread_blocked, id=20324, stack(0x0000000022f90000,0x0000000023090000)]
  0x000000001e0f1000 JavaThread "jar transforms Thread 207" [_thread_blocked, id=21692, stack(0x0000000022e90000,0x0000000022f90000)]
  0x000000001e0f0000 JavaThread "jar transforms Thread 206" [_thread_blocked, id=8208, stack(0x0000000022d90000,0x0000000022e90000)]
  0x000000001e0f4800 JavaThread "jar transforms Thread 205" [_thread_blocked, id=13844, stack(0x0000000022c90000,0x0000000022d90000)]
  0x000000001e0f1800 JavaThread "jar transforms Thread 204" [_thread_blocked, id=4756, stack(0x0000000022b90000,0x0000000022c90000)]
  0x000000001e0e8000 JavaThread "jar transforms Thread 203" [_thread_blocked, id=15672, stack(0x0000000022a90000,0x0000000022b90000)]
  0x000000001e0ee800 JavaThread "jar transforms Thread 202" [_thread_blocked, id=16444, stack(0x0000000022990000,0x0000000022a90000)]
  0x000000001e0eb800 JavaThread "jar transforms Thread 201" [_thread_blocked, id=13132, stack(0x0000000022890000,0x0000000022990000)]
  0x000000001e0ea000 JavaThread "jar transforms Thread 200" [_thread_blocked, id=16716, stack(0x0000000022790000,0x0000000022890000)]
  0x000000001e0e7000 JavaThread "jar transforms Thread 199" [_thread_blocked, id=15040, stack(0x0000000022690000,0x0000000022790000)]
  0x000000001e0e9800 JavaThread "jar transforms Thread 198" [_thread_blocked, id=18696, stack(0x0000000022590000,0x0000000022690000)]
  0x000000001e0ee000 JavaThread "jar transforms Thread 197" [_thread_blocked, id=14912, stack(0x0000000022490000,0x0000000022590000)]
  0x000000001e0e8800 JavaThread "jar transforms Thread 196" [_thread_blocked, id=11820, stack(0x0000000022390000,0x0000000022490000)]
  0x000000001e0ed000 JavaThread "jar transforms Thread 195" [_thread_blocked, id=20964, stack(0x0000000022290000,0x0000000022390000)]
  0x000000001e0eb000 JavaThread "jar transforms Thread 194" [_thread_blocked, id=15532, stack(0x0000000022190000,0x0000000022290000)]
  0x0000000019aaa800 JavaThread "jar transforms Thread 193" [_thread_blocked, id=15060, stack(0x0000000022090000,0x0000000022190000)]
  0x0000000019aa6800 JavaThread "jar transforms Thread 192" [_thread_blocked, id=15116, stack(0x0000000021f90000,0x0000000022090000)]
  0x0000000019aa3000 JavaThread "jar transforms Thread 191" [_thread_blocked, id=21912, stack(0x0000000021e90000,0x0000000021f90000)]
  0x0000000019aa6000 JavaThread "jar transforms Thread 190" [_thread_blocked, id=1064, stack(0x0000000021d90000,0x0000000021e90000)]
  0x0000000019aa3800 JavaThread "jar transforms Thread 189" [_thread_blocked, id=18272, stack(0x0000000021c90000,0x0000000021d90000)]
  0x0000000019aaa000 JavaThread "Build operations Thread 4" [_thread_blocked, id=19932, stack(0x0000000021b90000,0x0000000021c90000)]
  0x0000000019aa5000 JavaThread "Build operations Thread 3" [_thread_blocked, id=8144, stack(0x0000000021390000,0x0000000021490000)]
  0x0000000019aa4800 JavaThread "Build operations Thread 2" [_thread_blocked, id=18864, stack(0x0000000020e20000,0x0000000020f20000)]
  0x0000000019aa9000 JavaThread "Build operations" [_thread_blocked, id=15412, stack(0x0000000020a20000,0x0000000020b20000)]
  0x0000000019aa7800 JavaThread "Cache worker for cache directory md-rule (C:\Users\Gracane Muhate\.gradle\caches\6.5\md-rule)" [_thread_blocked, id=9900, stack(0x000000001f6c0000,0x000000001f7c0000)]
  0x0000000019a9b800 JavaThread "Cache worker for cache directory md-supplier (C:\Users\Gracane Muhate\.gradle\caches\6.5\md-supplier)" [_thread_blocked, id=3060, stack(0x000000001f5c0000,0x000000001f6c0000)]
  0x0000000019aa2000 JavaThread "Cache worker for checksums cache (D:\MUHATE\Projects\ADM\Agroponto\Synecoculture Android\.gradle\checksums)" [_thread_blocked, id=16400, stack(0x000000001cb20000,0x000000001cc20000)]
  0x0000000019aa0800 JavaThread "Cache worker for file hash cache (D:\MUHATE\Projects\ADM\Agroponto\Synecoculture Android\.gradle\6.5\fileHashes)" [_thread_blocked, id=21824, stack(0x000000001ca20000,0x000000001cb20000)]
  0x0000000019a9d000 JavaThread "Thread-249" [_thread_blocked, id=17892, stack(0x000000001c920000,0x000000001ca20000)]
  0x0000000019aa0000 JavaThread "Stdin handler" [_thread_blocked, id=22516, stack(0x000000001c820000,0x000000001c920000)]
  0x0000000019aa1800 JavaThread "Asynchronous log dispatcher for DefaultDaemonConnection: socket connection from /127.0.0.1:49785 to /127.0.0.1:49576" [_thread_blocked, id=11984, stack(0x000000001c320000,0x000000001c420000)]
  0x0000000019a9c000 JavaThread "Daemon worker Thread 2" [_thread_blocked, id=13812, stack(0x000000001bee0000,0x000000001bfe0000)]
  0x0000000019a9d800 JavaThread "Cancel handler" [_thread_blocked, id=10676, stack(0x000000001bde0000,0x000000001bee0000)]
  0x0000000019a9e800 JavaThread "Handler for socket connection from /127.0.0.1:49785 to /127.0.0.1:49576" [_thread_in_native, id=9580, stack(0x0000000002150000,0x0000000002250000)]
  0x0000000019a9f000 JavaThread "Daemon Thread 2" [_thread_blocked, id=14260, stack(0x0000000000790000,0x0000000000890000)]
  0x000000001f0fb000 JavaThread "Cache worker for Java compile cache (C:\Users\Gracane Muhate\.gradle\caches\6.5\javaCompile)" [_thread_blocked, id=5536, stack(0x000000002b180000,0x000000002b280000)]
  0x000000001e0f3000 JavaThread "Memory manager" [_thread_blocked, id=17696, stack(0x00000000292b0000,0x00000000293b0000)]
  0x000000001af36800 JavaThread "Cache worker for file content cache (C:\Users\Gracane Muhate\.gradle\caches\6.5\fileContent)" [_thread_blocked, id=3600, stack(0x0000000021490000,0x0000000021590000)]
  0x000000001aa26000 JavaThread "Cache worker for execution history cache (C:\Users\Gracane Muhate\.gradle\caches\6.5\executionHistory)" [_thread_blocked, id=4412, stack(0x0000000020b20000,0x0000000020c20000)]
  0x000000001aa21000 JavaThread "Cache worker for file hash cache (C:\Users\Gracane Muhate\.gradle\caches\6.5\fileHashes)" [_thread_blocked, id=20260, stack(0x000000001d120000,0x000000001d220000)]
  0x000000001aa22800 JavaThread "File lock request listener" [_thread_in_native, id=21616, stack(0x000000001d020000,0x000000001d120000)]
  0x000000001aa24800 JavaThread "Cache worker for journal cache (C:\Users\Gracane Muhate\.gradle\caches\journal-1)" [_thread_blocked, id=6616, stack(0x000000001ce20000,0x000000001cf20000)]
  0x000000001aa27800 JavaThread "Daemon periodic checks" [_thread_blocked, id=612, stack(0x000000001c220000,0x000000001c320000)]
  0x000000001a9d8000 JavaThread "Incoming local TCP Connector on port 49785" [_thread_in_native, id=17576, stack(0x000000001bfe0000,0x000000001c0e0000)]
  0x000000001a418800 JavaThread "Daemon health stats" [_thread_blocked, id=9288, stack(0x000000001b7a0000,0x000000001b8a0000)]
  0x0000000018a30800 JavaThread "Service Thread" daemon [_thread_blocked, id=17296, stack(0x0000000018e00000,0x0000000018f00000)]
  0x00000000170b5000 JavaThread "C1 CompilerThread2" daemon [_thread_blocked, id=1724, stack(0x0000000018900000,0x0000000018a00000)]
=>0x00000000170a2000 JavaThread "C2 CompilerThread1" daemon [_thread_in_native, id=15064, stack(0x0000000018800000,0x0000000018900000)]
  0x00000000170a0000 JavaThread "C2 CompilerThread0" daemon [_thread_in_native, id=11588, stack(0x0000000018700000,0x0000000018800000)]
  0x000000001709e000 JavaThread "Attach Listener" daemon [_thread_blocked, id=14000, stack(0x0000000018600000,0x0000000018700000)]
  0x000000001709c800 JavaThread "Signal Dispatcher" daemon [_thread_blocked, id=6584, stack(0x0000000018500000,0x0000000018600000)]
  0x000000000247c000 JavaThread "Finalizer" daemon [_thread_blocked, id=11800, stack(0x0000000018300000,0x0000000018400000)]
  0x0000000002470000 JavaThread "Reference Handler" daemon [_thread_blocked, id=19652, stack(0x0000000018200000,0x0000000018300000)]
  0x000000000092e800 JavaThread "main" [_thread_blocked, id=9260, stack(0x0000000002280000,0x0000000002380000)]

Other Threads:
  0x0000000017068000 VMThread [stack: 0x0000000018100000,0x0000000018200000] [id=13444]
  0x00000000170c5800 WatcherThread [stack: 0x0000000018f00000,0x0000000019000000] [id=16248]

VM state:not at safepoint (normal execution)

VM Mutex/Monitor currently owned by a thread: None

Heap:
 PSYoungGen      total 276480K, used 73684K [0x00000000d5580000, 0x00000000e8e80000, 0x0000000100000000)
  eden space 235008K, 13% used [0x00000000d5580000,0x00000000d74f9250,0x00000000e3b00000)
  from space 41472K, 99% used [0x00000000e3b00000,0x00000000e637bf08,0x00000000e6380000)
  to   space 38400K, 0% used [0x00000000e6380000,0x00000000e6380000,0x00000000e8900000)
 ParOldGen       total 376320K, used 83147K [0x0000000080000000, 0x0000000096f80000, 0x00000000d5580000)
  object space 376320K, 22% used [0x0000000080000000,0x0000000085132d18,0x0000000096f80000)
 Metaspace       used 93418K, capacity 97934K, committed 99328K, reserved 1134592K
  class space    used 12521K, capacity 13348K, committed 13696K, reserved 1048576K

Card table byte_map: [0x0000000011840000,0x0000000011c50000] byte_map_base: 0x0000000011440000

Marking Bits: (ParMarkBitMap*) 0x00000000644eb6d0
 Begin Bits: [0x0000000012300000, 0x0000000014300000)
 End Bits:   [0x0000000014300000, 0x0000000016300000)

Polling page: 0x00000000008e0000

CodeCache: size=245760Kb used=46771Kb max_used=46775Kb free=198989Kb
 bounds [0x0000000002480000, 0x0000000005270000, 0x0000000011480000]
 total_blobs=14960 nmethods=14090 adapters=780
 compilation: enabled

Compilation events (10 events):
Event: 155.199 Thread 0x00000000170a0000 nmethod 17106 0x0000000005252c90 code [0x0000000005252de0, 0x0000000005252ed8]
Event: 155.199 Thread 0x00000000170a0000 17117       4       com.android.tools.r8.graph.f0$$Lambda$1165/495211514::accept (12 bytes)
Event: 155.199 Thread 0x00000000170b5000 17118       1       com.android.tools.r8.graph.l0$s::N (1 bytes)
Event: 155.199 Thread 0x00000000170b5000 nmethod 17118 0x000000000525cfd0 code [0x000000000525d120, 0x000000000525d230]
Event: 155.201 Thread 0x00000000170b5000 17119       3       com.android.tools.r8.graph.l0$o::N (1 bytes)
Event: 155.202 Thread 0x00000000170b5000 nmethod 17119 0x000000000525eb90 code [0x000000000525ece0, 0x000000000525ee30]
Event: 155.205 Thread 0x00000000170b5000 17120       3       com.android.tools.r8.graph.l0$i::u (4 bytes)
Event: 155.205 Thread 0x00000000170b5000 nmethod 17120 0x0000000005262750 code [0x00000000052628a0, 0x00000000052629f0]
Event: 155.223 Thread 0x00000000170b5000 17121       3       com.android.tools.r8.graph.Z0::d (64 bytes)
Event: 155.224 Thread 0x00000000170b5000 nmethod 17121 0x0000000005261750 code [0x0000000005261960, 0x0000000005262438]

GC Heap History (10 events):
Event: 44.033 GC heap before
{Heap before GC invocations=17 (full 3):
 PSYoungGen      total 223232K, used 223206K [0x00000000d5580000, 0x00000000e6e00000, 0x0000000100000000)
  eden space 199680K, 99% used [0x00000000d5580000,0x00000000e187bd68,0x00000000e1880000)
  from space 23552K, 99% used [0x00000000e1880000,0x00000000e2f7dc68,0x00000000e2f80000)
  to   space 32256K, 0% used [0x00000000e4e80000,0x00000000e4e80000,0x00000000e6e00000)
 ParOldGen       total 239104K, used 49876K [0x0000000080000000, 0x000000008e980000, 0x00000000d5580000)
  object space 239104K, 20% used [0x0000000080000000,0x00000000830b52c8,0x000000008e980000)
 Metaspace       used 90242K, capacity 95300K, committed 95360K, reserved 1130496K
  class space    used 12506K, capacity 13431K, committed 13440K, reserved 1048576K
Event: 44.120 GC heap after
Heap after GC invocations=17 (full 3):
 PSYoungGen      total 248320K, used 32242K [0x00000000d5580000, 0x00000000e7d00000, 0x0000000100000000)
  eden space 216064K, 0% used [0x00000000d5580000,0x00000000d5580000,0x00000000e2880000)
  from space 32256K, 99% used [0x00000000e4e80000,0x00000000e6dfc8f8,0x00000000e6e00000)
  to   space 38912K, 0% used [0x00000000e2880000,0x00000000e2880000,0x00000000e4e80000)
 ParOldGen       total 239104K, used 55806K [0x0000000080000000, 0x000000008e980000, 0x00000000d5580000)
  object space 239104K, 23% used [0x0000000080000000,0x000000008367fbb0,0x000000008e980000)
 Metaspace       used 90242K, capacity 95300K, committed 95360K, reserved 1130496K
  class space    used 12506K, capacity 13431K, committed 13440K, reserved 1048576K
}
Event: 144.798 GC heap before
{Heap before GC invocations=18 (full 3):
 PSYoungGen      total 248320K, used 248306K [0x00000000d5580000, 0x00000000e7d00000, 0x0000000100000000)
  eden space 216064K, 100% used [0x00000000d5580000,0x00000000e2880000,0x00000000e2880000)
  from space 32256K, 99% used [0x00000000e4e80000,0x00000000e6dfc8f8,0x00000000e6e00000)
  to   space 38912K, 0% used [0x00000000e2880000,0x00000000e2880000,0x00000000e4e80000)
 ParOldGen       total 239104K, used 55806K [0x0000000080000000, 0x000000008e980000, 0x00000000d5580000)
  object space 239104K, 23% used [0x0000000080000000,0x000000008367fbb0,0x000000008e980000)
 Metaspace       used 92709K, capacity 97782K, committed 98048K, reserved 1134592K
  class space    used 12633K, capacity 13554K, committed 13568K, reserved 1048576K
Event: 144.870 GC heap after
Heap after GC invocations=18 (full 3):
 PSYoungGen      total 254976K, used 21437K [0x00000000d5580000, 0x00000000e8900000, 0x0000000100000000)
  eden space 216064K, 0% used [0x00000000d5580000,0x00000000d5580000,0x00000000e2880000)
  from space 38912K, 55% used [0x00000000e2880000,0x00000000e3d6f650,0x00000000e4e80000)
  to   space 38400K, 0% used [0x00000000e6380000,0x00000000e6380000,0x00000000e8900000)
 ParOldGen       total 239104K, used 67227K [0x0000000080000000, 0x000000008e980000, 0x00000000d5580000)
  object space 239104K, 28% used [0x0000000080000000,0x00000000841a6f40,0x000000008e980000)
 Metaspace       used 92709K, capacity 97782K, committed 98048K, reserved 1134592K
  class space    used 12633K, capacity 13554K, committed 13568K, reserved 1048576K
}
Event: 151.679 GC heap before
{Heap before GC invocations=19 (full 3):
 PSYoungGen      total 254976K, used 231038K [0x00000000d5580000, 0x00000000e8900000, 0x0000000100000000)
  eden space 216064K, 97% used [0x00000000d5580000,0x00000000e2230378,0x00000000e2880000)
  from space 38912K, 55% used [0x00000000e2880000,0x00000000e3d6f650,0x00000000e4e80000)
  to   space 38400K, 0% used [0x00000000e6380000,0x00000000e6380000,0x00000000e8900000)
 ParOldGen       total 239104K, used 67227K [0x0000000080000000, 0x000000008e980000, 0x00000000d5580000)
  object space 239104K, 28% used [0x0000000080000000,0x00000000841a6f40,0x000000008e980000)
 Metaspace       used 93260K, capacity 98494K, committed 98560K, reserved 1134592K
  class space    used 12671K, capacity 13640K, committed 13696K, reserved 1048576K
Event: 151.733 GC heap after
Heap after GC invocations=19 (full 3):
 PSYoungGen      total 273408K, used 32183K [0x00000000d5580000, 0x00000000e8e80000, 0x0000000100000000)
  eden space 235008K, 0% used [0x00000000d5580000,0x00000000d5580000,0x00000000e3b00000)
  from space 38400K, 83% used [0x00000000e6380000,0x00000000e82edf38,0x00000000e8900000)
  to   space 41472K, 0% used [0x00000000e3b00000,0x00000000e3b00000,0x00000000e6380000)
 ParOldGen       total 239104K, used 67235K [0x0000000080000000, 0x000000008e980000, 0x00000000d5580000)
  object space 239104K, 28% used [0x0000000080000000,0x00000000841a8f40,0x000000008e980000)
 Metaspace       used 93260K, capacity 98494K, committed 98560K, reserved 1134592K
  class space    used 12671K, capacity 13640K, committed 13696K, reserved 1048576K
}
Event: 151.733 GC heap before
{Heap before GC invocations=20 (full 4):
 PSYoungGen      total 273408K, used 32183K [0x00000000d5580000, 0x00000000e8e80000, 0x0000000100000000)
  eden space 235008K, 0% used [0x00000000d5580000,0x00000000d5580000,0x00000000e3b00000)
  from space 38400K, 83% used [0x00000000e6380000,0x00000000e82edf38,0x00000000e8900000)
  to   space 41472K, 0% used [0x00000000e3b00000,0x00000000e3b00000,0x00000000e6380000)
 ParOldGen       total 239104K, used 67235K [0x0000000080000000, 0x000000008e980000, 0x00000000d5580000)
  object space 239104K, 28% used [0x0000000080000000,0x00000000841a8f40,0x000000008e980000)
 Metaspace       used 93260K, capacity 98494K, committed 98560K, reserved 1134592K
  class space    used 12671K, capacity 13640K, committed 13696K, reserved 1048576K
Event: 152.249 GC heap after
Heap after GC invocations=20 (full 4):
 PSYoungGen      total 273408K, used 0K [0x00000000d5580000, 0x00000000e8e80000, 0x0000000100000000)
  eden space 235008K, 0% used [0x00000000d5580000,0x00000000d5580000,0x00000000e3b00000)
  from space 38400K, 0% used [0x00000000e6380000,0x00000000e6380000,0x00000000e8900000)
  to   space 41472K, 0% used [0x00000000e3b00000,0x00000000e3b00000,0x00000000e6380000)
 ParOldGen       total 376320K, used 70477K [0x0000000080000000, 0x0000000096f80000, 0x00000000d5580000)
  object space 376320K, 18% used [0x0000000080000000,0x00000000844d36f8,0x0000000096f80000)
 Metaspace       used 92767K, capacity 97230K, committed 98560K, reserved 1134592K
  class space    used 12495K, capacity 13338K, committed 13696K, reserved 1048576K
}
Event: 154.517 GC heap before
{Heap before GC invocations=21 (full 4):
 PSYoungGen      total 273408K, used 235008K [0x00000000d5580000, 0x00000000e8e80000, 0x0000000100000000)
  eden space 235008K, 100% used [0x00000000d5580000,0x00000000e3b00000,0x00000000e3b00000)
  from space 38400K, 0% used [0x00000000e6380000,0x00000000e6380000,0x00000000e8900000)
  to   space 41472K, 0% used [0x00000000e3b00000,0x00000000e3b00000,0x00000000e6380000)
 ParOldGen       total 376320K, used 70477K [0x0000000080000000, 0x0000000096f80000, 0x00000000d5580000)
  object space 376320K, 18% used [0x0000000080000000,0x00000000844d36f8,0x0000000096f80000)
 Metaspace       used 93408K, capacity 97934K, committed 99328K, reserved 1134592K
  class space    used 12521K, capacity 13348K, committed 13696K, reserved 1048576K
Event: 154.708 GC heap after
Heap after GC invocations=21 (full 4):
 PSYoungGen      total 276480K, used 41455K [0x00000000d5580000, 0x00000000e8e80000, 0x0000000100000000)
  eden space 235008K, 0% used [0x00000000d5580000,0x00000000d5580000,0x00000000e3b00000)
  from space 41472K, 99% used [0x00000000e3b00000,0x00000000e637bf08,0x00000000e6380000)
  to   space 38400K, 0% used [0x00000000e6380000,0x00000000e6380000,0x00000000e8900000)
 ParOldGen       total 376320K, used 83147K [0x0000000080000000, 0x0000000096f80000, 0x00000000d5580000)
  object space 376320K, 22% used [0x0000000080000000,0x0000000085132d18,0x0000000096f80000)
 Metaspace       used 93408K, capacity 97934K, committed 99328K, reserved 1134592K
  class space    used 12521K, capacity 13348K, committed 13696K, reserved 1048576K
}

Deoptimization events (10 events):
Event: 153.516 Thread 0x000000002051c000 Uncommon trap: reason=class_check action=maybe_recompile pc=0x000000000487d3bc method=com.android.tools.r8.dex.n$d.a(Lcom/android/tools/r8/graph/b0;)Lcom/android/tools/r8/graph/Y; @ 23
Event: 153.518 Thread 0x000000001f0ec800 Uncommon trap: reason=class_check action=maybe_recompile pc=0x000000000487d3bc method=com.android.tools.r8.dex.n$d.a(Lcom/android/tools/r8/graph/b0;)Lcom/android/tools/r8/graph/Y; @ 23
Event: 153.703 Thread 0x0000000020522000 Uncommon trap: reason=speculate_class_check action=maybe_recompile pc=0x00000000051c63a8 method=com.android.tools.r8.graph.k.equals(Ljava/lang/Object;)Z @ 7
Event: 153.703 Thread 0x0000000020522000 Uncommon trap: reason=speculate_class_check action=maybe_recompile pc=0x00000000051c63a8 method=com.android.tools.r8.graph.k.equals(Ljava/lang/Object;)Z @ 7
Event: 153.703 Thread 0x0000000020523000 Uncommon trap: reason=speculate_class_check action=maybe_recompile pc=0x00000000051c63a8 method=com.android.tools.r8.graph.k.equals(Ljava/lang/Object;)Z @ 7
Event: 153.704 Thread 0x0000000020523000 Uncommon trap: reason=speculate_class_check action=maybe_recompile pc=0x00000000051c63a8 method=com.android.tools.r8.graph.k.equals(Ljava/lang/Object;)Z @ 7
Event: 153.842 Thread 0x000000001f0ec800 Uncommon trap: reason=class_check action=maybe_recompile pc=0x00000000047e87f4 method=com.android.tools.r8.dex.m.c(I)V @ 108
Event: 154.433 Thread 0x000000001b15d800 Uncommon trap: reason=uninitialized action=reinterpret pc=0x00000000040155d4 method=com.android.tools.r8.graph.l0.a(Lcom/android/tools/r8/graph/j0;)Lcom/android/tools/r8/graph/l0; @ 135
Event: 154.787 Thread 0x000000001b15d800 Uncommon trap: reason=uninitialized action=reinterpret pc=0x00000000040e895c method=com.android.tools.r8.graph.l0.a(Lcom/android/tools/r8/graph/j0;)Lcom/android/tools/r8/graph/l0; @ 135
Event: 154.878 Thread 0x000000001b15d800 Uncommon trap: reason=unstable_if action=reinterpret pc=0x00000000039290ec method=com.android.tools.r8.graph.i0.b(Lcom/android/tools/r8/graph/i0;)I @ 83

Internal exceptions (10 events):
Event: 153.272 Thread 0x000000001b15b800 Exception <a 'sun/nio/fs/WindowsException'> (0x00000000da79e6e0) thrown at [C:\re\workspace\8-2-build-windows-amd64-cygwin\jdk8u121\8372\hotspot\src\share\vm\prims\jni.cpp, line 709]
Event: 153.276 Thread 0x000000001b15b800 Exception <a 'sun/nio/fs/WindowsException'> (0x00000000db09c478) thrown at [C:\re\workspace\8-2-build-windows-amd64-cygwin\jdk8u121\8372\hotspot\src\share\vm\prims\jni.cpp, line 709]
Event: 153.281 Thread 0x000000001b15b800 Exception <a 'sun/nio/fs/WindowsException'> (0x00000000db0e9290) thrown at [C:\re\workspace\8-2-build-windows-amd64-cygwin\jdk8u121\8372\hotspot\src\share\vm\prims\jni.cpp, line 709]
Event: 153.283 Thread 0x000000001b15b800 Exception <a 'sun/nio/fs/WindowsException'> (0x00000000db0f2bf0) thrown at [C:\re\workspace\8-2-build-windows-amd64-cygwin\jdk8u121\8372\hotspot\src\share\vm\prims\jni.cpp, line 709]
Event: 153.285 Thread 0x000000001b15b800 Exception <a 'sun/nio/fs/WindowsException'> (0x00000000db0f9fb8) thrown at [C:\re\workspace\8-2-build-windows-amd64-cygwin\jdk8u121\8372\hotspot\src\share\vm\prims\jni.cpp, line 709]
Event: 153.287 Thread 0x000000001b15b800 Exception <a 'sun/nio/fs/WindowsException'> (0x00000000db107270) thrown at [C:\re\workspace\8-2-build-windows-amd64-cygwin\jdk8u121\8372\hotspot\src\share\vm\prims\jni.cpp, line 709]
Event: 153.288 Thread 0x000000001b15b800 Exception <a 'sun/nio/fs/WindowsException'> (0x00000000db10f500) thrown at [C:\re\workspace\8-2-build-windows-amd64-cygwin\jdk8u121\8372\hotspot\src\share\vm\prims\jni.cpp, line 709]
Event: 153.290 Thread 0x000000001b15b800 Exception <a 'sun/nio/fs/WindowsException'> (0x00000000db118a78) thrown at [C:\re\workspace\8-2-build-windows-amd64-cygwin\jdk8u121\8372\hotspot\src\share\vm\prims\jni.cpp, line 709]
Event: 153.331 Thread 0x000000001b161800 Exception <a 'sun/nio/fs/WindowsException'> (0x00000000db6f19c0) thrown at [C:\re\workspace\8-2-build-windows-amd64-cygwin\jdk8u121\8372\hotspot\src\share\vm\prims\jni.cpp, line 709]
Event: 153.874 Thread 0x000000001f0ec800 Exception <a 'sun/nio/fs/WindowsException'> (0x00000000def9cf68) thrown at [C:\re\workspace\8-2-build-windows-amd64-cygwin\jdk8u121\8372\hotspot\src\share\vm\prims\jni.cpp, line 709]

Events (10 events):
Event: 154.787 Thread 0x000000001b15d800 DEOPT UNPACKING pc=0x00000000024c582a sp=0x000000002ac7d9c8 mode 2
Event: 154.878 Thread 0x000000001b15d800 Uncommon trap: trap_request=0xffffff65 fr.pc=0x00000000039290ec
Event: 154.878 Thread 0x000000001b15d800 DEOPT PACKING pc=0x00000000039290ec sp=0x000000002ac7d920
Event: 154.878 Thread 0x000000001b15d800 DEOPT UNPACKING pc=0x00000000024c582a sp=0x000000002ac7d8a0 mode 2
Event: 154.958 Thread 0x000000001b15d800 DEOPT PACKING pc=0x00000000040dd5e0 sp=0x000000002ac7d9b0
Event: 154.958 Thread 0x000000001b15d800 DEOPT UNPACKING pc=0x00000000024c787f sp=0x000000002ac7d6f0 mode 0
Event: 154.961 Thread 0x000000001b15d800 DEOPT PACKING pc=0x00000000040dd5e0 sp=0x000000002ac7d9b0
Event: 154.961 Thread 0x000000001b15d800 DEOPT UNPACKING pc=0x00000000024c787f sp=0x000000002ac7d6f0 mode 0
Event: 155.223 Thread 0x000000001b15d800 DEOPT PACKING pc=0x00000000048c0f7d sp=0x000000002ac7dd00
Event: 155.223 Thread 0x000000001b15d800 DEOPT UNPACKING pc=0x00000000024c787f sp=0x000000002ac7da30 mode 0


Dynamic libraries:
0x00007ff636db0000 - 0x00007ff636de7000 	C:\Program Files\Java\jdk1.8.0_121\bin\java.exe
0x00007ffda9f10000 - 0x00007ffdaa106000 	C:\WINDOWS\SYSTEM32\ntdll.dll
0x00007ffda84f0000 - 0x00007ffda85ad000 	C:\WINDOWS\System32\KERNEL32.DLL
0x00007ffda7ab0000 - 0x00007ffda7d79000 	C:\WINDOWS\System32\KERNELBASE.dll
0x00007ffda7fa0000 - 0x00007ffda804c000 	C:\WINDOWS\System32\ADVAPI32.dll
0x00007ffda9a90000 - 0x00007ffda9b2e000 	C:\WINDOWS\System32\msvcrt.dll
0x00007ffda8b30000 - 0x00007ffda8bcc000 	C:\WINDOWS\System32\sechost.dll
0x00007ffda9d10000 - 0x00007ffda9e3b000 	C:\WINDOWS\System32\RPCRT4.dll
0x00007ffda8350000 - 0x00007ffda84f0000 	C:\WINDOWS\System32\USER32.dll
0x00007ffda7f40000 - 0x00007ffda7f62000 	C:\WINDOWS\System32\win32u.dll
0x00007ffda7f70000 - 0x00007ffda7f9a000 	C:\WINDOWS\System32\GDI32.dll
0x00007ffda7d80000 - 0x00007ffda7e8b000 	C:\WINDOWS\System32\gdi32full.dll
0x00007ffda7a10000 - 0x00007ffda7aad000 	C:\WINDOWS\System32\msvcp_win.dll
0x00007ffda7910000 - 0x00007ffda7a10000 	C:\WINDOWS\System32\ucrtbase.dll
0x00007ffda6910000 - 0x00007ffda6bab000 	C:\WINDOWS\WinSxS\amd64_microsoft.windows.common-controls_6595b64144ccf1df_6.0.19041.746_none_ca02b4b61b8320a4\COMCTL32.dll
0x00007ffda9110000 - 0x00007ffda9140000 	C:\WINDOWS\System32\IMM32.DLL
0x0000000064570000 - 0x0000000064642000 	C:\Program Files\Java\jdk1.8.0_121\jre\bin\msvcr100.dll
0x0000000063cd0000 - 0x000000006456b000 	C:\Program Files\Java\jdk1.8.0_121\jre\bin\server\jvm.dll
0x00007ffda80b0000 - 0x00007ffda80b8000 	C:\WINDOWS\System32\PSAPI.DLL
0x00007ffd93e20000 - 0x00007ffd93e29000 	C:\WINDOWS\SYSTEM32\WSOCK32.dll
0x00007ffda8fb0000 - 0x00007ffda901b000 	C:\WINDOWS\System32\WS2_32.dll
0x00007ffd97e70000 - 0x00007ffd97e97000 	C:\WINDOWS\SYSTEM32\WINMM.dll
0x00007ffda0520000 - 0x00007ffda052a000 	C:\WINDOWS\SYSTEM32\VERSION.dll
0x0000000063cc0000 - 0x0000000063ccf000 	C:\Program Files\Java\jdk1.8.0_121\jre\bin\verify.dll
0x0000000063c90000 - 0x0000000063cb9000 	C:\Program Files\Java\jdk1.8.0_121\jre\bin\java.dll
0x0000000063c70000 - 0x0000000063c86000 	C:\Program Files\Java\jdk1.8.0_121\jre\bin\zip.dll
0x00007ffda9140000 - 0x00007ffda9882000 	C:\WINDOWS\System32\SHELL32.dll
0x00007ffda5150000 - 0x00007ffda58e0000 	C:\WINDOWS\SYSTEM32\windows.storage.dll
0x00007ffda8c50000 - 0x00007ffda8fa6000 	C:\WINDOWS\System32\combase.dll
0x00007ffda6c00000 - 0x00007ffda6c2c000 	C:\WINDOWS\SYSTEM32\Wldp.dll
0x00007ffda85b0000 - 0x00007ffda865e000 	C:\WINDOWS\System32\SHCORE.dll
0x00007ffda8050000 - 0x00007ffda80a5000 	C:\WINDOWS\System32\shlwapi.dll
0x00007ffda7580000 - 0x00007ffda75a6000 	C:\WINDOWS\SYSTEM32\profapi.dll
0x0000000063c50000 - 0x0000000063c6a000 	C:\Program Files\Java\jdk1.8.0_121\jre\bin\net.dll
0x00007ffda6700000 - 0x00007ffda676a000 	C:\WINDOWS\system32\mswsock.dll
0x0000000063c30000 - 0x0000000063c41000 	C:\Program Files\Java\jdk1.8.0_121\jre\bin\nio.dll
0x00007ffda0fe0000 - 0x00007ffda1007000 	C:\Users\Gracane Muhate\.gradle\native\f6784746aeab05261644944871eae4fe03e0ef1612fff0a4a95f87b438bc6780\windows-amd64\native-platform.dll
0x0000000063c20000 - 0x0000000063c2d000 	C:\Program Files\Java\jdk1.8.0_121\jre\bin\management.dll
0x00007ffda7300000 - 0x00007ffda7318000 	C:\WINDOWS\SYSTEM32\CRYPTSP.dll
0x00007ffda60a0000 - 0x00007ffda60d4000 	C:\WINDOWS\system32\rsaenh.dll
0x00007ffda77b0000 - 0x00007ffda77d7000 	C:\WINDOWS\System32\bcrypt.dll
0x00007ffda7540000 - 0x00007ffda756e000 	C:\WINDOWS\SYSTEM32\USERENV.dll
0x00007ffda7830000 - 0x00007ffda78b0000 	C:\WINDOWS\System32\bcryptprimitives.dll
0x00007ffda68d0000 - 0x00007ffda68dc000 	C:\WINDOWS\SYSTEM32\CRYPTBASE.dll
0x00007ffda63d0000 - 0x00007ffda640b000 	C:\WINDOWS\SYSTEM32\IPHLPAPI.DLL
0x00007ffda80c0000 - 0x00007ffda80c8000 	C:\WINDOWS\System32\NSI.dll
0x00007ffd9dce0000 - 0x00007ffd9dcf7000 	C:\WINDOWS\SYSTEM32\dhcpcsvc6.DLL
0x00007ffd9dcc0000 - 0x00007ffd9dcdd000 	C:\WINDOWS\SYSTEM32\dhcpcsvc.DLL
0x00007ffda6410000 - 0x00007ffda64db000 	C:\WINDOWS\SYSTEM32\DNSAPI.dll
0x00007ffd9de90000 - 0x00007ffd9de9b000 	C:\WINDOWS\SYSTEM32\WINNSI.DLL

VM Arguments:
jvm_args: -Xmx2048m -Dfile.encoding=UTF-8 -Duser.country=US -Duser.language=en -Duser.variant 
java_command: org.gradle.launcher.daemon.bootstrap.GradleDaemon 6.5
java_class_path (initial): C:\Users\Gracane Muhate\.gradle\wrapper\dists\gradle-6.5-bin\6nifqtx7604sqp1q6g8wikw7p\gradle-6.5\lib\gradle-launcher-6.5.jar
Launcher Type: SUN_STANDARD

Environment Variables:
JAVA_HOME=C:\Program Files\Java\jdk1.8.0_121
PATH=C:\Program Files (x86)\Common Files\Oracle\Java\javapath;C:\ProgramData\Oracle\Java\javapath;C:\Windows\system32;C:\Windows;C:\Windows\System32\Wbem;C:\Windows\System32\WindowsPowerShell\v1.0\;C:\Windows\System32\OpenSSH\;C:\Program Files (x86)\NVIDIA Corporation\PhysX\Common;C:\Program Files\Java\jdk1.8.0_121\bin;C:\Program Files\Intel\WiFi\bin\;C:\Program Files\Common Files\Intel\WirelessCommon\;C:\Program Files\Microsoft SQL Server\130\Tools\Binn\;C:\Program Files\Microsoft SQL Server\Client SDK\ODBC\170\Tools\Binn\;C:\Program Files (x86)\Microsoft SQL Server\150\Tools\Binn\;C:\Program Files\Microsoft SQL Server\150\Tools\Binn\;C:\Program Files\Microsoft SQL Server\150\DTS\Binn\;C:\Program Files (x86)\Microsoft SQL Server\150\DTS\Binn\;C:\Program Files (x86)\Microsoft SQL Server\110\DTS\Binn\;C:\Program Files (x86)\Microsoft SQL Server\120\DTS\Binn\;C:\Program Files (x86)\Microsoft SQL Server\130\DTS\Binn\;C:\Program Files (x86)\Microsoft SQL Server\140\DTS\Binn\;C:\Program Files\PuTTY\;C:\WINDOWS\system32;C:\WINDOWS;C:\WINDOWS\System32\Wbem;C:\WINDOWS\System32\WindowsPowerShell\v1.0\;C:\WINDOWS\System32\OpenSSH\;C:\Program Files\dotnet\;C:\Program Files\nodejs\;C:\Program Files (x86)\Microsoft Visual Studio\Shared\Python37_64\;C:\Users\Gracane Muhate\AppData\Roaming\Python\Python37\Scripts;C:\Program Files (x86)\dotnet\;C:\Program Files\MySQL\MySQL Shell 8.0\bin\;C:\Users\Gracane Muhate\AppData\Local\Microsoft\WindowsApps;C:\Program Files\Intel\WiFi\bin\;C:\Program Files\Common Files\Intel\WirelessCommon\;C:\Users\Gracane Muhate\.dotnet\tools;C:\Users\Gracane Muhate\AppData\Local\Programs\Microsoft VS Code\bin;C:\Users\Gracane Muhate\AppData\Roaming\npm;C:\Program Files (x86)\Microsoft Visual Studio\Shared\Python37_64\;D:\xamppnew\php;
USERNAME=Gracane Muhate
OS=Windows_NT
PROCESSOR_IDENTIFIER=Intel64 Family 6 Model 69 Stepping 1, GenuineIntel



---------------  S Y S T E M  ---------------

OS: Windows 10.0 , 64 bit Build 19041 (10.0.19041.782)

CPU:total 4 (2 cores per cpu, 2 threads per core) family 6 model 69 stepping 1, cmov, cx8, fxsr, mmx, sse, sse2, sse3, ssse3, sse4.1, sse4.2, popcnt, avx, avx2, aes, clmul, erms, lzcnt, ht, tsc, tscinvbit, bmi1, bmi2

Memory: 4k page, physical 16673356k(4801508k free), swap 19674700k(2876k free)

vm_info: Java HotSpot(TM) 64-Bit Server VM (25.121-b13) for windows-amd64 JRE (1.8.0_121-b13), built on Dec 12 2016 18:21:36 by "java_re" with MS VC++ 10.0 (VS2010)

time: Sat Jan 30 08:24:38 2021
elapsed time: 155 seconds (0d 0h 2m 35s)

