#
# There is insufficient memory for the Java Runtime Environment to continue.
# Native memory allocation (malloc) failed to allocate 1560336 bytes for Chunk::new
# Possible reasons:
#   The system is out of physical RAM or swap space
#   In 32 bit mode, the process size limit was hit
# Possible solutions:
#   Reduce memory load on the system
#   Increase physical memory or swap space
#   Check if swap backing store is full
#   Use 64 bit Java on a 64 bit OS
#   Decrease Java heap size (-Xmx/-Xms)
#   Decrease number of Java threads
#   Decrease Java thread stack sizes (-Xss)
#   Set larger code cache with -XX:ReservedCodeCacheSize=
# This output file may be truncated or incomplete.
#
#  Out of Memory Error (allocation.cpp:390), pid=4824, tid=0x0000000000000f24
#
# JRE version: Java(TM) SE Runtime Environment (8.0_121-b13) (build 1.8.0_121-b13)
# Java VM: Java HotSpot(TM) 64-Bit Server VM (25.121-b13 mixed mode windows-amd64 compressed oops)
# Failed to write core dump. Minidumps are not enabled by default on client versions of Windows
#

---------------  T H R E A D  ---------------

Current thread (0x0000000017342800):  JavaThread "C2 CompilerThread1" daemon [_thread_in_native, id=3876, stack(0x0000000018a90000,0x0000000018b90000)]

Stack: [0x0000000018a90000,0x0000000018b90000]
[error occurred during error reporting (printing stack bounds), id 0xc0000005]

Native frames: (J=compiled Java code, j=interpreted, Vv=VM code, C=native code)


Current CompileTask:
C2:  16565 5043       4       sun.reflect.generics.parser.SignatureParser::parsePackageNameAndSimpleClassTypeSignature (139 bytes)


---------------  P R O C E S S  ---------------

Java Threads: ( => current thread )
  0x000000001de38800 JavaThread "pool-1-thread-1" [_thread_blocked, id=11200, stack(0x0000000029170000,0x0000000029270000)]
  0x000000001de37000 JavaThread "Cache worker for Build Output Cleanup Cache (D:\MUHATE\Projects\ADM\Agroponto\Synecoculture Android\.gradle\buildOutputCleanup)" [_thread_blocked, id=16988, stack(0x0000000029070000,0x0000000029170000)]
  0x000000001de36800 JavaThread "jar transforms Thread 94" [_thread_blocked, id=7392, stack(0x0000000028d70000,0x0000000028e70000)]
  0x000000001de32800 JavaThread "jar transforms Thread 93" [_thread_blocked, id=13708, stack(0x0000000028c70000,0x0000000028d70000)]
  0x000000001de38000 JavaThread "jar transforms Thread 92" [_thread_blocked, id=20548, stack(0x0000000028b70000,0x0000000028c70000)]
  0x000000001de34000 JavaThread "jar transforms Thread 91" [_thread_blocked, id=1624, stack(0x0000000028a70000,0x0000000028b70000)]
  0x000000001de2a000 JavaThread "jar transforms Thread 90" [_thread_blocked, id=9260, stack(0x0000000028970000,0x0000000028a70000)]
  0x000000001de31000 JavaThread "jar transforms Thread 89" [_thread_blocked, id=19220, stack(0x0000000028870000,0x0000000028970000)]
  0x000000001de29800 JavaThread "jar transforms Thread 88" [_thread_blocked, id=18764, stack(0x0000000028770000,0x0000000028870000)]
  0x000000001de2c800 JavaThread "jar transforms Thread 87" [_thread_blocked, id=12972, stack(0x0000000028670000,0x0000000028770000)]
  0x000000001de2d800 JavaThread "jar transforms Thread 86" [_thread_blocked, id=10400, stack(0x0000000028570000,0x0000000028670000)]
  0x000000001de2f800 JavaThread "jar transforms Thread 85" [_thread_blocked, id=4128, stack(0x0000000028470000,0x0000000028570000)]
  0x000000001de2b800 JavaThread "jar transforms Thread 84" [_thread_blocked, id=11844, stack(0x0000000028370000,0x0000000028470000)]
  0x000000001de2f000 JavaThread "jar transforms Thread 83" [_thread_blocked, id=15728, stack(0x0000000028270000,0x0000000028370000)]
  0x000000001de2b000 JavaThread "jar transforms Thread 82" [_thread_blocked, id=864, stack(0x0000000028170000,0x0000000028270000)]
  0x000000001de30800 JavaThread "jar transforms Thread 81" [_thread_blocked, id=10180, stack(0x0000000028070000,0x0000000028170000)]
  0x000000001de2e000 JavaThread "jar transforms Thread 80" [_thread_blocked, id=20888, stack(0x0000000027f70000,0x0000000028070000)]
  0x000000001b81d000 JavaThread "jar transforms Thread 79" [_thread_blocked, id=16328, stack(0x0000000027e70000,0x0000000027f70000)]
  0x000000001b81c800 JavaThread "jar transforms Thread 78" [_thread_blocked, id=2044, stack(0x0000000027d70000,0x0000000027e70000)]
  0x000000001b818800 JavaThread "jar transforms Thread 77" [_thread_blocked, id=13052, stack(0x0000000027c70000,0x0000000027d70000)]
  0x000000001b81b800 JavaThread "jar transforms Thread 76" [_thread_blocked, id=18408, stack(0x0000000027b70000,0x0000000027c70000)]
  0x000000001b81a000 JavaThread "jar transforms Thread 75" [_thread_blocked, id=14248, stack(0x0000000027a70000,0x0000000027b70000)]
  0x000000001b819800 JavaThread "jar transforms Thread 74" [_thread_blocked, id=22424, stack(0x0000000027970000,0x0000000027a70000)]
  0x000000001b81b000 JavaThread "jar transforms Thread 73" [_thread_blocked, id=12476, stack(0x0000000027870000,0x0000000027970000)]
  0x000000001b818000 JavaThread "jar transforms Thread 72" [_thread_blocked, id=9544, stack(0x0000000027770000,0x0000000027870000)]
  0x000000001b810800 JavaThread "jar transforms Thread 71" [_thread_blocked, id=15692, stack(0x0000000027670000,0x0000000027770000)]
  0x000000001b817000 JavaThread "jar transforms Thread 70" [_thread_blocked, id=11500, stack(0x0000000027570000,0x0000000027670000)]
  0x000000001b814000 JavaThread "jar transforms Thread 69" [_thread_blocked, id=9504, stack(0x0000000027470000,0x0000000027570000)]
  0x000000001b812800 JavaThread "jar transforms Thread 68" [_thread_blocked, id=19884, stack(0x0000000027370000,0x0000000027470000)]
  0x000000001b811000 JavaThread "jar transforms Thread 67" [_thread_blocked, id=18968, stack(0x0000000027270000,0x0000000027370000)]
  0x000000001b812000 JavaThread "jar transforms Thread 66" [_thread_blocked, id=4620, stack(0x0000000027170000,0x0000000027270000)]
  0x000000001b816800 JavaThread "jar transforms Thread 65" [_thread_blocked, id=19516, stack(0x0000000027070000,0x0000000027170000)]
  0x000000001b80f800 JavaThread "jar transforms Thread 64" [_thread_blocked, id=21596, stack(0x0000000026f70000,0x0000000027070000)]
  0x000000001b80f000 JavaThread "jar transforms Thread 63" [_thread_blocked, id=9092, stack(0x0000000026e70000,0x0000000026f70000)]
  0x000000001b815800 JavaThread "jar transforms Thread 62" [_thread_blocked, id=22400, stack(0x0000000026d70000,0x0000000026e70000)]
  0x000000001b815000 JavaThread "jar transforms Thread 61" [_thread_blocked, id=18148, stack(0x0000000026c70000,0x0000000026d70000)]
  0x000000001b80e000 JavaThread "jar transforms Thread 60" [_thread_blocked, id=124, stack(0x0000000026b70000,0x0000000026c70000)]
  0x000000001b813800 JavaThread "jar transforms Thread 59" [_thread_blocked, id=17032, stack(0x0000000026a70000,0x0000000026b70000)]
  0x000000001d58f800 JavaThread "jar transforms Thread 58" [_thread_blocked, id=7692, stack(0x0000000026970000,0x0000000026a70000)]
  0x000000001d58e800 JavaThread "jar transforms Thread 57" [_thread_blocked, id=17480, stack(0x0000000026870000,0x0000000026970000)]
  0x000000001d591800 JavaThread "jar transforms Thread 56" [_thread_blocked, id=3564, stack(0x0000000026770000,0x0000000026870000)]
  0x000000001d591000 JavaThread "jar transforms Thread 55" [_thread_blocked, id=5868, stack(0x0000000026670000,0x0000000026770000)]
  0x000000001d58e000 JavaThread "jar transforms Thread 54" [_thread_blocked, id=13696, stack(0x0000000026570000,0x0000000026670000)]
  0x000000001d594800 JavaThread "jar transforms Thread 53" [_thread_blocked, id=13768, stack(0x0000000026470000,0x0000000026570000)]
  0x000000001d594000 JavaThread "jar transforms Thread 52" [_thread_blocked, id=18016, stack(0x0000000026370000,0x0000000026470000)]
  0x000000001d593000 JavaThread "jar transforms Thread 51" [_thread_blocked, id=19660, stack(0x0000000026270000,0x0000000026370000)]
  0x000000001d592800 JavaThread "jar transforms Thread 50" [_thread_blocked, id=19740, stack(0x0000000026170000,0x0000000026270000)]
  0x000000001d590000 JavaThread "jar transforms Thread 49" [_thread_blocked, id=22116, stack(0x0000000026070000,0x0000000026170000)]
  0x000000001d586800 JavaThread "jar transforms Thread 48" [_thread_blocked, id=18152, stack(0x0000000025f70000,0x0000000026070000)]
  0x000000001d58d000 JavaThread "jar transforms Thread 47" [_thread_blocked, id=16804, stack(0x0000000025e70000,0x0000000025f70000)]
  0x000000001d585800 JavaThread "jar transforms Thread 46" [_thread_blocked, id=3536, stack(0x0000000025d70000,0x0000000025e70000)]
  0x000000001d58c800 JavaThread "jar transforms Thread 45" [_thread_blocked, id=18348, stack(0x0000000025c70000,0x0000000025d70000)]
  0x000000001d587000 JavaThread "jar transforms Thread 44" [_thread_blocked, id=20680, stack(0x0000000025b70000,0x0000000025c70000)]
  0x000000001d588000 JavaThread "jar transforms Thread 43" [_thread_blocked, id=10892, stack(0x0000000025a70000,0x0000000025b70000)]
  0x000000001d58b000 JavaThread "jar transforms Thread 42" [_thread_blocked, id=5064, stack(0x0000000025970000,0x0000000025a70000)]
  0x000000001d58b800 JavaThread "jar transforms Thread 41" [_thread_blocked, id=1560, stack(0x0000000025870000,0x0000000025970000)]
  0x000000001d58a000 JavaThread "jar transforms Thread 40" [_thread_blocked, id=19000, stack(0x0000000025770000,0x0000000025870000)]
  0x000000001d588800 JavaThread "jar transforms Thread 39" [_thread_blocked, id=15140, stack(0x0000000025670000,0x0000000025770000)]
  0x000000001d589800 JavaThread "jar transforms Thread 38" [_thread_blocked, id=17420, stack(0x0000000025570000,0x0000000025670000)]
  0x00000000199e3800 JavaThread "jar transforms Thread 37" [_thread_blocked, id=19240, stack(0x0000000025470000,0x0000000025570000)]
  0x00000000199e9000 JavaThread "jar transforms Thread 36" [_thread_blocked, id=15928, stack(0x0000000025370000,0x0000000025470000)]
  0x00000000199e9800 JavaThread "jar transforms Thread 35" [_thread_blocked, id=17860, stack(0x0000000025270000,0x0000000025370000)]
  0x00000000199e8000 JavaThread "jar transforms Thread 34" [_thread_blocked, id=14848, stack(0x0000000025170000,0x0000000025270000)]
  0x00000000199e6000 JavaThread "jar transforms Thread 33" [_thread_blocked, id=13688, stack(0x0000000025070000,0x0000000025170000)]
  0x00000000199e7800 JavaThread "jar transforms Thread 32" [_thread_blocked, id=15456, stack(0x0000000024f70000,0x0000000025070000)]
  0x00000000199e6800 JavaThread "jar transforms Thread 31" [_thread_blocked, id=22440, stack(0x0000000024e70000,0x0000000024f70000)]
  0x00000000199e5000 JavaThread "jar transforms Thread 30" [_thread_blocked, id=3636, stack(0x0000000024d70000,0x0000000024e70000)]
  0x00000000199e4800 JavaThread "jar transforms Thread 29" [_thread_blocked, id=13608, stack(0x0000000024c70000,0x0000000024d70000)]
  0x00000000199dc000 JavaThread "jar transforms Thread 28" [_thread_blocked, id=14596, stack(0x0000000024b70000,0x0000000024c70000)]
  0x00000000199de800 JavaThread "jar transforms Thread 27" [_thread_blocked, id=14176, stack(0x0000000024a70000,0x0000000024b70000)]
  0x00000000199e3000 JavaThread "jar transforms Thread 26" [_thread_blocked, id=21276, stack(0x0000000024970000,0x0000000024a70000)]
  0x00000000199e2000 JavaThread "jar transforms Thread 25" [_thread_blocked, id=9880, stack(0x0000000024870000,0x0000000024970000)]
  0x00000000199e1800 JavaThread "jar transforms Thread 24" [_thread_blocked, id=17212, stack(0x0000000024770000,0x0000000024870000)]
  0x00000000199e0800 JavaThread "jar transforms Thread 23" [_thread_blocked, id=11684, stack(0x0000000024670000,0x0000000024770000)]
  0x00000000199dd800 JavaThread "jar transforms Thread 22" [_thread_blocked, id=15740, stack(0x0000000024570000,0x0000000024670000)]
  0x00000000199db800 JavaThread "jar transforms Thread 21" [_thread_blocked, id=20408, stack(0x0000000024470000,0x0000000024570000)]
  0x00000000199e0000 JavaThread "jar transforms Thread 20" [_thread_blocked, id=7620, stack(0x0000000024370000,0x0000000024470000)]
  0x00000000199dd000 JavaThread "jar transforms Thread 19" [_thread_blocked, id=4008, stack(0x0000000024270000,0x0000000024370000)]
  0x00000000199df000 JavaThread "jar transforms Thread 18" [_thread_blocked, id=8632, stack(0x0000000024170000,0x0000000024270000)]
  0x00000000199da800 JavaThread "jar transforms Thread 17" [_thread_blocked, id=13872, stack(0x0000000024070000,0x0000000024170000)]
  0x000000001b369000 JavaThread "jar transforms Thread 16" [_thread_blocked, id=18580, stack(0x0000000023f70000,0x0000000024070000)]
  0x000000001b367800 JavaThread "jar transforms Thread 15" [_thread_blocked, id=21132, stack(0x0000000023e70000,0x0000000023f70000)]
  0x000000001b366800 JavaThread "jar transforms Thread 14" [_thread_blocked, id=8920, stack(0x0000000023d70000,0x0000000023e70000)]
  0x000000001b366000 JavaThread "jar transforms Thread 13" [_thread_blocked, id=12300, stack(0x0000000023c70000,0x0000000023d70000)]
  0x000000001b368000 JavaThread "jar transforms Thread 12" [_thread_blocked, id=2908, stack(0x0000000023b70000,0x0000000023c70000)]
  0x000000001b365000 JavaThread "jar transforms Thread 11" [_thread_blocked, id=19832, stack(0x0000000023a70000,0x0000000023b70000)]
  0x000000001b363800 JavaThread "jar transforms Thread 10" [_thread_blocked, id=580, stack(0x0000000023970000,0x0000000023a70000)]
  0x000000001b35d800 JavaThread "jar transforms Thread 9" [_thread_blocked, id=14096, stack(0x0000000023870000,0x0000000023970000)]
  0x000000001b362000 JavaThread "jar transforms Thread 8" [_thread_blocked, id=20740, stack(0x0000000023770000,0x0000000023870000)]
  0x000000001b363000 JavaThread "jar transforms Thread 7" [_thread_blocked, id=9264, stack(0x0000000023670000,0x0000000023770000)]
  0x000000001b364800 JavaThread "jar transforms Thread 6" [_thread_blocked, id=17772, stack(0x0000000023570000,0x0000000023670000)]
  0x000000001b361800 JavaThread "jar transforms Thread 5" [_thread_blocked, id=20672, stack(0x0000000023470000,0x0000000023570000)]
  0x000000001b35a800 JavaThread "jar transforms Thread 4" [_thread_blocked, id=5728, stack(0x0000000023370000,0x0000000023470000)]
  0x000000001b360800 JavaThread "jar transforms Thread 3" [_thread_blocked, id=17124, stack(0x0000000023270000,0x0000000023370000)]
  0x000000001b35f000 JavaThread "jar transforms Thread 2" [_thread_blocked, id=20708, stack(0x0000000023170000,0x0000000023270000)]
  0x000000001b35a000 JavaThread "Build operations Thread 4" [_thread_blocked, id=17924, stack(0x0000000023070000,0x0000000023170000)]
  0x000000001b35d000 JavaThread "Build operations Thread 3" [_thread_blocked, id=4248, stack(0x0000000022f70000,0x0000000023070000)]
  0x000000001b360000 JavaThread "Build operations Thread 2" [_thread_blocked, id=19016, stack(0x0000000022e70000,0x0000000022f70000)]
  0x000000001b35e800 JavaThread "Build operations" [_thread_blocked, id=16572, stack(0x0000000022d70000,0x0000000022e70000)]
  0x000000001ae4b000 JavaThread "Cache worker for file content cache (C:\Users\Gracane Muhate\.gradle\caches\6.5\fileContent)" [_thread_blocked, id=4472, stack(0x00000000216a0000,0x00000000217a0000)]
  0x000000001ae4a800 JavaThread "jar transforms" [_thread_blocked, id=10636, stack(0x00000000215a0000,0x00000000216a0000)]
  0x000000001ae48000 JavaThread "Cache worker for execution history cache (C:\Users\Gracane Muhate\.gradle\caches\6.5\executionHistory)" [_thread_blocked, id=9424, stack(0x0000000020ea0000,0x0000000020fa0000)]
  0x000000001ae49800 JavaThread "Cache worker for cache directory md-rule (C:\Users\Gracane Muhate\.gradle\caches\6.5\md-rule)" [_thread_blocked, id=6056, stack(0x0000000020da0000,0x0000000020ea0000)]
  0x000000001ae4d800 JavaThread "Cache worker for cache directory md-supplier (C:\Users\Gracane Muhate\.gradle\caches\6.5\md-supplier)" [_thread_blocked, id=7248, stack(0x000000001fc50000,0x000000001fd50000)]
  0x000000001ae47800 JavaThread "Cache worker for checksums cache (D:\MUHATE\Projects\ADM\Agroponto\Synecoculture Android\.gradle\checksums)" [_thread_blocked, id=17708, stack(0x000000001f950000,0x000000001fa50000)]
  0x000000001ae4c000 JavaThread "Cache worker for file hash cache (D:\MUHATE\Projects\ADM\Agroponto\Synecoculture Android\.gradle\6.5\fileHashes)" [_thread_blocked, id=22256, stack(0x000000001f850000,0x000000001f950000)]
  0x000000001ae49000 JavaThread "Cache worker for file hash cache (C:\Users\Gracane Muhate\.gradle\caches\6.5\fileHashes)" [_thread_blocked, id=8620, stack(0x000000001e380000,0x000000001e480000)]
  0x000000001ae4e800 JavaThread "File lock request listener" [_thread_in_native, id=13116, stack(0x000000001d1b0000,0x000000001d2b0000)]
  0x000000001ae4c800 JavaThread "Cache worker for journal cache (C:\Users\Gracane Muhate\.gradle\caches\journal-1)" [_thread_blocked, id=11192, stack(0x000000001d0b0000,0x000000001d1b0000)]
  0x000000001adb4800 JavaThread "Thread-9" [_thread_blocked, id=16820, stack(0x000000001cdb0000,0x000000001ceb0000)]
  0x000000001acb4000 JavaThread "Stdin handler" [_thread_blocked, id=12684, stack(0x000000001ccb0000,0x000000001cdb0000)]
  0x000000001ac89800 JavaThread "Asynchronous log dispatcher for DefaultDaemonConnection: socket connection from /127.0.0.1:59447 to /127.0.0.1:59448" [_thread_blocked, id=17764, stack(0x000000001cbb0000,0x000000001ccb0000)]
  0x000000001ac86800 JavaThread "Daemon worker" [_thread_in_vm, id=6048, stack(0x000000001cab0000,0x000000001cbb0000)]
  0x000000001ac01800 JavaThread "Cancel handler" [_thread_blocked, id=15124, stack(0x000000001c9b0000,0x000000001cab0000)]
  0x000000001a9e0800 JavaThread "Handler for socket connection from /127.0.0.1:59447 to /127.0.0.1:59448" [_thread_in_native, id=3056, stack(0x000000001c8b0000,0x000000001c9b0000)]
  0x000000001a9df800 JavaThread "Daemon" [_thread_blocked, id=5536, stack(0x000000001c5b0000,0x000000001c6b0000)]
  0x000000001a9dc000 JavaThread "Daemon periodic checks" [_thread_blocked, id=19472, stack(0x000000001c4b0000,0x000000001c5b0000)]
  0x000000001a9d3000 JavaThread "Incoming local TCP Connector on port 59447" [_thread_in_native, id=8308, stack(0x000000001c270000,0x000000001c370000)]
  0x0000000019b65000 JavaThread "Daemon health stats" [_thread_blocked, id=7772, stack(0x000000001ba30000,0x000000001bb30000)]
  0x0000000018cc8800 JavaThread "Service Thread" daemon [_thread_blocked, id=3700, stack(0x0000000019090000,0x0000000019190000)]
  0x0000000017355800 JavaThread "C1 CompilerThread2" daemon [_thread_blocked, id=20880, stack(0x0000000018b90000,0x0000000018c90000)]
=>0x0000000017342800 JavaThread "C2 CompilerThread1" daemon [_thread_in_native, id=3876, stack(0x0000000018a90000,0x0000000018b90000)]
  0x0000000017340000 JavaThread "C2 CompilerThread0" daemon [_thread_in_native, id=12992, stack(0x0000000018990000,0x0000000018a90000)]
  0x000000001733e000 JavaThread "Attach Listener" daemon [_thread_blocked, id=16840, stack(0x0000000018890000,0x0000000018990000)]
  0x000000001733d800 JavaThread "Signal Dispatcher" daemon [_thread_blocked, id=18984, stack(0x0000000018790000,0x0000000018890000)]
  0x000000001732a800 JavaThread "Finalizer" daemon [_thread_blocked, id=21536, stack(0x0000000018590000,0x0000000018690000)]
  0x0000000002670000 JavaThread "Reference Handler" daemon [_thread_blocked, id=16616, stack(0x0000000018490000,0x0000000018590000)]
  0x000000000271e800 JavaThread "main" [_thread_blocked, id=11456, stack(0x0000000002460000,0x0000000002560000)]

Other Threads:
  0x0000000017308000 VMThread [stack: 0x0000000018390000,0x0000000018490000] [id=18088]
  0x000000001737d000 WatcherThread [stack: 0x0000000019190000,0x0000000019290000] [id=21560]

VM state:not at safepoint (normal execution)

VM Mutex/Monitor currently owned by a thread: None

Heap:
 PSYoungGen      total 202752K, used 56559K [0x00000000d5580000, 0x00000000e4380000, 0x0000000100000000)
  eden space 191488K, 23% used [0x00000000d5580000,0x00000000d81c0cb0,0x00000000e1080000)
  from space 11264K, 99% used [0x00000000e1080000,0x00000000e1b7b330,0x00000000e1b80000)
  to   space 17408K, 0% used [0x00000000e3280000,0x00000000e3280000,0x00000000e4380000)
 ParOldGen       total 138240K, used 27906K [0x0000000080000000, 0x0000000088700000, 0x00000000d5580000)
  object space 138240K, 20% used [0x0000000080000000,0x0000000081b40a88,0x0000000088700000)
 Metaspace       used 55853K, capacity 58062K, committed 58240K, reserved 1099776K
  class space    used 7789K, capacity 8244K, committed 8320K, reserved 1048576K

Card table byte_map: [0x0000000011ae0000,0x0000000011ef0000] byte_map_base: 0x00000000116e0000

Marking Bits: (ParMarkBitMap*) 0x00000000644eb6d0
 Begin Bits: [0x00000000125a0000, 0x00000000145a0000)
 End Bits:   [0x00000000145a0000, 0x00000000165a0000)

Polling page: 0x0000000000b40000

CodeCache: size=245760Kb used=16253Kb max_used=16253Kb free=229506Kb
 bounds [0x0000000002720000, 0x0000000003710000, 0x0000000011720000]
 total_blobs=5514 nmethods=4750 adapters=676
 compilation: enabled

Compilation events (10 events):
Event: 16.537 Thread 0x0000000017355800 5124       3       org.codehaus.groovy.reflection.ClassInfo::createCachedClass (514 bytes)
Event: 16.541 Thread 0x0000000017355800 nmethod 5124 0x0000000003700550 code [0x0000000003700a20, 0x00000000037033e8]
Event: 16.554 Thread 0x0000000017355800 5126       3       sun.reflect.generics.reflectiveObjects.ParameterizedTypeImpl::equals (81 bytes)
Event: 16.555 Thread 0x0000000017355800 nmethod 5126 0x0000000003706510 code [0x0000000003706700, 0x00000000037072e8]
Event: 16.555 Thread 0x0000000017355800 5128       1       groovyjarjarasm.asm.SymbolTable::get (13 bytes)
Event: 16.555 Thread 0x0000000017340000 nmethod 5095 0x0000000003707590 code [0x00000000037077c0, 0x0000000003708160]
Event: 16.555 Thread 0x0000000017340000 5090       4       org.codehaus.groovy.runtime.metaclass.MetaMethodIndex::addMethodToList (298 bytes)
Event: 16.555 Thread 0x0000000017355800 nmethod 5128 0x00000000036f7c10 code [0x00000000036f7d60, 0x00000000036f7eb0]
Event: 16.555 Thread 0x0000000017355800 5127   !   3       org.codehaus.groovy.reflection.CachedClass::makeAccessible (89 bytes)
Event: 16.556 Thread 0x0000000017355800 nmethod 5127 0x00000000036f65d0 code [0x00000000036f6800, 0x00000000036f7488]

GC Heap History (10 events):
Event: 9.498 GC heap before
{Heap before GC invocations=7 (full 1):
 PSYoungGen      total 76288K, used 73812K [0x00000000d5580000, 0x00000000dd880000, 0x0000000100000000)
  eden space 65536K, 100% used [0x00000000d5580000,0x00000000d9580000,0x00000000d9580000)
  from space 10752K, 76% used [0x00000000d9580000,0x00000000d9d95220,0x00000000da000000)
  to   space 11776K, 0% used [0x00000000dcd00000,0x00000000dcd00000,0x00000000dd880000)
 ParOldGen       total 92160K, used 7214K [0x0000000080000000, 0x0000000085a00000, 0x00000000d5580000)
  object space 92160K, 7% used [0x0000000080000000,0x000000008070bb08,0x0000000085a00000)
 Metaspace       used 32842K, capacity 33880K, committed 34048K, reserved 1079296K
  class space    used 4594K, capacity 4846K, committed 4864K, reserved 1048576K
Event: 9.533 GC heap after
Heap after GC invocations=7 (full 1):
 PSYoungGen      total 122368K, used 9126K [0x00000000d5580000, 0x00000000dd900000, 0x0000000100000000)
  eden space 110592K, 0% used [0x00000000d5580000,0x00000000d5580000,0x00000000dc180000)
  from space 11776K, 77% used [0x00000000dcd00000,0x00000000dd5e9868,0x00000000dd880000)
  to   space 11776K, 0% used [0x00000000dc180000,0x00000000dc180000,0x00000000dcd00000)
 ParOldGen       total 92160K, used 7222K [0x0000000080000000, 0x0000000085a00000, 0x00000000d5580000)
  object space 92160K, 7% used [0x0000000080000000,0x000000008070db08,0x0000000085a00000)
 Metaspace       used 32842K, capacity 33880K, committed 34048K, reserved 1079296K
  class space    used 4594K, capacity 4846K, committed 4864K, reserved 1048576K
}
Event: 10.362 GC heap before
{Heap before GC invocations=8 (full 1):
 PSYoungGen      total 122368K, used 39063K [0x00000000d5580000, 0x00000000dd900000, 0x0000000100000000)
  eden space 110592K, 27% used [0x00000000d5580000,0x00000000d72bc3e8,0x00000000dc180000)
  from space 11776K, 77% used [0x00000000dcd00000,0x00000000dd5e9868,0x00000000dd880000)
  to   space 11776K, 0% used [0x00000000dc180000,0x00000000dc180000,0x00000000dcd00000)
 ParOldGen       total 92160K, used 7222K [0x0000000080000000, 0x0000000085a00000, 0x00000000d5580000)
  object space 92160K, 7% used [0x0000000080000000,0x000000008070db08,0x0000000085a00000)
 Metaspace       used 34285K, capacity 35426K, committed 35496K, reserved 1079296K
  class space    used 4831K, capacity 5096K, committed 5120K, reserved 1048576K
Event: 10.410 GC heap after
Heap after GC invocations=8 (full 1):
 PSYoungGen      total 122368K, used 7995K [0x00000000d5580000, 0x00000000e2980000, 0x0000000100000000)
  eden space 110592K, 0% used [0x00000000d5580000,0x00000000d5580000,0x00000000dc180000)
  from space 11776K, 67% used [0x00000000dc180000,0x00000000dc94ec70,0x00000000dcd00000)
  to   space 11264K, 0% used [0x00000000e1e80000,0x00000000e1e80000,0x00000000e2980000)
 ParOldGen       total 92160K, used 7230K [0x0000000080000000, 0x0000000085a00000, 0x00000000d5580000)
  object space 92160K, 7% used [0x0000000080000000,0x000000008070fb08,0x0000000085a00000)
 Metaspace       used 34285K, capacity 35426K, committed 35496K, reserved 1079296K
  class space    used 4831K, capacity 5096K, committed 5120K, reserved 1048576K
}
Event: 10.410 GC heap before
{Heap before GC invocations=9 (full 2):
 PSYoungGen      total 122368K, used 7995K [0x00000000d5580000, 0x00000000e2980000, 0x0000000100000000)
  eden space 110592K, 0% used [0x00000000d5580000,0x00000000d5580000,0x00000000dc180000)
  from space 11776K, 67% used [0x00000000dc180000,0x00000000dc94ec70,0x00000000dcd00000)
  to   space 11264K, 0% used [0x00000000e1e80000,0x00000000e1e80000,0x00000000e2980000)
 ParOldGen       total 92160K, used 7230K [0x0000000080000000, 0x0000000085a00000, 0x00000000d5580000)
  object space 92160K, 7% used [0x0000000080000000,0x000000008070fb08,0x0000000085a00000)
 Metaspace       used 34285K, capacity 35426K, committed 35496K, reserved 1079296K
  class space    used 4831K, capacity 5096K, committed 5120K, reserved 1048576K
Event: 10.576 GC heap after
Heap after GC invocations=9 (full 2):
 PSYoungGen      total 122368K, used 0K [0x00000000d5580000, 0x00000000e2980000, 0x0000000100000000)
  eden space 110592K, 0% used [0x00000000d5580000,0x00000000d5580000,0x00000000dc180000)
  from space 11776K, 0% used [0x00000000dc180000,0x00000000dc180000,0x00000000dcd00000)
  to   space 11264K, 0% used [0x00000000e1e80000,0x00000000e1e80000,0x00000000e2980000)
 ParOldGen       total 138240K, used 14426K [0x0000000080000000, 0x0000000088700000, 0x00000000d5580000)
  object space 138240K, 10% used [0x0000000080000000,0x0000000080e16b38,0x0000000088700000)
 Metaspace       used 34285K, capacity 35426K, committed 35496K, reserved 1079296K
  class space    used 4831K, capacity 5096K, committed 5120K, reserved 1048576K
}
Event: 12.501 GC heap before
{Heap before GC invocations=10 (full 2):
 PSYoungGen      total 122368K, used 110592K [0x00000000d5580000, 0x00000000e2980000, 0x0000000100000000)
  eden space 110592K, 100% used [0x00000000d5580000,0x00000000dc180000,0x00000000dc180000)
  from space 11776K, 0% used [0x00000000dc180000,0x00000000dc180000,0x00000000dcd00000)
  to   space 11264K, 0% used [0x00000000e1e80000,0x00000000e1e80000,0x00000000e2980000)
 ParOldGen       total 138240K, used 14426K [0x0000000080000000, 0x0000000088700000, 0x00000000d5580000)
  object space 138240K, 10% used [0x0000000080000000,0x0000000080e16b38,0x0000000088700000)
 Metaspace       used 38058K, capacity 39672K, committed 39808K, reserved 1083392K
  class space    used 5370K, capacity 5700K, committed 5760K, reserved 1048576K
Event: 12.512 GC heap after
Heap after GC invocations=10 (full 2):
 PSYoungGen      total 172544K, used 7713K [0x00000000d5580000, 0x00000000e2680000, 0x0000000100000000)
  eden space 164352K, 0% used [0x00000000d5580000,0x00000000d5580000,0x00000000df600000)
  from space 8192K, 94% used [0x00000000e1e80000,0x00000000e2608728,0x00000000e2680000)
  to   space 11264K, 0% used [0x00000000e1080000,0x00000000e1080000,0x00000000e1b80000)
 ParOldGen       total 138240K, used 14434K [0x0000000080000000, 0x0000000088700000, 0x00000000d5580000)
  object space 138240K, 10% used [0x0000000080000000,0x0000000080e18b38,0x0000000088700000)
 Metaspace       used 38058K, capacity 39672K, committed 39808K, reserved 1083392K
  class space    used 5370K, capacity 5700K, committed 5760K, reserved 1048576K
}
Event: 15.623 GC heap before
{Heap before GC invocations=11 (full 2):
 PSYoungGen      total 172544K, used 172065K [0x00000000d5580000, 0x00000000e2680000, 0x0000000100000000)
  eden space 164352K, 100% used [0x00000000d5580000,0x00000000df600000,0x00000000df600000)
  from space 8192K, 94% used [0x00000000e1e80000,0x00000000e2608728,0x00000000e2680000)
  to   space 11264K, 0% used [0x00000000e1080000,0x00000000e1080000,0x00000000e1b80000)
 ParOldGen       total 138240K, used 14434K [0x0000000080000000, 0x0000000088700000, 0x00000000d5580000)
  object space 138240K, 10% used [0x0000000080000000,0x0000000080e18b38,0x0000000088700000)
 Metaspace       used 52707K, capacity 54850K, committed 55040K, reserved 1097728K
  class space    used 7216K, capacity 7651K, committed 7680K, reserved 1048576K
Event: 15.657 GC heap after
Heap after GC invocations=11 (full 2):
 PSYoungGen      total 202752K, used 11244K [0x00000000d5580000, 0x00000000e4380000, 0x0000000100000000)
  eden space 191488K, 0% used [0x00000000d5580000,0x00000000d5580000,0x00000000e1080000)
  from space 11264K, 99% used [0x00000000e1080000,0x00000000e1b7b330,0x00000000e1b80000)
  to   space 17408K, 0% used [0x00000000e3280000,0x00000000e3280000,0x00000000e4380000)
 ParOldGen       total 138240K, used 27906K [0x0000000080000000, 0x0000000088700000, 0x00000000d5580000)
  object space 138240K, 20% used [0x0000000080000000,0x0000000081b40a88,0x0000000088700000)
 Metaspace       used 52707K, capacity 54850K, committed 55040K, reserved 1097728K
  class space    used 7216K, capacity 7651K, committed 7680K, reserved 1048576K
}

Deoptimization events (10 events):
Event: 14.778 Thread 0x000000001ac86800 Uncommon trap: reason=unstable_if action=reinterpret pc=0x00000000033aaeb0 method=org.gradle.internal.instantiation.generator.AbstractClassGenerator$InjectionAnnotationValidator.validateMethod(Ljava/lang/reflect/Method;Lorg/gradle/internal/reflect/Propert
Event: 14.778 Thread 0x000000001ac86800 Uncommon trap: reason=unstable_if action=reinterpret pc=0x00000000033b5abc method=org.gradle.internal.instantiation.generator.AbstractClassGenerator$InjectionAnnotationValidator.validateMethod(Ljava/lang/reflect/Method;Lorg/gradle/internal/reflect/Propert
Event: 14.826 Thread 0x000000001ac86800 Uncommon trap: reason=unstable_if action=reinterpret pc=0x000000000330150c method=org.codehaus.groovy.runtime.metaclass.MetaMethodIndex.isNonRealMethod(Lgroovy/lang/MetaMethod;)Z @ 4
Event: 14.827 Thread 0x000000001ac86800 Uncommon trap: reason=unstable_if action=reinterpret pc=0x00000000030ced04 method=groovy.lang.MetaClassImpl$1MOPIter.methodNameAction(Ljava/lang/Class;Lorg/codehaus/groovy/runtime/metaclass/MetaMethodIndex$Entry;)V @ 182
Event: 14.851 Thread 0x000000001ac86800 Uncommon trap: reason=unstable_if action=reinterpret pc=0x0000000002e7e0a8 method=java.util.WeakHashMap.eq(Ljava/lang/Object;Ljava/lang/Object;)Z @ 2
Event: 14.996 Thread 0x000000001ac86800 Uncommon trap: reason=null_check action=make_not_entrant pc=0x000000000282c2dc method=java.lang.Class.searchMethods([Ljava/lang/reflect/Method;Ljava/lang/String;[Ljava/lang/Class;)Ljava/lang/reflect/Method; @ 59
Event: 16.051 Thread 0x000000001ac86800 Uncommon trap: reason=unstable_if action=reinterpret pc=0x00000000029ef940 method=sun.misc.MetaIndex.mayContain(Ljava/lang/String;)Z @ 38
Event: 16.052 Thread 0x000000001ac86800 Uncommon trap: reason=unstable_if action=reinterpret pc=0x00000000030b454c method=java.security.CodeSource.hashCode()I @ 4
Event: 16.494 Thread 0x000000001ac86800 Uncommon trap: reason=unstable_if action=reinterpret pc=0x0000000002b5612c method=java.lang.Class$MethodArray.removeLessSpecifics()V @ 25
Event: 16.498 Thread 0x000000001ac86800 Uncommon trap: reason=unstable_if action=reinterpret pc=0x0000000003590b24 method=org.codehaus.groovy.runtime.metaclass.MetaMethodIndex.addMethodToList(Ljava/lang/Object;Lgroovy/lang/MetaMethod;)Ljava/lang/Object; @ 256

Internal exceptions (10 events):
Event: 16.524 Thread 0x000000001ac86800 Exception <a 'java/lang/ClassNotFoundException': com/google/gms/googleservices/GoogleServicesTask_DecoratedBeanInfo> (0x00000000d7c58bd8) thrown at [C:\re\workspace\8-2-build-windows-amd64-cygwin\jdk8u121\8372\hotspot\src\share\vm\classfile\systemDictiona
Event: 16.525 Thread 0x000000001ac86800 Exception <a 'java/lang/ClassNotFoundException': com/google/gms/googleservices/GoogleServicesTaskBeanInfo> (0x00000000d7c75a50) thrown at [C:\re\workspace\8-2-build-windows-amd64-cygwin\jdk8u121\8372\hotspot\src\share\vm\classfile\systemDictionary.cpp, li
Event: 16.525 Thread 0x000000001ac86800 Exception <a 'java/lang/ClassNotFoundException': com/google/gms/googleservices/GoogleServicesTaskCustomizer> (0x00000000d7c92908) thrown at [C:\re\workspace\8-2-build-windows-amd64-cygwin\jdk8u121\8372\hotspot\src\share\vm\classfile\systemDictionary.cpp, 
Event: 16.527 Thread 0x000000001ac86800 Exception <a 'java/lang/ClassNotFoundException': com/google/gms/googleservices/GoogleServicesTask_DecoratedCustomizer> (0x00000000d7ccbcd8) thrown at [C:\re\workspace\8-2-build-windows-amd64-cygwin\jdk8u121\8372\hotspot\src\share\vm\classfile\systemDictio
Event: 16.539 Thread 0x000000001ac86800 Exception <a 'java/lang/ClassNotFoundException': org/gradle/api/internal/provider/DefaultPropertyBeanInfo> (0x00000000d7d95470) thrown at [C:\re\workspace\8-2-build-windows-amd64-cygwin\jdk8u121\8372\hotspot\src\share\vm\classfile\systemDictionary.cpp, li
Event: 16.542 Thread 0x000000001ac86800 Exception <a 'java/lang/ClassNotFoundException': org/gradle/api/internal/provider/AbstractPropertyBeanInfo> (0x00000000d7db10a0) thrown at [C:\re\workspace\8-2-build-windows-amd64-cygwin\jdk8u121\8372\hotspot\src\share\vm\classfile\systemDictionary.cpp, l
Event: 16.543 Thread 0x000000001ac86800 Exception <a 'java/lang/ClassNotFoundException': org/gradle/api/internal/provider/AbstractMinimalProviderBeanInfo> (0x00000000d7dcf068) thrown at [C:\re\workspace\8-2-build-windows-amd64-cygwin\jdk8u121\8372\hotspot\src\share\vm\classfile\systemDictionary
Event: 16.544 Thread 0x000000001ac86800 Exception <a 'java/lang/ClassNotFoundException': org/gradle/api/internal/provider/AbstractMinimalProviderCustomizer> (0x00000000d7ded078) thrown at [C:\re\workspace\8-2-build-windows-amd64-cygwin\jdk8u121\8372\hotspot\src\share\vm\classfile\systemDictiona
Event: 16.550 Thread 0x000000001ac86800 Exception <a 'java/lang/ClassNotFoundException': org/gradle/api/internal/provider/AbstractPropertyCustomizer> (0x00000000d7e53cb8) thrown at [C:\re\workspace\8-2-build-windows-amd64-cygwin\jdk8u121\8372\hotspot\src\share\vm\classfile\systemDictionary.cpp,
Event: 16.552 Thread 0x000000001ac86800 Exception <a 'java/lang/ClassNotFoundException': org/gradle/api/internal/provider/DefaultPropertyCustomizer> (0x00000000d7e7ffe8) thrown at [C:\re\workspace\8-2-build-windows-amd64-cygwin\jdk8u121\8372\hotspot\src\share\vm\classfile\systemDictionary.cpp, 

Events (10 events):
Event: 16.552 loading class org/gradle/api/internal/provider/DefaultPropertyCustomizer
Event: 16.552 loading class org/gradle/api/internal/provider/DefaultPropertyCustomizer done
Event: 16.557 loading class org/codehaus/groovy/runtime/dgm$588
Event: 16.557 loading class org/codehaus/groovy/runtime/dgm$588 done
Event: 16.558 loading class org/codehaus/groovy/runtime/dgm$589
Event: 16.558 loading class org/codehaus/groovy/runtime/dgm$589 done
Event: 16.559 loading class org/codehaus/groovy/runtime/callsite/PogoMetaMethodSite$PogoMetaMethodSiteNoUnwrapNoCoerce
Event: 16.559 loading class org/codehaus/groovy/runtime/callsite/PogoMetaMethodSite$PogoMetaMethodSiteNoUnwrapNoCoerce done
Event: 16.560 loading class groovy/runtime/metaclass/java/util/Collections$SingletonListMetaClass
Event: 16.560 loading class groovy/runtime/metaclass/java/util/Collections$SingletonListMetaClass done


Dynamic libraries:
0x00007ff636db0000 - 0x00007ff636de7000 	C:\Program Files\Java\jdk1.8.0_121\bin\java.exe
0x00007ffda9f10000 - 0x00007ffdaa106000 	C:\WINDOWS\SYSTEM32\ntdll.dll
0x00007ffda26c0000 - 0x00007ffda26d2000 	C:\Program Files\AVAST Software\Avast\aswhook.dll
0x00007ffda84f0000 - 0x00007ffda85ad000 	C:\WINDOWS\System32\KERNEL32.DLL
0x00007ffda7ab0000 - 0x00007ffda7d79000 	C:\WINDOWS\System32\KERNELBASE.dll
0x00007ffda7fa0000 - 0x00007ffda804c000 	C:\WINDOWS\System32\ADVAPI32.dll
0x00007ffda9a90000 - 0x00007ffda9b2e000 	C:\WINDOWS\System32\msvcrt.dll
0x00007ffda8b30000 - 0x00007ffda8bcc000 	C:\WINDOWS\System32\sechost.dll
0x00007ffda9d10000 - 0x00007ffda9e3b000 	C:\WINDOWS\System32\RPCRT4.dll
0x00007ffda8350000 - 0x00007ffda84f0000 	C:\WINDOWS\System32\USER32.dll
0x00007ffda7f40000 - 0x00007ffda7f62000 	C:\WINDOWS\System32\win32u.dll
0x00007ffda7f70000 - 0x00007ffda7f9a000 	C:\WINDOWS\System32\GDI32.dll
0x00007ffda7d80000 - 0x00007ffda7e8b000 	C:\WINDOWS\System32\gdi32full.dll
0x00007ffda7a10000 - 0x00007ffda7aad000 	C:\WINDOWS\System32\msvcp_win.dll
0x00007ffda7910000 - 0x00007ffda7a10000 	C:\WINDOWS\System32\ucrtbase.dll
0x00007ffda6910000 - 0x00007ffda6bab000 	C:\WINDOWS\WinSxS\amd64_microsoft.windows.common-controls_6595b64144ccf1df_6.0.19041.746_none_ca02b4b61b8320a4\COMCTL32.dll
0x00007ffda9110000 - 0x00007ffda9140000 	C:\WINDOWS\System32\IMM32.DLL
0x0000000064570000 - 0x0000000064642000 	C:\Program Files\Java\jdk1.8.0_121\jre\bin\msvcr100.dll
0x0000000063cd0000 - 0x000000006456b000 	C:\Program Files\Java\jdk1.8.0_121\jre\bin\server\jvm.dll
0x00007ffda80b0000 - 0x00007ffda80b8000 	C:\WINDOWS\System32\PSAPI.DLL
0x00007ffd93e20000 - 0x00007ffd93e29000 	C:\WINDOWS\SYSTEM32\WSOCK32.dll
0x00007ffda8fb0000 - 0x00007ffda901b000 	C:\WINDOWS\System32\WS2_32.dll
0x00007ffd97e70000 - 0x00007ffd97e97000 	C:\WINDOWS\SYSTEM32\WINMM.dll
0x00007ffda0520000 - 0x00007ffda052a000 	C:\WINDOWS\SYSTEM32\VERSION.dll
0x0000000063cc0000 - 0x0000000063ccf000 	C:\Program Files\Java\jdk1.8.0_121\jre\bin\verify.dll
0x0000000063c90000 - 0x0000000063cb9000 	C:\Program Files\Java\jdk1.8.0_121\jre\bin\java.dll
0x0000000063c70000 - 0x0000000063c86000 	C:\Program Files\Java\jdk1.8.0_121\jre\bin\zip.dll
0x00007ffda9140000 - 0x00007ffda9882000 	C:\WINDOWS\System32\SHELL32.dll
0x00007ffda5150000 - 0x00007ffda58e0000 	C:\WINDOWS\SYSTEM32\windows.storage.dll
0x00007ffda8c50000 - 0x00007ffda8fa6000 	C:\WINDOWS\System32\combase.dll
0x00007ffda6c00000 - 0x00007ffda6c2c000 	C:\WINDOWS\SYSTEM32\Wldp.dll
0x00007ffda85b0000 - 0x00007ffda865e000 	C:\WINDOWS\System32\SHCORE.dll
0x00007ffda8050000 - 0x00007ffda80a5000 	C:\WINDOWS\System32\shlwapi.dll
0x00007ffda7580000 - 0x00007ffda75a6000 	C:\WINDOWS\SYSTEM32\profapi.dll
0x0000000063c50000 - 0x0000000063c6a000 	C:\Program Files\Java\jdk1.8.0_121\jre\bin\net.dll
0x00007ffda6700000 - 0x00007ffda676a000 	C:\WINDOWS\system32\mswsock.dll
0x0000000063c30000 - 0x0000000063c41000 	C:\Program Files\Java\jdk1.8.0_121\jre\bin\nio.dll
0x00007ffda0e20000 - 0x00007ffda0e47000 	C:\Users\Gracane Muhate\.gradle\native\f6784746aeab05261644944871eae4fe03e0ef1612fff0a4a95f87b438bc6780\windows-amd64\native-platform.dll
0x0000000063c20000 - 0x0000000063c2d000 	C:\Program Files\Java\jdk1.8.0_121\jre\bin\management.dll
0x00007ffda7300000 - 0x00007ffda7318000 	C:\WINDOWS\SYSTEM32\CRYPTSP.dll
0x00007ffda60a0000 - 0x00007ffda60d4000 	C:\WINDOWS\system32\rsaenh.dll
0x00007ffda77b0000 - 0x00007ffda77d7000 	C:\WINDOWS\System32\bcrypt.dll
0x00007ffda7540000 - 0x00007ffda756e000 	C:\WINDOWS\SYSTEM32\USERENV.dll
0x00007ffda7830000 - 0x00007ffda78b0000 	C:\WINDOWS\System32\bcryptprimitives.dll
0x00007ffda68d0000 - 0x00007ffda68dc000 	C:\WINDOWS\SYSTEM32\CRYPTBASE.dll
0x00007ffda63d0000 - 0x00007ffda640b000 	C:\WINDOWS\SYSTEM32\IPHLPAPI.DLL
0x00007ffda80c0000 - 0x00007ffda80c8000 	C:\WINDOWS\System32\NSI.dll
0x00007ffd9dce0000 - 0x00007ffd9dcf7000 	C:\WINDOWS\SYSTEM32\dhcpcsvc6.DLL
0x00007ffd9dcc0000 - 0x00007ffd9dcdd000 	C:\WINDOWS\SYSTEM32\dhcpcsvc.DLL
0x00007ffda6410000 - 0x00007ffda64db000 	C:\WINDOWS\SYSTEM32\DNSAPI.dll
0x00007ffd9de90000 - 0x00007ffd9de9b000 	C:\WINDOWS\SYSTEM32\WINNSI.DLL

VM Arguments:
jvm_args: -Xmx2048m -Dfile.encoding=UTF-8 -Duser.country=US -Duser.language=en -Duser.variant 
java_command: org.gradle.launcher.daemon.bootstrap.GradleDaemon 6.5
java_class_path (initial): C:\Users\Gracane Muhate\.gradle\wrapper\dists\gradle-6.5-bin\6nifqtx7604sqp1q6g8wikw7p\gradle-6.5\lib\gradle-launcher-6.5.jar
Launcher Type: SUN_STANDARD

Environment Variables:
JAVA_HOME=C:\Program Files\Java\jdk1.8.0_121
PATH=C:\Program Files (x86)\Common Files\Oracle\Java\javapath;C:\ProgramData\Oracle\Java\javapath;C:\Windows\system32;C:\Windows;C:\Windows\System32\Wbem;C:\Windows\System32\WindowsPowerShell\v1.0\;C:\Windows\System32\OpenSSH\;C:\Program Files (x86)\NVIDIA Corporation\PhysX\Common;C:\Program Files\Java\jdk1.8.0_121\bin;C:\Program Files\Intel\WiFi\bin\;C:\Program Files\Common Files\Intel\WirelessCommon\;C:\Program Files\Microsoft SQL Server\130\Tools\Binn\;C:\Program Files\Microsoft SQL Server\Client SDK\ODBC\170\Tools\Binn\;C:\Program Files (x86)\Microsoft SQL Server\150\Tools\Binn\;C:\Program Files\Microsoft SQL Server\150\Tools\Binn\;C:\Program Files\Microsoft SQL Server\150\DTS\Binn\;C:\Program Files (x86)\Microsoft SQL Server\150\DTS\Binn\;C:\Program Files (x86)\Microsoft SQL Server\110\DTS\Binn\;C:\Program Files (x86)\Microsoft SQL Server\120\DTS\Binn\;C:\Program Files (x86)\Microsoft SQL Server\130\DTS\Binn\;C:\Program Files (x86)\Microsoft SQL Server\140\DTS\Binn\;C:\Program Files\PuTTY\;C:\WINDOWS\system32;C:\WINDOWS;C:\WINDOWS\System32\Wbem;C:\WINDOWS\System32\WindowsPowerShell\v1.0\;C:\WINDOWS\System32\OpenSSH\;C:\Program Files\dotnet\;C:\Program Files\nodejs\;C:\Program Files (x86)\Microsoft Visual Studio\Shared\Python37_64\;C:\Users\Gracane Muhate\AppData\Roaming\Python\Python37\Scripts;C:\Program Files (x86)\dotnet\;C:\Program Files\MySQL\MySQL Shell 8.0\bin\;C:\Users\Gracane Muhate\AppData\Local\Microsoft\WindowsApps;C:\Program Files\Intel\WiFi\bin\;C:\Program Files\Common Files\Intel\WirelessCommon\;C:\Users\Gracane Muhate\.dotnet\tools;C:\Users\Gracane Muhate\AppData\Local\Programs\Microsoft VS Code\bin;C:\Users\Gracane Muhate\AppData\Roaming\npm;C:\Program Files (x86)\Microsoft Visual Studio\Shared\Python37_64\;D:\xamppnew\php;
USERNAME=Gracane Muhate
OS=Windows_NT
PROCESSOR_IDENTIFIER=Intel64 Family 6 Model 69 Stepping 1, GenuineIntel



---------------  S Y S T E M  ---------------

OS: Windows 10.0 , 64 bit Build 19041 (10.0.19041.782)

CPU:total 4 (2 cores per cpu, 2 threads per core) family 6 model 69 stepping 1, cmov, cx8, fxsr, mmx, sse, sse2, sse3, ssse3, sse4.1, sse4.2, popcnt, avx, avx2, aes, clmul, erms, lzcnt, ht, tsc, tscinvbit, bmi1, bmi2

Memory: 4k page, physical 16673356k(4661264k free), swap 19674700k(4992k free)

vm_info: Java HotSpot(TM) 64-Bit Server VM (25.121-b13) for windows-amd64 JRE (1.8.0_121-b13), built on Dec 12 2016 18:21:36 by "java_re" with MS VC++ 10.0 (VS2010)

time: Sat Jan 30 08:35:07 2021
elapsed time: 16 seconds (0d 0h 0m 16s)

