#
# There is insufficient memory for the Java Runtime Environment to continue.
# Native memory allocation (malloc) failed to allocate 1563648 bytes for Chunk::new
# Possible reasons:
#   The system is out of physical RAM or swap space
#   In 32 bit mode, the process size limit was hit
# Possible solutions:
#   Reduce memory load on the system
#   Increase physical memory or swap space
#   Check if swap backing store is full
#   Use 64 bit Java on a 64 bit OS
#   Decrease Java heap size (-Xmx/-Xms)
#   Decrease number of Java threads
#   Decrease Java thread stack sizes (-Xss)
#   Set larger code cache with -XX:ReservedCodeCacheSize=
# This output file may be truncated or incomplete.
#
#  Out of Memory Error (allocation.cpp:390), pid=21876, tid=0x0000000000002c38
#
# JRE version: Java(TM) SE Runtime Environment (8.0_121-b13) (build 1.8.0_121-b13)
# Java VM: Java HotSpot(TM) 64-Bit Server VM (25.121-b13 mixed mode windows-amd64 compressed oops)
# Failed to write core dump. Minidumps are not enabled by default on client versions of Windows
#

---------------  T H R E A D  ---------------

Current thread (0x0000000017e64800):  JavaThread "C2 CompilerThread1" daemon [_thread_in_native, id=11320, stack(0x0000000019570000,0x0000000019670000)]

Stack: [0x0000000019570000,0x0000000019670000]
[error occurred during error reporting (printing stack bounds), id 0xc0000005]

Native frames: (J=compiled Java code, j=interpreted, Vv=VM code, C=native code)


Current CompileTask:
C2:  40202 4762       4       com.sun.beans.TypeResolver::resolve (37 bytes)


---------------  P R O C E S S  ---------------

Java Threads: ( => current thread )
  0x0000000019812800 JavaThread "pool-1-thread-1" [_thread_blocked, id=16800, stack(0x0000000029f80000,0x000000002a080000)]
  0x0000000019817000 JavaThread "Cache worker for Build Output Cleanup Cache (D:\MUHATE\Projects\ADM\Agroponto\Synecoculture Android\.gradle\buildOutputCleanup)" [_thread_blocked, id=10816, stack(0x0000000029c80000,0x0000000029d80000)]
  0x0000000019815800 JavaThread "jar transforms Thread 94" [_thread_blocked, id=22392, stack(0x0000000029980000,0x0000000029a80000)]
  0x0000000019818000 JavaThread "jar transforms Thread 93" [_thread_blocked, id=14144, stack(0x0000000029880000,0x0000000029980000)]
  0x0000000019815000 JavaThread "jar transforms Thread 92" [_thread_blocked, id=9144, stack(0x0000000029780000,0x0000000029880000)]
  0x0000000019813800 JavaThread "jar transforms Thread 91" [_thread_blocked, id=11704, stack(0x0000000029680000,0x0000000029780000)]
  0x000000001980c000 JavaThread "jar transforms Thread 90" [_thread_blocked, id=22460, stack(0x0000000029580000,0x0000000029680000)]
  0x000000001980b000 JavaThread "jar transforms Thread 89" [_thread_blocked, id=20248, stack(0x0000000029480000,0x0000000029580000)]
  0x0000000019812000 JavaThread "jar transforms Thread 88" [_thread_blocked, id=15748, stack(0x0000000029380000,0x0000000029480000)]
  0x0000000019811000 JavaThread "jar transforms Thread 87" [_thread_blocked, id=7816, stack(0x0000000029280000,0x0000000029380000)]
  0x000000001980f800 JavaThread "jar transforms Thread 86" [_thread_blocked, id=1624, stack(0x0000000029180000,0x0000000029280000)]
  0x0000000019809800 JavaThread "jar transforms Thread 85" [_thread_blocked, id=5696, stack(0x0000000029080000,0x0000000029180000)]
  0x000000001980e000 JavaThread "jar transforms Thread 84" [_thread_blocked, id=10332, stack(0x0000000028f80000,0x0000000029080000)]
  0x000000001980d800 JavaThread "jar transforms Thread 83" [_thread_blocked, id=20484, stack(0x0000000028e80000,0x0000000028f80000)]
  0x000000001980f000 JavaThread "jar transforms Thread 82" [_thread_blocked, id=9500, stack(0x0000000028d80000,0x0000000028e80000)]
  0x000000001980a800 JavaThread "jar transforms Thread 81" [_thread_blocked, id=20244, stack(0x0000000028c80000,0x0000000028d80000)]
  0x0000000019810800 JavaThread "jar transforms Thread 80" [_thread_blocked, id=18724, stack(0x0000000028b80000,0x0000000028c80000)]
  0x000000001980c800 JavaThread "jar transforms Thread 79" [_thread_blocked, id=22140, stack(0x0000000028a80000,0x0000000028b80000)]
  0x000000001aaf6000 JavaThread "jar transforms Thread 78" [_thread_blocked, id=21052, stack(0x0000000028980000,0x0000000028a80000)]
  0x000000001aaf8800 JavaThread "jar transforms Thread 77" [_thread_blocked, id=7196, stack(0x0000000028880000,0x0000000028980000)]
  0x000000001aaf5800 JavaThread "jar transforms Thread 76" [_thread_blocked, id=21588, stack(0x0000000028780000,0x0000000028880000)]
  0x000000001aaf9000 JavaThread "jar transforms Thread 75" [_thread_blocked, id=13252, stack(0x0000000028680000,0x0000000028780000)]
  0x000000001aaf7000 JavaThread "jar transforms Thread 74" [_thread_blocked, id=6008, stack(0x0000000028580000,0x0000000028680000)]
  0x000000001aafc000 JavaThread "jar transforms Thread 73" [_thread_blocked, id=20844, stack(0x0000000028480000,0x0000000028580000)]
  0x000000001aafa800 JavaThread "jar transforms Thread 72" [_thread_blocked, id=22388, stack(0x0000000028380000,0x0000000028480000)]
  0x000000001aafa000 JavaThread "jar transforms Thread 71" [_thread_blocked, id=14936, stack(0x0000000028280000,0x0000000028380000)]
  0x000000001aaf7800 JavaThread "jar transforms Thread 70" [_thread_blocked, id=16036, stack(0x0000000028180000,0x0000000028280000)]
  0x000000001aafb800 JavaThread "jar transforms Thread 69" [_thread_blocked, id=11024, stack(0x0000000028080000,0x0000000028180000)]
  0x000000001aaee000 JavaThread "jar transforms Thread 68" [_thread_blocked, id=19436, stack(0x0000000027f80000,0x0000000028080000)]
  0x000000001aaee800 JavaThread "jar transforms Thread 67" [_thread_blocked, id=20116, stack(0x0000000027e80000,0x0000000027f80000)]
  0x000000001aaf4800 JavaThread "jar transforms Thread 66" [_thread_blocked, id=19472, stack(0x0000000027d80000,0x0000000027e80000)]
  0x000000001aaf2800 JavaThread "jar transforms Thread 65" [_thread_blocked, id=8928, stack(0x0000000027c80000,0x0000000027d80000)]
  0x000000001aaf1800 JavaThread "jar transforms Thread 64" [_thread_blocked, id=15584, stack(0x0000000027b80000,0x0000000027c80000)]
  0x000000001aaf4000 JavaThread "jar transforms Thread 63" [_thread_blocked, id=6572, stack(0x0000000027a80000,0x0000000027b80000)]
  0x000000001aaed000 JavaThread "jar transforms Thread 62" [_thread_blocked, id=8832, stack(0x0000000027980000,0x0000000027a80000)]
  0x000000001aaf0000 JavaThread "jar transforms Thread 61" [_thread_blocked, id=20140, stack(0x0000000027880000,0x0000000027980000)]
  0x000000001aaf1000 JavaThread "jar transforms Thread 60" [_thread_blocked, id=16492, stack(0x0000000027780000,0x0000000027880000)]
  0x000000001aaef800 JavaThread "jar transforms Thread 59" [_thread_blocked, id=22160, stack(0x0000000027680000,0x0000000027780000)]
  0x000000001aaf3000 JavaThread "jar transforms Thread 58" [_thread_blocked, id=12356, stack(0x0000000027580000,0x0000000027680000)]
  0x000000001f288800 JavaThread "jar transforms Thread 57" [_thread_blocked, id=9324, stack(0x0000000027480000,0x0000000027580000)]
  0x000000001f28e000 JavaThread "jar transforms Thread 56" [_thread_blocked, id=13948, stack(0x0000000027380000,0x0000000027480000)]
  0x000000001f28d000 JavaThread "jar transforms Thread 55" [_thread_blocked, id=4620, stack(0x0000000027280000,0x0000000027380000)]
  0x000000001f28f800 JavaThread "jar transforms Thread 54" [_thread_blocked, id=11068, stack(0x0000000027180000,0x0000000027280000)]
  0x000000001f28c800 JavaThread "jar transforms Thread 53" [_thread_blocked, id=172, stack(0x0000000027080000,0x0000000027180000)]
  0x000000001f28e800 JavaThread "jar transforms Thread 52" [_thread_blocked, id=2684, stack(0x0000000026f80000,0x0000000027080000)]
  0x000000001f286800 JavaThread "jar transforms Thread 51" [_thread_blocked, id=21688, stack(0x0000000026e80000,0x0000000026f80000)]
  0x000000001f28b800 JavaThread "jar transforms Thread 50" [_thread_blocked, id=14928, stack(0x0000000026d80000,0x0000000026e80000)]
  0x000000001f284000 JavaThread "jar transforms Thread 49" [_thread_blocked, id=12888, stack(0x0000000026c80000,0x0000000026d80000)]
  0x000000001f28b000 JavaThread "jar transforms Thread 48" [_thread_blocked, id=21324, stack(0x0000000026b80000,0x0000000026c80000)]
  0x000000001f283800 JavaThread "jar transforms Thread 47" [_thread_blocked, id=18516, stack(0x0000000026a80000,0x0000000026b80000)]
  0x000000001f28a000 JavaThread "jar transforms Thread 46" [_thread_blocked, id=18980, stack(0x0000000026980000,0x0000000026a80000)]
  0x000000001f288000 JavaThread "jar transforms Thread 45" [_thread_blocked, id=8380, stack(0x0000000026880000,0x0000000026980000)]
  0x000000001f285800 JavaThread "jar transforms Thread 44" [_thread_blocked, id=20620, stack(0x0000000026780000,0x0000000026880000)]
  0x000000001f289800 JavaThread "jar transforms Thread 43" [_thread_blocked, id=21600, stack(0x0000000026680000,0x0000000026780000)]
  0x000000001f281000 JavaThread "jar transforms Thread 42" [_thread_blocked, id=11608, stack(0x0000000026580000,0x0000000026680000)]
  0x000000001f287000 JavaThread "jar transforms Thread 41" [_thread_blocked, id=21024, stack(0x0000000026480000,0x0000000026580000)]
  0x000000001f280800 JavaThread "jar transforms Thread 40" [_thread_blocked, id=22044, stack(0x0000000026380000,0x0000000026480000)]
  0x000000001f282800 JavaThread "jar transforms Thread 39" [_thread_blocked, id=19196, stack(0x0000000026280000,0x0000000026380000)]
  0x000000001f282000 JavaThread "jar transforms Thread 38" [_thread_blocked, id=6956, stack(0x0000000026180000,0x0000000026280000)]
  0x000000001f285000 JavaThread "jar transforms Thread 37" [_thread_blocked, id=19596, stack(0x0000000026080000,0x0000000026180000)]
  0x000000001edbb800 JavaThread "jar transforms Thread 36" [_thread_blocked, id=21284, stack(0x0000000025f80000,0x0000000026080000)]
  0x000000001edba800 JavaThread "jar transforms Thread 35" [_thread_blocked, id=9896, stack(0x0000000025e80000,0x0000000025f80000)]
  0x000000001edba000 JavaThread "jar transforms Thread 34" [_thread_blocked, id=17704, stack(0x0000000025d80000,0x0000000025e80000)]
  0x000000001edb9000 JavaThread "jar transforms Thread 33" [_thread_blocked, id=232, stack(0x0000000025c80000,0x0000000025d80000)]
  0x000000001edbd000 JavaThread "jar transforms Thread 32" [_thread_blocked, id=10008, stack(0x0000000025b80000,0x0000000025c80000)]
  0x000000001edb8800 JavaThread "jar transforms Thread 31" [_thread_blocked, id=7600, stack(0x0000000025a80000,0x0000000025b80000)]
  0x000000001edbc800 JavaThread "jar transforms Thread 30" [_thread_blocked, id=15308, stack(0x0000000025980000,0x0000000025a80000)]
  0x000000001edb7800 JavaThread "jar transforms Thread 29" [_thread_blocked, id=20920, stack(0x0000000025880000,0x0000000025980000)]
  0x000000001edb0000 JavaThread "jar transforms Thread 28" [_thread_blocked, id=17516, stack(0x0000000025780000,0x0000000025880000)]
  0x000000001edb7000 JavaThread "jar transforms Thread 27" [_thread_blocked, id=13140, stack(0x0000000025680000,0x0000000025780000)]
  0x000000001edaf800 JavaThread "jar transforms Thread 26" [_thread_blocked, id=19672, stack(0x0000000025580000,0x0000000025680000)]
  0x000000001edb6000 JavaThread "jar transforms Thread 25" [_thread_blocked, id=11796, stack(0x0000000025480000,0x0000000025580000)]
  0x000000001edae800 JavaThread "jar transforms Thread 24" [_thread_blocked, id=9548, stack(0x0000000025380000,0x0000000025480000)]
  0x000000001edb5800 JavaThread "jar transforms Thread 23" [_thread_blocked, id=18584, stack(0x0000000025280000,0x0000000025380000)]
  0x000000001edae000 JavaThread "jar transforms Thread 22" [_thread_blocked, id=4496, stack(0x0000000025180000,0x0000000025280000)]
  0x000000001edb1000 JavaThread "jar transforms Thread 21" [_thread_blocked, id=13976, stack(0x0000000025080000,0x0000000025180000)]
  0x000000001edb3000 JavaThread "jar transforms Thread 20" [_thread_blocked, id=6336, stack(0x0000000024f80000,0x0000000025080000)]
  0x000000001edb4800 JavaThread "jar transforms Thread 19" [_thread_blocked, id=12184, stack(0x0000000024e80000,0x0000000024f80000)]
  0x000000001edb1800 JavaThread "jar transforms Thread 18" [_thread_blocked, id=4188, stack(0x0000000024d80000,0x0000000024e80000)]
  0x000000001edb4000 JavaThread "jar transforms Thread 17" [_thread_blocked, id=21236, stack(0x0000000024c80000,0x0000000024d80000)]
  0x000000001edb2800 JavaThread "jar transforms Thread 16" [_thread_blocked, id=20724, stack(0x0000000024b80000,0x0000000024c80000)]
  0x000000001c349800 JavaThread "jar transforms Thread 15" [_thread_blocked, id=15324, stack(0x0000000024a80000,0x0000000024b80000)]
  0x000000001c348800 JavaThread "jar transforms Thread 14" [_thread_blocked, id=4500, stack(0x0000000024980000,0x0000000024a80000)]
  0x000000001c348000 JavaThread "jar transforms Thread 13" [_thread_blocked, id=19172, stack(0x0000000024880000,0x0000000024980000)]
  0x000000001c34c800 JavaThread "jar transforms Thread 12" [_thread_blocked, id=2732, stack(0x0000000024780000,0x0000000024880000)]
  0x000000001c347000 JavaThread "jar transforms Thread 11" [_thread_blocked, id=8536, stack(0x0000000024680000,0x0000000024780000)]
  0x000000001c346800 JavaThread "jar transforms Thread 10" [_thread_blocked, id=16928, stack(0x0000000024580000,0x0000000024680000)]
  0x000000001c34a800 JavaThread "jar transforms Thread 9" [_thread_blocked, id=10732, stack(0x0000000024480000,0x0000000024580000)]
  0x000000001c34c000 JavaThread "jar transforms Thread 8" [_thread_blocked, id=1632, stack(0x0000000024380000,0x0000000024480000)]
  0x000000001c34b000 JavaThread "jar transforms Thread 7" [_thread_blocked, id=18048, stack(0x0000000024280000,0x0000000024380000)]
  0x000000001c33f000 JavaThread "jar transforms Thread 6" [_thread_blocked, id=12248, stack(0x0000000024180000,0x0000000024280000)]
  0x000000001c345800 JavaThread "jar transforms Thread 5" [_thread_blocked, id=15320, stack(0x0000000024080000,0x0000000024180000)]
  0x000000001c33e000 JavaThread "jar transforms Thread 4" [_thread_blocked, id=21680, stack(0x0000000023f80000,0x0000000024080000)]
  0x000000001c345000 JavaThread "jar transforms Thread 3" [_thread_blocked, id=6832, stack(0x0000000023e80000,0x0000000023f80000)]
  0x000000001c33d800 JavaThread "jar transforms Thread 2" [_thread_blocked, id=12136, stack(0x0000000023d80000,0x0000000023e80000)]
  0x000000001c343800 JavaThread "Build operations Thread 4" [_thread_blocked, id=21784, stack(0x0000000023c80000,0x0000000023d80000)]
  0x000000001c340800 JavaThread "Build operations Thread 3" [_thread_blocked, id=21308, stack(0x0000000023b80000,0x0000000023c80000)]
  0x000000001c342800 JavaThread "Build operations Thread 2" [_thread_blocked, id=4288, stack(0x00000000237e0000,0x00000000238e0000)]
  0x000000001c33f800 JavaThread "Build operations" [_thread_blocked, id=18428, stack(0x0000000022190000,0x0000000022290000)]
  0x000000001c341000 JavaThread "Cache worker for file content cache (C:\Users\Gracane Muhate\.gradle\caches\6.5\fileContent)" [_thread_blocked, id=7860, stack(0x0000000022310000,0x0000000022410000)]
  0x000000001b707000 JavaThread "jar transforms" [_thread_blocked, id=20024, stack(0x0000000020a50000,0x0000000020b50000)]
  0x000000001b708800 JavaThread "Cache worker for execution history cache (C:\Users\Gracane Muhate\.gradle\caches\6.5\executionHistory)" [_thread_blocked, id=16692, stack(0x0000000020950000,0x0000000020a50000)]
  0x000000001b70b000 JavaThread "Cache worker for cache directory md-rule (C:\Users\Gracane Muhate\.gradle\caches\6.5\md-rule)" [_thread_blocked, id=620, stack(0x0000000020850000,0x0000000020950000)]
  0x000000001b706800 JavaThread "Cache worker for cache directory md-supplier (C:\Users\Gracane Muhate\.gradle\caches\6.5\md-supplier)" [_thread_blocked, id=21536, stack(0x0000000020750000,0x0000000020850000)]
  0x000000001b709800 JavaThread "Cache worker for checksums cache (D:\MUHATE\Projects\ADM\Agroponto\Synecoculture Android\.gradle\checksums)" [_thread_blocked, id=7244, stack(0x0000000020450000,0x0000000020550000)]
  0x000000001b70b800 JavaThread "Cache worker for file hash cache (D:\MUHATE\Projects\ADM\Agroponto\Synecoculture Android\.gradle\6.5\fileHashes)" [_thread_blocked, id=7460, stack(0x000000001ee60000,0x000000001ef60000)]
  0x000000001b705800 JavaThread "Cache worker for file hash cache (C:\Users\Gracane Muhate\.gradle\caches\6.5\fileHashes)" [_thread_blocked, id=16272, stack(0x000000001ef80000,0x000000001f080000)]
  0x000000001b705000 JavaThread "File lock request listener" [_thread_in_native, id=17428, stack(0x000000001dd90000,0x000000001de90000)]
  0x000000001b70a000 JavaThread "Cache worker for journal cache (C:\Users\Gracane Muhate\.gradle\caches\journal-1)" [_thread_blocked, id=8120, stack(0x000000001db90000,0x000000001dc90000)]
  0x000000001b5f5000 JavaThread "Thread-9" [_thread_blocked, id=14020, stack(0x000000001d890000,0x000000001d990000)]
  0x000000001b693800 JavaThread "Stdin handler" [_thread_blocked, id=3504, stack(0x000000001d790000,0x000000001d890000)]
  0x000000001b692800 JavaThread "Asynchronous log dispatcher for DefaultDaemonConnection: socket connection from /127.0.0.1:49731 to /127.0.0.1:49732" [_thread_blocked, id=8812, stack(0x000000001d690000,0x000000001d790000)]
  0x000000001b61e000 JavaThread "Daemon worker" [_thread_in_native, id=19500, stack(0x000000001d590000,0x000000001d690000)]
  0x000000001b61d800 JavaThread "Cancel handler" [_thread_blocked, id=17088, stack(0x000000001d490000,0x000000001d590000)]
  0x000000001b479000 JavaThread "Handler for socket connection from /127.0.0.1:49731 to /127.0.0.1:49732" [_thread_in_native, id=5968, stack(0x000000001d390000,0x000000001d490000)]
  0x000000001b478800 JavaThread "Daemon" [_thread_blocked, id=13296, stack(0x000000001d090000,0x000000001d190000)]
  0x000000001b562800 JavaThread "Daemon periodic checks" [_thread_blocked, id=17152, stack(0x000000001cf90000,0x000000001d090000)]
  0x000000001b57c000 JavaThread "Incoming local TCP Connector on port 49731" [_thread_in_native, id=19908, stack(0x000000001cd50000,0x000000001ce50000)]
  0x000000001b68b000 JavaThread "Daemon health stats" [_thread_blocked, id=4896, stack(0x000000001c510000,0x000000001c610000)]
  0x0000000019690800 JavaThread "Service Thread" daemon [_thread_blocked, id=14720, stack(0x0000000019b70000,0x0000000019c70000)]
  0x0000000017e6a800 JavaThread "C1 CompilerThread2" daemon [_thread_blocked, id=7240, stack(0x0000000019a70000,0x0000000019b70000)]
=>0x0000000017e64800 JavaThread "C2 CompilerThread1" daemon [_thread_in_native, id=11320, stack(0x0000000019570000,0x0000000019670000)]
  0x0000000017e11000 JavaThread "C2 CompilerThread0" daemon [_thread_blocked, id=13604, stack(0x0000000019470000,0x0000000019570000)]
  0x0000000017e0f000 JavaThread "Attach Listener" daemon [_thread_blocked, id=21700, stack(0x0000000019370000,0x0000000019470000)]
  0x0000000017e0e000 JavaThread "Signal Dispatcher" daemon [_thread_blocked, id=21652, stack(0x0000000019270000,0x0000000019370000)]
  0x0000000017dfa800 JavaThread "Finalizer" daemon [_thread_blocked, id=6140, stack(0x0000000019070000,0x0000000019170000)]
  0x00000000031e0000 JavaThread "Reference Handler" daemon [_thread_blocked, id=20280, stack(0x0000000018f70000,0x0000000019070000)]
  0x0000000002f4e800 JavaThread "main" [_thread_blocked, id=17272, stack(0x0000000002f50000,0x0000000003050000)]

Other Threads:
  0x0000000017dd8000 VMThread [stack: 0x0000000018e70000,0x0000000018f70000] [id=12416]
  0x0000000019697000 WatcherThread [stack: 0x0000000019c70000,0x0000000019d70000] [id=22132]

VM state:not at safepoint (normal execution)

VM Mutex/Monitor currently owned by a thread: None

Heap:
 PSYoungGen      total 169472K, used 162170K [0x00000000d5580000, 0x00000000e2100000, 0x0000000100000000)
  eden space 161280K, 95% used [0x00000000d5580000,0x00000000dec352e8,0x00000000df300000)
  from space 8192K, 95% used [0x00000000e1900000,0x00000000e20a9528,0x00000000e2100000)
  to   space 11264K, 0% used [0x00000000e0b00000,0x00000000e0b00000,0x00000000e1600000)
 ParOldGen       total 138240K, used 14576K [0x0000000080000000, 0x0000000088700000, 0x00000000d5580000)
  object space 138240K, 10% used [0x0000000080000000,0x0000000080e3c198,0x0000000088700000)
 Metaspace       used 51339K, capacity 53390K, committed 53632K, reserved 1095680K
  class space    used 7033K, capacity 7481K, committed 7552K, reserved 1048576K

Card table byte_map: [0x00000000125b0000,0x00000000129c0000] byte_map_base: 0x00000000121b0000

Marking Bits: (ParMarkBitMap*) 0x00000000644eb6d0
 Begin Bits: [0x0000000013070000, 0x0000000015070000)
 End Bits:   [0x0000000015070000, 0x0000000017070000)

Polling page: 0x0000000001360000

CodeCache: size=245760Kb used=15137Kb max_used=15166Kb free=230622Kb
 bounds [0x00000000031f0000, 0x00000000040d0000, 0x00000000121f0000]
 total_blobs=5105 nmethods=4346 adapters=671
 compilation: enabled

Compilation events (10 events):
Event: 39.756 Thread 0x0000000017e6a800 nmethod 4771 0x0000000003383f10 code [0x0000000003384060, 0x0000000003384210]
Event: 39.812 Thread 0x0000000017e6a800 4772       3       java.util.jar.JarVerifier::update (43 bytes)
Event: 39.813 Thread 0x0000000017e6a800 nmethod 4772 0x0000000003485cd0 code [0x0000000003485e60, 0x00000000034861a8]
Event: 39.848 Thread 0x0000000017e11000 nmethod 4738 0x00000000040bf090 code [0x00000000040bf6e0, 0x00000000040c50c0]
Event: 39.848 Thread 0x0000000017e11000 4739       4       java.lang.Class$MethodArray::<init> (38 bytes)
Event: 39.849 Thread 0x0000000017e11000 nmethod 4739 0x0000000003843950 code [0x0000000003843aa0, 0x0000000003843bf8]
Event: 40.005 Thread 0x0000000017e6a800 4774       3       java.lang.String::contains (20 bytes)
Event: 40.006 Thread 0x0000000017e6a800 nmethod 4774 0x00000000040a5090 code [0x00000000040a5220, 0x00000000040a56b8]
Event: 40.006 Thread 0x0000000017e11000 4775       4       com.google.common.base.Equivalence$Equals::doHash (5 bytes)
Event: 40.007 Thread 0x0000000017e11000 nmethod 4775 0x0000000003843650 code [0x00000000038437a0, 0x0000000003843878]

GC Heap History (10 events):
Event: 8.446 GC heap before
{Heap before GC invocations=6 (full 1):
 PSYoungGen      total 76288K, used 65536K [0x00000000d5580000, 0x00000000dea80000, 0x0000000100000000)
  eden space 65536K, 100% used [0x00000000d5580000,0x00000000d9580000,0x00000000d9580000)
  from space 10752K, 0% used [0x00000000da000000,0x00000000da000000,0x00000000daa80000)
  to   space 10752K, 0% used [0x00000000d9580000,0x00000000d9580000,0x00000000da000000)
 ParOldGen       total 91136K, used 7198K [0x0000000080000000, 0x0000000085900000, 0x00000000d5580000)
  object space 91136K, 7% used [0x0000000080000000,0x0000000080707b80,0x0000000085900000)
 Metaspace       used 28612K, capacity 29458K, committed 29696K, reserved 1075200K
  class space    used 4063K, capacity 4283K, committed 4352K, reserved 1048576K
Event: 8.455 GC heap after
Heap after GC invocations=6 (full 1):
 PSYoungGen      total 76288K, used 8195K [0x00000000d5580000, 0x00000000dda00000, 0x0000000100000000)
  eden space 65536K, 0% used [0x00000000d5580000,0x00000000d5580000,0x00000000d9580000)
  from space 10752K, 76% used [0x00000000d9580000,0x00000000d9d80de8,0x00000000da000000)
  to   space 11776K, 0% used [0x00000000dce80000,0x00000000dce80000,0x00000000dda00000)
 ParOldGen       total 91136K, used 7206K [0x0000000080000000, 0x0000000085900000, 0x00000000d5580000)
  object space 91136K, 7% used [0x0000000080000000,0x0000000080709b80,0x0000000085900000)
 Metaspace       used 28612K, capacity 29458K, committed 29696K, reserved 1075200K
  class space    used 4063K, capacity 4283K, committed 4352K, reserved 1048576K
}
Event: 9.999 GC heap before
{Heap before GC invocations=7 (full 1):
 PSYoungGen      total 76288K, used 73731K [0x00000000d5580000, 0x00000000dda00000, 0x0000000100000000)
  eden space 65536K, 100% used [0x00000000d5580000,0x00000000d9580000,0x00000000d9580000)
  from space 10752K, 76% used [0x00000000d9580000,0x00000000d9d80de8,0x00000000da000000)
  to   space 11776K, 0% used [0x00000000dce80000,0x00000000dce80000,0x00000000dda00000)
 ParOldGen       total 91136K, used 7206K [0x0000000080000000, 0x0000000085900000, 0x00000000d5580000)
  object space 91136K, 7% used [0x0000000080000000,0x0000000080709b80,0x0000000085900000)
 Metaspace       used 32826K, capacity 33880K, committed 34048K, reserved 1079296K
  class space    used 4594K, capacity 4846K, committed 4864K, reserved 1048576K
Event: 10.010 GC heap after
Heap after GC invocations=7 (full 1):
 PSYoungGen      total 119808K, used 9126K [0x00000000d5580000, 0x00000000dd800000, 0x0000000100000000)
  eden space 110080K, 0% used [0x00000000d5580000,0x00000000d5580000,0x00000000dc100000)
  from space 9728K, 93% used [0x00000000dce80000,0x00000000dd769868,0x00000000dd800000)
  to   space 11776K, 0% used [0x00000000dc100000,0x00000000dc100000,0x00000000dcc80000)
 ParOldGen       total 91136K, used 7214K [0x0000000080000000, 0x0000000085900000, 0x00000000d5580000)
  object space 91136K, 7% used [0x0000000080000000,0x000000008070bb80,0x0000000085900000)
 Metaspace       used 32826K, capacity 33880K, committed 34048K, reserved 1079296K
  class space    used 4594K, capacity 4846K, committed 4864K, reserved 1048576K
}
Event: 10.828 GC heap before
{Heap before GC invocations=8 (full 1):
 PSYoungGen      total 119808K, used 40829K [0x00000000d5580000, 0x00000000dd800000, 0x0000000100000000)
  eden space 110080K, 28% used [0x00000000d5580000,0x00000000d7475ba0,0x00000000dc100000)
  from space 9728K, 93% used [0x00000000dce80000,0x00000000dd769868,0x00000000dd800000)
  to   space 11776K, 0% used [0x00000000dc100000,0x00000000dc100000,0x00000000dcc80000)
 ParOldGen       total 91136K, used 7214K [0x0000000080000000, 0x0000000085900000, 0x00000000d5580000)
  object space 91136K, 7% used [0x0000000080000000,0x000000008070bb80,0x0000000085900000)
 Metaspace       used 34348K, capacity 35424K, committed 35496K, reserved 1079296K
  class space    used 4840K, capacity 5097K, committed 5120K, reserved 1048576K
Event: 10.849 GC heap after
Heap after GC invocations=8 (full 1):
 PSYoungGen      total 121856K, used 8119K [0x00000000d5580000, 0x00000000e2400000, 0x0000000100000000)
  eden space 110080K, 0% used [0x00000000d5580000,0x00000000d5580000,0x00000000dc100000)
  from space 11776K, 68% used [0x00000000dc100000,0x00000000dc8edfc0,0x00000000dcc80000)
  to   space 11264K, 0% used [0x00000000e1900000,0x00000000e1900000,0x00000000e2400000)
 ParOldGen       total 91136K, used 7222K [0x0000000080000000, 0x0000000085900000, 0x00000000d5580000)
  object space 91136K, 7% used [0x0000000080000000,0x000000008070db80,0x0000000085900000)
 Metaspace       used 34348K, capacity 35424K, committed 35496K, reserved 1079296K
  class space    used 4840K, capacity 5097K, committed 5120K, reserved 1048576K
}
Event: 10.849 GC heap before
{Heap before GC invocations=9 (full 2):
 PSYoungGen      total 121856K, used 8119K [0x00000000d5580000, 0x00000000e2400000, 0x0000000100000000)
  eden space 110080K, 0% used [0x00000000d5580000,0x00000000d5580000,0x00000000dc100000)
  from space 11776K, 68% used [0x00000000dc100000,0x00000000dc8edfc0,0x00000000dcc80000)
  to   space 11264K, 0% used [0x00000000e1900000,0x00000000e1900000,0x00000000e2400000)
 ParOldGen       total 91136K, used 7222K [0x0000000080000000, 0x0000000085900000, 0x00000000d5580000)
  object space 91136K, 7% used [0x0000000080000000,0x000000008070db80,0x0000000085900000)
 Metaspace       used 34348K, capacity 35424K, committed 35496K, reserved 1079296K
  class space    used 4840K, capacity 5097K, committed 5120K, reserved 1048576K
Event: 10.937 GC heap after
Heap after GC invocations=9 (full 2):
 PSYoungGen      total 121856K, used 0K [0x00000000d5580000, 0x00000000e2400000, 0x0000000100000000)
  eden space 110080K, 0% used [0x00000000d5580000,0x00000000d5580000,0x00000000dc100000)
  from space 11776K, 0% used [0x00000000dc100000,0x00000000dc100000,0x00000000dcc80000)
  to   space 11264K, 0% used [0x00000000e1900000,0x00000000e1900000,0x00000000e2400000)
 ParOldGen       total 138240K, used 14568K [0x0000000080000000, 0x0000000088700000, 0x00000000d5580000)
  object space 138240K, 10% used [0x0000000080000000,0x0000000080e3a198,0x0000000088700000)
 Metaspace       used 34348K, capacity 35424K, committed 35496K, reserved 1079296K
  class space    used 4840K, capacity 5097K, committed 5120K, reserved 1048576K
}
Event: 22.902 GC heap before
{Heap before GC invocations=10 (full 2):
 PSYoungGen      total 121856K, used 110080K [0x00000000d5580000, 0x00000000e2400000, 0x0000000100000000)
  eden space 110080K, 100% used [0x00000000d5580000,0x00000000dc100000,0x00000000dc100000)
  from space 11776K, 0% used [0x00000000dc100000,0x00000000dc100000,0x00000000dcc80000)
  to   space 11264K, 0% used [0x00000000e1900000,0x00000000e1900000,0x00000000e2400000)
 ParOldGen       total 138240K, used 14568K [0x0000000080000000, 0x0000000088700000, 0x00000000d5580000)
  object space 138240K, 10% used [0x0000000080000000,0x0000000080e3a198,0x0000000088700000)
 Metaspace       used 38161K, capacity 39820K, committed 40064K, reserved 1083392K
  class space    used 5386K, capacity 5704K, committed 5760K, reserved 1048576K
Event: 22.929 GC heap after
Heap after GC invocations=10 (full 2):
 PSYoungGen      total 169472K, used 7845K [0x00000000d5580000, 0x00000000e2100000, 0x0000000100000000)
  eden space 161280K, 0% used [0x00000000d5580000,0x00000000d5580000,0x00000000df300000)
  from space 8192K, 95% used [0x00000000e1900000,0x00000000e20a9528,0x00000000e2100000)
  to   space 11264K, 0% used [0x00000000e0b00000,0x00000000e0b00000,0x00000000e1600000)
 ParOldGen       total 138240K, used 14576K [0x0000000080000000, 0x0000000088700000, 0x00000000d5580000)
  object space 138240K, 10% used [0x0000000080000000,0x0000000080e3c198,0x0000000088700000)
 Metaspace       used 38161K, capacity 39820K, committed 40064K, reserved 1083392K
  class space    used 5386K, capacity 5704K, committed 5760K, reserved 1048576K
}

Deoptimization events (10 events):
Event: 33.429 Thread 0x000000001b61e000 Uncommon trap: reason=bimorphic action=maybe_recompile pc=0x0000000003d42f28 method=java.util.regex.Pattern$CharProperty.match(Ljava/util/regex/Matcher;ILjava/lang/CharSequence;)Z @ 18
Event: 34.323 Thread 0x000000001b61e000 Uncommon trap: reason=unstable_if action=reinterpret pc=0x0000000003b95718 method=org.gradle.internal.reflect.PropertyAccessorType.of(Ljava/lang/reflect/Method;)Lorg/gradle/internal/reflect/PropertyAccessorType; @ 56
Event: 38.261 Thread 0x000000001b61e000 Uncommon trap: reason=unstable_if action=reinterpret pc=0x0000000003ffbfb4 method=com.sun.org.apache.xerces.internal.impl.XMLEntityScanner.checkBeforeLoad(Lcom/sun/xml/internal/stream/Entity$ScannedEntity;II)I @ 18
Event: 38.830 Thread 0x000000001b61e000 Uncommon trap: reason=unstable_if action=reinterpret pc=0x000000000332def0 method=org.gradle.internal.instantiation.generator.AbstractClassGenerator$InjectionAnnotationValidator.validateMethod(Ljava/lang/reflect/Method;Lorg/gradle/internal/reflect/Propert
Event: 38.830 Thread 0x000000001b61e000 Uncommon trap: reason=unstable_if action=reinterpret pc=0x000000000345d7bc method=org.gradle.internal.instantiation.generator.AbstractClassGenerator$InjectionAnnotationValidator.validateMethod(Ljava/lang/reflect/Method;Lorg/gradle/internal/reflect/Propert
Event: 38.977 Thread 0x000000001b61e000 Uncommon trap: reason=unstable_if action=reinterpret pc=0x0000000003dda678 method=org.codehaus.groovy.runtime.metaclass.MetaMethodIndex.isNonRealMethod(Lgroovy/lang/MetaMethod;)Z @ 4
Event: 38.977 Thread 0x000000001b61e000 Uncommon trap: reason=unstable_if action=reinterpret pc=0x0000000003be9a6c method=groovy.lang.MetaClassImpl$1MOPIter.methodNameAction(Ljava/lang/Class;Lorg/codehaus/groovy/runtime/metaclass/MetaMethodIndex$Entry;)V @ 182
Event: 39.010 Thread 0x000000001b61e000 Uncommon trap: reason=unstable_if action=reinterpret pc=0x0000000003ecc098 method=java.lang.ClassLoader.checkCerts(Ljava/lang/String;Ljava/security/CodeSource;)V @ 29
Event: 39.490 Thread 0x000000001b61e000 Uncommon trap: reason=null_check action=make_not_entrant pc=0x000000000397856c method=java.lang.Class.searchMethods([Ljava/lang/reflect/Method;Ljava/lang/String;[Ljava/lang/Class;)Ljava/lang/reflect/Method; @ 59
Event: 39.626 Thread 0x000000001b61e000 Uncommon trap: reason=class_check action=maybe_recompile pc=0x000000000392e440 method=java.util.WeakHashMap.eq(Ljava/lang/Object;Ljava/lang/Object;)Z @ 7

Internal exceptions (10 events):
Event: 39.698 Thread 0x000000001b61e000 Exception <a 'java/lang/ClassNotFoundException': build_1pgdiulrqyfuna6gxq2drla0y$_run_closure1$_closure4BeanInfo> (0x00000000de58e978) thrown at [C:\re\workspace\8-2-build-windows-amd64-cygwin\jdk8u121\8372\hotspot\src\share\vm\classfile\systemDictionary.
Event: 39.698 Thread 0x000000001b61e000 Exception <a 'java/lang/ClassNotFoundException': build_1pgdiulrqyfuna6gxq2drla0y$_run_closure1$_closure4Customizer> (0x00000000de5a04d8) thrown at [C:\re\workspace\8-2-build-windows-amd64-cygwin\jdk8u121\8372\hotspot\src\share\vm\classfile\systemDictionar
Event: 39.701 Thread 0x000000001b61e000 Exception <a 'java/lang/ClassNotFoundException': build_1pgdiulrqyfuna6gxq2drla0y$_run_closure1BeanInfo> (0x00000000de5d1d20) thrown at [C:\re\workspace\8-2-build-windows-amd64-cygwin\jdk8u121\8372\hotspot\src\share\vm\classfile\systemDictionary.cpp, line 
Event: 39.711 Thread 0x000000001b61e000 Exception <a 'java/lang/ClassNotFoundException': build_1pgdiulrqyfuna6gxq2drla0y$_run_closure1Customizer> (0x00000000de5e2dd8) thrown at [C:\re\workspace\8-2-build-windows-amd64-cygwin\jdk8u121\8372\hotspot\src\share\vm\classfile\systemDictionary.cpp, lin
Event: 39.723 Thread 0x000000001b61e000 Exception <a 'java/lang/ClassNotFoundException': org/gradle/api/JavaVersionBeanInfo> (0x00000000de647298) thrown at [C:\re\workspace\8-2-build-windows-amd64-cygwin\jdk8u121\8372\hotspot\src\share\vm\classfile\systemDictionary.cpp, line 210]
Event: 39.727 Thread 0x000000001b61e000 Exception <a 'java/lang/ClassNotFoundException': org/gradle/api/JavaVersionCustomizer> (0x00000000de674d38) thrown at [C:\re\workspace\8-2-build-windows-amd64-cygwin\jdk8u121\8372\hotspot\src\share\vm\classfile\systemDictionary.cpp, line 210]
Event: 39.731 Thread 0x000000001b61e000 Exception <a 'java/lang/ClassNotFoundException': com/android/build/gradle/internal/CompileOptions_DecoratedBeanInfo> (0x00000000de6daa88) thrown at [C:\re\workspace\8-2-build-windows-amd64-cygwin\jdk8u121\8372\hotspot\src\share\vm\classfile\systemDictiona
Event: 39.732 Thread 0x000000001b61e000 Exception <a 'java/lang/ClassNotFoundException': com/android/build/gradle/internal/CompileOptionsBeanInfo> (0x00000000de6f6388) thrown at [C:\re\workspace\8-2-build-windows-amd64-cygwin\jdk8u121\8372\hotspot\src\share\vm\classfile\systemDictionary.cpp, li
Event: 39.732 Thread 0x000000001b61e000 Exception <a 'java/lang/ClassNotFoundException': com/android/build/gradle/internal/CompileOptionsCustomizer> (0x00000000de711e80) thrown at [C:\re\workspace\8-2-build-windows-amd64-cygwin\jdk8u121\8372\hotspot\src\share\vm\classfile\systemDictionary.cpp, 
Event: 39.734 Thread 0x000000001b61e000 Exception <a 'java/lang/ClassNotFoundException': com/android/build/gradle/internal/CompileOptions_DecoratedCustomizer> (0x00000000de743290) thrown at [C:\re\workspace\8-2-build-windows-amd64-cygwin\jdk8u121\8372\hotspot\src\share\vm\classfile\systemDictio

Events (10 events):
Event: 40.049 loading class com/android/build/gradle/internal/VariantManager
Event: 40.049 loading class com/android/build/gradle/internal/VariantManager done
Event: 40.050 loading class com/android/build/gradle/internal/manifest/LazyManifestParser$manifestData$2
Event: 40.050 loading class com/android/build/gradle/internal/manifest/LazyManifestParser$manifestData$2 done
Event: 40.051 loading class com/android/build/gradle/internal/core/VariantDslInfoImpl
Event: 40.051 loading class com/android/build/gradle/internal/core/VariantDslInfoImpl done
Event: 40.142 loading class com/android/build/gradle/internal/core/VariantDslInfoImpl$Companion
Event: 40.142 loading class com/android/build/gradle/internal/core/VariantDslInfoImpl$Companion done
Event: 40.182 loading class com/android/build/api/component/impl/ComponentIdentityImpl
Event: 40.182 loading class com/android/build/api/component/impl/ComponentIdentityImpl done


Dynamic libraries:
0x00007ff636db0000 - 0x00007ff636de7000 	C:\Program Files\Java\jdk1.8.0_121\bin\java.exe
0x00007ffda9f10000 - 0x00007ffdaa106000 	C:\WINDOWS\SYSTEM32\ntdll.dll
0x00007ffda84f0000 - 0x00007ffda85ad000 	C:\WINDOWS\System32\KERNEL32.DLL
0x00007ffda7ab0000 - 0x00007ffda7d79000 	C:\WINDOWS\System32\KERNELBASE.dll
0x00007ffda7fa0000 - 0x00007ffda804c000 	C:\WINDOWS\System32\ADVAPI32.dll
0x00007ffda9a90000 - 0x00007ffda9b2e000 	C:\WINDOWS\System32\msvcrt.dll
0x00007ffda8b30000 - 0x00007ffda8bcc000 	C:\WINDOWS\System32\sechost.dll
0x00007ffda9d10000 - 0x00007ffda9e3b000 	C:\WINDOWS\System32\RPCRT4.dll
0x00007ffda8350000 - 0x00007ffda84f0000 	C:\WINDOWS\System32\USER32.dll
0x00007ffda7f40000 - 0x00007ffda7f62000 	C:\WINDOWS\System32\win32u.dll
0x00007ffda7f70000 - 0x00007ffda7f9a000 	C:\WINDOWS\System32\GDI32.dll
0x00007ffda7d80000 - 0x00007ffda7e8b000 	C:\WINDOWS\System32\gdi32full.dll
0x00007ffda7a10000 - 0x00007ffda7aad000 	C:\WINDOWS\System32\msvcp_win.dll
0x00007ffda7910000 - 0x00007ffda7a10000 	C:\WINDOWS\System32\ucrtbase.dll
0x00007ffda6910000 - 0x00007ffda6bab000 	C:\WINDOWS\WinSxS\amd64_microsoft.windows.common-controls_6595b64144ccf1df_6.0.19041.746_none_ca02b4b61b8320a4\COMCTL32.dll
0x00007ffda9110000 - 0x00007ffda9140000 	C:\WINDOWS\System32\IMM32.DLL
0x0000000064570000 - 0x0000000064642000 	C:\Program Files\Java\jdk1.8.0_121\jre\bin\msvcr100.dll
0x0000000063cd0000 - 0x000000006456b000 	C:\Program Files\Java\jdk1.8.0_121\jre\bin\server\jvm.dll
0x00007ffda80b0000 - 0x00007ffda80b8000 	C:\WINDOWS\System32\PSAPI.DLL
0x00007ffd93e20000 - 0x00007ffd93e29000 	C:\WINDOWS\SYSTEM32\WSOCK32.dll
0x00007ffda8fb0000 - 0x00007ffda901b000 	C:\WINDOWS\System32\WS2_32.dll
0x00007ffd97e70000 - 0x00007ffd97e97000 	C:\WINDOWS\SYSTEM32\WINMM.dll
0x00007ffda0520000 - 0x00007ffda052a000 	C:\WINDOWS\SYSTEM32\VERSION.dll
0x0000000063cc0000 - 0x0000000063ccf000 	C:\Program Files\Java\jdk1.8.0_121\jre\bin\verify.dll
0x0000000063c90000 - 0x0000000063cb9000 	C:\Program Files\Java\jdk1.8.0_121\jre\bin\java.dll
0x0000000063c70000 - 0x0000000063c86000 	C:\Program Files\Java\jdk1.8.0_121\jre\bin\zip.dll
0x00007ffda9140000 - 0x00007ffda9882000 	C:\WINDOWS\System32\SHELL32.dll
0x00007ffda5150000 - 0x00007ffda58e0000 	C:\WINDOWS\SYSTEM32\windows.storage.dll
0x00007ffda8c50000 - 0x00007ffda8fa6000 	C:\WINDOWS\System32\combase.dll
0x00007ffda6c00000 - 0x00007ffda6c2c000 	C:\WINDOWS\SYSTEM32\Wldp.dll
0x00007ffda85b0000 - 0x00007ffda865e000 	C:\WINDOWS\System32\SHCORE.dll
0x00007ffda8050000 - 0x00007ffda80a5000 	C:\WINDOWS\System32\shlwapi.dll
0x00007ffda7580000 - 0x00007ffda75a6000 	C:\WINDOWS\SYSTEM32\profapi.dll
0x0000000063c50000 - 0x0000000063c6a000 	C:\Program Files\Java\jdk1.8.0_121\jre\bin\net.dll
0x00007ffda6700000 - 0x00007ffda676a000 	C:\WINDOWS\system32\mswsock.dll
0x0000000063c30000 - 0x0000000063c41000 	C:\Program Files\Java\jdk1.8.0_121\jre\bin\nio.dll
0x00007ffda0fe0000 - 0x00007ffda1007000 	C:\Users\Gracane Muhate\.gradle\native\f6784746aeab05261644944871eae4fe03e0ef1612fff0a4a95f87b438bc6780\windows-amd64\native-platform.dll
0x0000000061560000 - 0x000000006156d000 	C:\Program Files\Java\jdk1.8.0_121\jre\bin\management.dll
0x00007ffda7300000 - 0x00007ffda7318000 	C:\WINDOWS\SYSTEM32\CRYPTSP.dll
0x00007ffda60a0000 - 0x00007ffda60d4000 	C:\WINDOWS\system32\rsaenh.dll
0x00007ffda77b0000 - 0x00007ffda77d7000 	C:\WINDOWS\System32\bcrypt.dll
0x00007ffda7540000 - 0x00007ffda756e000 	C:\WINDOWS\SYSTEM32\USERENV.dll
0x00007ffda7830000 - 0x00007ffda78b0000 	C:\WINDOWS\System32\bcryptprimitives.dll
0x00007ffda68d0000 - 0x00007ffda68dc000 	C:\WINDOWS\SYSTEM32\CRYPTBASE.dll
0x00007ffda63d0000 - 0x00007ffda640b000 	C:\WINDOWS\SYSTEM32\IPHLPAPI.DLL
0x00007ffda80c0000 - 0x00007ffda80c8000 	C:\WINDOWS\System32\NSI.dll
0x00007ffd9dce0000 - 0x00007ffd9dcf7000 	C:\WINDOWS\SYSTEM32\dhcpcsvc6.DLL
0x00007ffd9dcc0000 - 0x00007ffd9dcdd000 	C:\WINDOWS\SYSTEM32\dhcpcsvc.DLL
0x00007ffda6410000 - 0x00007ffda64db000 	C:\WINDOWS\SYSTEM32\DNSAPI.dll
0x00007ffd9de90000 - 0x00007ffd9de9b000 	C:\WINDOWS\SYSTEM32\WINNSI.DLL

VM Arguments:
jvm_args: -Xmx2048m -Dfile.encoding=UTF-8 -Duser.country=US -Duser.language=en -Duser.variant 
java_command: org.gradle.launcher.daemon.bootstrap.GradleDaemon 6.5
java_class_path (initial): C:\Users\Gracane Muhate\.gradle\wrapper\dists\gradle-6.5-bin\6nifqtx7604sqp1q6g8wikw7p\gradle-6.5\lib\gradle-launcher-6.5.jar
Launcher Type: SUN_STANDARD

Environment Variables:
JAVA_HOME=C:\Program Files\Java\jdk1.8.0_121
PATH=C:\Program Files (x86)\Common Files\Oracle\Java\javapath;C:\ProgramData\Oracle\Java\javapath;C:\Windows\system32;C:\Windows;C:\Windows\System32\Wbem;C:\Windows\System32\WindowsPowerShell\v1.0\;C:\Windows\System32\OpenSSH\;C:\Program Files (x86)\NVIDIA Corporation\PhysX\Common;C:\Program Files\Java\jdk1.8.0_121\bin;C:\Program Files\Intel\WiFi\bin\;C:\Program Files\Common Files\Intel\WirelessCommon\;C:\Program Files\Microsoft SQL Server\130\Tools\Binn\;C:\Program Files\Microsoft SQL Server\Client SDK\ODBC\170\Tools\Binn\;C:\Program Files (x86)\Microsoft SQL Server\150\Tools\Binn\;C:\Program Files\Microsoft SQL Server\150\Tools\Binn\;C:\Program Files\Microsoft SQL Server\150\DTS\Binn\;C:\Program Files (x86)\Microsoft SQL Server\150\DTS\Binn\;C:\Program Files (x86)\Microsoft SQL Server\110\DTS\Binn\;C:\Program Files (x86)\Microsoft SQL Server\120\DTS\Binn\;C:\Program Files (x86)\Microsoft SQL Server\130\DTS\Binn\;C:\Program Files (x86)\Microsoft SQL Server\140\DTS\Binn\;C:\Program Files\PuTTY\;C:\WINDOWS\system32;C:\WINDOWS;C:\WINDOWS\System32\Wbem;C:\WINDOWS\System32\WindowsPowerShell\v1.0\;C:\WINDOWS\System32\OpenSSH\;C:\Program Files\dotnet\;C:\Program Files\nodejs\;C:\Program Files (x86)\Microsoft Visual Studio\Shared\Python37_64\;C:\Users\Gracane Muhate\AppData\Roaming\Python\Python37\Scripts;C:\Program Files (x86)\dotnet\;C:\Program Files\MySQL\MySQL Shell 8.0\bin\;C:\Users\Gracane Muhate\AppData\Local\Microsoft\WindowsApps;C:\Program Files\Intel\WiFi\bin\;C:\Program Files\Common Files\Intel\WirelessCommon\;C:\Users\Gracane Muhate\.dotnet\tools;C:\Users\Gracane Muhate\AppData\Local\Programs\Microsoft VS Code\bin;C:\Users\Gracane Muhate\AppData\Roaming\npm;C:\Program Files (x86)\Microsoft Visual Studio\Shared\Python37_64\;D:\xamppnew\php;
USERNAME=Gracane Muhate
OS=Windows_NT
PROCESSOR_IDENTIFIER=Intel64 Family 6 Model 69 Stepping 1, GenuineIntel



---------------  S Y S T E M  ---------------

OS: Windows 10.0 , 64 bit Build 19041 (10.0.19041.782)

CPU:total 4 (2 cores per cpu, 2 threads per core) family 6 model 69 stepping 1, cmov, cx8, fxsr, mmx, sse, sse2, sse3, ssse3, sse4.1, sse4.2, popcnt, avx, avx2, aes, clmul, erms, lzcnt, ht, tsc, tscinvbit, bmi1, bmi2

Memory: 4k page, physical 16673356k(3494988k free), swap 19674700k(4980k free)

vm_info: Java HotSpot(TM) 64-Bit Server VM (25.121-b13) for windows-amd64 JRE (1.8.0_121-b13), built on Dec 12 2016 18:21:36 by "java_re" with MS VC++ 10.0 (VS2010)

time: Sat Jan 30 08:21:27 2021
elapsed time: 40 seconds (0d 0h 0m 40s)

