#
# There is insufficient memory for the Java Runtime Environment to continue.
# Native memory allocation (malloc) failed to allocate 32744 bytes for ChunkPool::allocate
# Possible reasons:
#   The system is out of physical RAM or swap space
#   In 32 bit mode, the process size limit was hit
# Possible solutions:
#   Reduce memory load on the system
#   Increase physical memory or swap space
#   Check if swap backing store is full
#   Use 64 bit Java on a 64 bit OS
#   Decrease Java heap size (-Xmx/-Xms)
#   Decrease number of Java threads
#   Decrease Java thread stack sizes (-Xss)
#   Set larger code cache with -XX:ReservedCodeCacheSize=
# This output file may be truncated or incomplete.
#
#  Out of Memory Error (allocation.cpp:273), pid=3644, tid=0x0000000000004ff4
#
# JRE version: Java(TM) SE Runtime Environment (8.0_121-b13) (build 1.8.0_121-b13)
# Java VM: Java HotSpot(TM) 64-Bit Server VM (25.121-b13 mixed mode windows-amd64 compressed oops)
# Failed to write core dump. Minidumps are not enabled by default on client versions of Windows
#

---------------  T H R E A D  ---------------

Current thread (0x00000000192e5000):  JavaThread "C1 CompilerThread2" daemon [_thread_in_native, id=20468, stack(0x00000000197e0000,0x00000000198e0000)]

Stack: [0x00000000197e0000,0x00000000198e0000]
[error occurred during error reporting (printing stack bounds), id 0xc0000005]

Native frames: (J=compiled Java code, j=interpreted, Vv=VM code, C=native code)


Current CompileTask:
C1:  27489 5170       3       org.gradle.api.internal.project.taskfactory.DefaultTaskClassInfoStore::createTaskAction (215 bytes)


---------------  P R O C E S S  ---------------

Java Threads: ( => current thread )
  0x000000001acd8800 JavaThread "pool-1-thread-1" [_thread_blocked, id=21796, stack(0x0000000029c60000,0x0000000029d60000)]
  0x000000001acd7000 JavaThread "Cache worker for Build Output Cleanup Cache (D:\MUHATE\Projects\ADM\Agroponto\Synecoculture Android\.gradle\buildOutputCleanup)" [_thread_blocked, id=15156, stack(0x0000000029960000,0x0000000029a60000)]
  0x000000001acd0000 JavaThread "jar transforms Thread 94" [_thread_blocked, id=18856, stack(0x0000000029660000,0x0000000029760000)]
  0x000000001acd2800 JavaThread "jar transforms Thread 93" [_thread_blocked, id=22500, stack(0x0000000029560000,0x0000000029660000)]
  0x000000001acd5800 JavaThread "jar transforms Thread 92" [_thread_blocked, id=9772, stack(0x0000000029460000,0x0000000029560000)]
  0x000000001acd5000 JavaThread "jar transforms Thread 91" [_thread_blocked, id=7736, stack(0x0000000029360000,0x0000000029460000)]
  0x000000001acd1000 JavaThread "jar transforms Thread 90" [_thread_blocked, id=8392, stack(0x0000000029260000,0x0000000029360000)]
  0x000000001acd4000 JavaThread "jar transforms Thread 89" [_thread_blocked, id=10264, stack(0x0000000029160000,0x0000000029260000)]
  0x000000001acd3800 JavaThread "jar transforms Thread 88" [_thread_blocked, id=21680, stack(0x0000000029060000,0x0000000029160000)]
  0x000000001acce000 JavaThread "jar transforms Thread 87" [_thread_blocked, id=6372, stack(0x0000000028f60000,0x0000000029060000)]
  0x000000001accc800 JavaThread "jar transforms Thread 86" [_thread_blocked, id=9832, stack(0x0000000028e60000,0x0000000028f60000)]
  0x000000001acce800 JavaThread "jar transforms Thread 85" [_thread_blocked, id=17556, stack(0x0000000028d60000,0x0000000028e60000)]
  0x000000001accb000 JavaThread "jar transforms Thread 84" [_thread_blocked, id=21232, stack(0x0000000028c60000,0x0000000028d60000)]
  0x000000001accd000 JavaThread "jar transforms Thread 83" [_thread_blocked, id=15856, stack(0x0000000028b60000,0x0000000028c60000)]
  0x000000001acc9800 JavaThread "jar transforms Thread 82" [_thread_blocked, id=15584, stack(0x0000000028a60000,0x0000000028b60000)]
  0x000000001accf800 JavaThread "jar transforms Thread 81" [_thread_blocked, id=17284, stack(0x0000000028960000,0x0000000028a60000)]
  0x000000001accb800 JavaThread "jar transforms Thread 80" [_thread_blocked, id=8200, stack(0x0000000028860000,0x0000000028960000)]
  0x000000001acca000 JavaThread "jar transforms Thread 79" [_thread_blocked, id=1140, stack(0x0000000028760000,0x0000000028860000)]
  0x000000001a1ef800 JavaThread "jar transforms Thread 78" [_thread_blocked, id=1724, stack(0x0000000028660000,0x0000000028760000)]
  0x000000001a1ee800 JavaThread "jar transforms Thread 77" [_thread_blocked, id=15812, stack(0x0000000028560000,0x0000000028660000)]
  0x000000001a1ee000 JavaThread "jar transforms Thread 76" [_thread_blocked, id=13084, stack(0x0000000028460000,0x0000000028560000)]
  0x000000001a1ed000 JavaThread "jar transforms Thread 75" [_thread_blocked, id=17796, stack(0x0000000028360000,0x0000000028460000)]
  0x000000001a1ec800 JavaThread "jar transforms Thread 74" [_thread_blocked, id=13388, stack(0x0000000028260000,0x0000000028360000)]
  0x000000001a1e5000 JavaThread "jar transforms Thread 73" [_thread_blocked, id=19612, stack(0x0000000028160000,0x0000000028260000)]
  0x000000001a1e7000 JavaThread "jar transforms Thread 72" [_thread_blocked, id=5540, stack(0x0000000028060000,0x0000000028160000)]
  0x000000001a1eb800 JavaThread "jar transforms Thread 71" [_thread_blocked, id=5404, stack(0x0000000027f60000,0x0000000028060000)]
  0x000000001a1eb000 JavaThread "jar transforms Thread 70" [_thread_blocked, id=4728, stack(0x0000000027e60000,0x0000000027f60000)]
  0x000000001a1ea000 JavaThread "jar transforms Thread 69" [_thread_blocked, id=22176, stack(0x0000000027d60000,0x0000000027e60000)]
  0x000000001a1e6800 JavaThread "jar transforms Thread 68" [_thread_blocked, id=17236, stack(0x0000000027c60000,0x0000000027d60000)]
  0x000000001a1e4000 JavaThread "jar transforms Thread 67" [_thread_blocked, id=22496, stack(0x0000000027b60000,0x0000000027c60000)]
  0x000000001a1e9800 JavaThread "jar transforms Thread 66" [_thread_blocked, id=15452, stack(0x0000000027a60000,0x0000000027b60000)]
  0x000000001a1e8800 JavaThread "jar transforms Thread 65" [_thread_blocked, id=18212, stack(0x0000000027960000,0x0000000027a60000)]
  0x000000001a1e8000 JavaThread "jar transforms Thread 64" [_thread_blocked, id=9632, stack(0x0000000027860000,0x0000000027960000)]
  0x000000001a1e1000 JavaThread "jar transforms Thread 63" [_thread_blocked, id=5728, stack(0x0000000027760000,0x0000000027860000)]
  0x000000001a1e5800 JavaThread "jar transforms Thread 62" [_thread_blocked, id=18672, stack(0x0000000027660000,0x0000000027760000)]
  0x000000001a1e3800 JavaThread "jar transforms Thread 61" [_thread_blocked, id=14416, stack(0x0000000027560000,0x0000000027660000)]
  0x000000001a1e2000 JavaThread "jar transforms Thread 60" [_thread_blocked, id=9356, stack(0x0000000027460000,0x0000000027560000)]
  0x000000001a1e2800 JavaThread "jar transforms Thread 59" [_thread_blocked, id=21976, stack(0x0000000027360000,0x0000000027460000)]
  0x000000001a1e0800 JavaThread "jar transforms Thread 58" [_thread_blocked, id=8944, stack(0x0000000027260000,0x0000000027360000)]
  0x000000001bd4c800 JavaThread "jar transforms Thread 57" [_thread_blocked, id=2548, stack(0x0000000027160000,0x0000000027260000)]
  0x000000001bd4e000 JavaThread "jar transforms Thread 56" [_thread_blocked, id=18932, stack(0x0000000027060000,0x0000000027160000)]
  0x000000001bd4b000 JavaThread "jar transforms Thread 55" [_thread_blocked, id=5692, stack(0x0000000026f60000,0x0000000027060000)]
  0x000000001bd4a000 JavaThread "jar transforms Thread 54" [_thread_blocked, id=2504, stack(0x0000000026e60000,0x0000000026f60000)]
  0x000000001bd49800 JavaThread "jar transforms Thread 53" [_thread_blocked, id=16736, stack(0x0000000026d60000,0x0000000026e60000)]
  0x000000001bd4b800 JavaThread "jar transforms Thread 52" [_thread_blocked, id=21608, stack(0x0000000026c60000,0x0000000026d60000)]
  0x000000001bd4d000 JavaThread "jar transforms Thread 51" [_thread_blocked, id=2052, stack(0x0000000026b60000,0x0000000026c60000)]
  0x000000001bd4e800 JavaThread "jar transforms Thread 50" [_thread_blocked, id=14744, stack(0x0000000026a60000,0x0000000026b60000)]
  0x000000001bd48800 JavaThread "jar transforms Thread 49" [_thread_blocked, id=11352, stack(0x0000000026960000,0x0000000026a60000)]
  0x000000001bd41000 JavaThread "jar transforms Thread 48" [_thread_blocked, id=18144, stack(0x0000000026860000,0x0000000026960000)]
  0x000000001bd48000 JavaThread "jar transforms Thread 47" [_thread_blocked, id=10156, stack(0x0000000026760000,0x0000000026860000)]
  0x000000001bd47000 JavaThread "jar transforms Thread 46" [_thread_blocked, id=13688, stack(0x0000000026660000,0x0000000026760000)]
  0x000000001bd40800 JavaThread "jar transforms Thread 45" [_thread_blocked, id=14808, stack(0x0000000026560000,0x0000000026660000)]
  0x000000001bd44000 JavaThread "jar transforms Thread 44" [_thread_blocked, id=13524, stack(0x0000000026460000,0x0000000026560000)]
  0x000000001bd3f800 JavaThread "jar transforms Thread 43" [_thread_blocked, id=14992, stack(0x0000000026360000,0x0000000026460000)]
  0x000000001bd42800 JavaThread "jar transforms Thread 42" [_thread_blocked, id=12952, stack(0x0000000026260000,0x0000000026360000)]
  0x000000001bd43800 JavaThread "jar transforms Thread 41" [_thread_blocked, id=15972, stack(0x0000000026160000,0x0000000026260000)]
  0x000000001bd46800 JavaThread "jar transforms Thread 40" [_thread_blocked, id=9672, stack(0x0000000026060000,0x0000000026160000)]
  0x000000001bd42000 JavaThread "jar transforms Thread 39" [_thread_blocked, id=960, stack(0x0000000025f60000,0x0000000026060000)]
  0x000000001bd45000 JavaThread "jar transforms Thread 38" [_thread_blocked, id=10176, stack(0x0000000025e60000,0x0000000025f60000)]
  0x000000001bd45800 JavaThread "jar transforms Thread 37" [_thread_blocked, id=10792, stack(0x0000000025d60000,0x0000000025e60000)]
  0x000000001c018000 JavaThread "jar transforms Thread 36" [_thread_blocked, id=22432, stack(0x0000000025c60000,0x0000000025d60000)]
  0x000000001c017800 JavaThread "jar transforms Thread 35" [_thread_blocked, id=11220, stack(0x0000000025b60000,0x0000000025c60000)]
  0x000000001c016800 JavaThread "jar transforms Thread 34" [_thread_blocked, id=21580, stack(0x0000000025a60000,0x0000000025b60000)]
  0x000000001c014800 JavaThread "jar transforms Thread 33" [_thread_blocked, id=22328, stack(0x0000000025960000,0x0000000025a60000)]
  0x000000001c015000 JavaThread "jar transforms Thread 32" [_thread_blocked, id=15868, stack(0x0000000025860000,0x0000000025960000)]
  0x000000001c016000 JavaThread "jar transforms Thread 31" [_thread_blocked, id=6584, stack(0x0000000025760000,0x0000000025860000)]
  0x000000001c00d000 JavaThread "jar transforms Thread 30" [_thread_blocked, id=11708, stack(0x0000000025660000,0x0000000025760000)]
  0x000000001c013000 JavaThread "jar transforms Thread 29" [_thread_blocked, id=7860, stack(0x0000000025560000,0x0000000025660000)]
  0x000000001c013800 JavaThread "jar transforms Thread 28" [_thread_blocked, id=9364, stack(0x0000000025460000,0x0000000025560000)]
  0x000000001c012000 JavaThread "jar transforms Thread 27" [_thread_blocked, id=4160, stack(0x0000000025360000,0x0000000025460000)]
  0x000000001c011800 JavaThread "jar transforms Thread 26" [_thread_blocked, id=18800, stack(0x0000000025260000,0x0000000025360000)]
  0x000000001c009800 JavaThread "jar transforms Thread 25" [_thread_blocked, id=15920, stack(0x0000000025160000,0x0000000025260000)]
  0x000000001c00b800 JavaThread "jar transforms Thread 24" [_thread_blocked, id=17948, stack(0x0000000025060000,0x0000000025160000)]
  0x000000001c00c000 JavaThread "jar transforms Thread 23" [_thread_blocked, id=4908, stack(0x0000000024f60000,0x0000000025060000)]
  0x000000001c010800 JavaThread "jar transforms Thread 22" [_thread_blocked, id=1608, stack(0x0000000024e60000,0x0000000024f60000)]
  0x000000001c009000 JavaThread "jar transforms Thread 21" [_thread_blocked, id=1736, stack(0x0000000024d60000,0x0000000024e60000)]
  0x000000001c010000 JavaThread "jar transforms Thread 20" [_thread_blocked, id=17380, stack(0x0000000024c60000,0x0000000024d60000)]
  0x000000001c00f000 JavaThread "jar transforms Thread 19" [_thread_blocked, id=20476, stack(0x0000000024b60000,0x0000000024c60000)]
  0x000000001c00d800 JavaThread "jar transforms Thread 18" [_thread_blocked, id=16120, stack(0x0000000024a60000,0x0000000024b60000)]
  0x000000001c00e800 JavaThread "jar transforms Thread 17" [_thread_blocked, id=19236, stack(0x0000000024960000,0x0000000024a60000)]
  0x000000001c00a800 JavaThread "jar transforms Thread 16" [_thread_blocked, id=18948, stack(0x0000000024860000,0x0000000024960000)]
  0x000000001f2fc800 JavaThread "jar transforms Thread 15" [_thread_blocked, id=16620, stack(0x0000000024760000,0x0000000024860000)]
  0x000000001f303000 JavaThread "jar transforms Thread 14" [_thread_blocked, id=13416, stack(0x0000000024660000,0x0000000024760000)]
  0x000000001f301000 JavaThread "jar transforms Thread 13" [_thread_blocked, id=20136, stack(0x0000000024560000,0x0000000024660000)]
  0x000000001f2fd000 JavaThread "jar transforms Thread 12" [_thread_blocked, id=19844, stack(0x0000000024460000,0x0000000024560000)]
  0x000000001f302800 JavaThread "jar transforms Thread 11" [_thread_blocked, id=632, stack(0x0000000024360000,0x0000000024460000)]
  0x000000001f2fe000 JavaThread "jar transforms Thread 10" [_thread_blocked, id=6664, stack(0x0000000024260000,0x0000000024360000)]
  0x000000001f300000 JavaThread "jar transforms Thread 9" [_thread_blocked, id=16228, stack(0x0000000024160000,0x0000000024260000)]
  0x000000001f301800 JavaThread "jar transforms Thread 8" [_thread_blocked, id=17008, stack(0x0000000024060000,0x0000000024160000)]
  0x000000001f2fe800 JavaThread "jar transforms Thread 7" [_thread_blocked, id=12476, stack(0x0000000023f60000,0x0000000024060000)]
  0x000000001f2ff800 JavaThread "jar transforms Thread 6" [_thread_blocked, id=13352, stack(0x0000000023e60000,0x0000000023f60000)]
  0x000000001f2f4800 JavaThread "jar transforms Thread 5" [_thread_blocked, id=21876, stack(0x0000000023d60000,0x0000000023e60000)]
  0x000000001f2f7000 JavaThread "jar transforms Thread 4" [_thread_blocked, id=1776, stack(0x0000000023c60000,0x0000000023d60000)]
  0x000000001f2fa000 JavaThread "jar transforms Thread 3" [_thread_blocked, id=22064, stack(0x0000000023b60000,0x0000000023c60000)]
  0x000000001f2f5800 JavaThread "jar transforms Thread 2" [_thread_blocked, id=2356, stack(0x0000000023a60000,0x0000000023b60000)]
  0x000000001f2f9800 JavaThread "Build operations Thread 4" [_thread_blocked, id=8640, stack(0x0000000023960000,0x0000000023a60000)]
  0x000000001f2fb800 JavaThread "Build operations Thread 3" [_thread_blocked, id=14464, stack(0x0000000023860000,0x0000000023960000)]
  0x000000001f2f4000 JavaThread "Build operations Thread 2" [_thread_blocked, id=12888, stack(0x0000000023760000,0x0000000023860000)]
  0x000000001f2f8800 JavaThread "Build operations" [_thread_blocked, id=16156, stack(0x0000000023660000,0x0000000023760000)]
  0x000000001f2f6000 JavaThread "Cache worker for file content cache (C:\Users\Gracane Muhate\.gradle\caches\6.5\fileContent)" [_thread_blocked, id=9516, stack(0x0000000022f60000,0x0000000023060000)]
  0x000000001a115800 JavaThread "jar transforms" [_thread_blocked, id=5196, stack(0x0000000021bf0000,0x0000000021cf0000)]
  0x000000001a115000 JavaThread "Cache worker for execution history cache (C:\Users\Gracane Muhate\.gradle\caches\6.5\executionHistory)" [_thread_blocked, id=580, stack(0x00000000216f0000,0x00000000217f0000)]
  0x000000001a119800 JavaThread "Cache worker for cache directory md-rule (C:\Users\Gracane Muhate\.gradle\caches\6.5\md-rule)" [_thread_blocked, id=14760, stack(0x00000000215f0000,0x00000000216f0000)]
  0x000000001a11a000 JavaThread "Cache worker for cache directory md-supplier (C:\Users\Gracane Muhate\.gradle\caches\6.5\md-supplier)" [_thread_blocked, id=1384, stack(0x00000000204a0000,0x00000000205a0000)]
  0x000000001a118800 JavaThread "Cache worker for checksums cache (D:\MUHATE\Projects\ADM\Agroponto\Synecoculture Android\.gradle\checksums)" [_thread_blocked, id=13916, stack(0x00000000201a0000,0x00000000202a0000)]
  0x000000001a118000 JavaThread "Cache worker for file hash cache (D:\MUHATE\Projects\ADM\Agroponto\Synecoculture Android\.gradle\6.5\fileHashes)" [_thread_blocked, id=21132, stack(0x00000000200a0000,0x00000000201a0000)]
  0x000000001a114000 JavaThread "Cache worker for file hash cache (C:\Users\Gracane Muhate\.gradle\caches\6.5\fileHashes)" [_thread_blocked, id=1248, stack(0x000000001ebd0000,0x000000001ecd0000)]
  0x000000001a117000 JavaThread "File lock request listener" [_thread_in_native, id=3200, stack(0x000000001da00000,0x000000001db00000)]
  0x000000001a11b000 JavaThread "Cache worker for journal cache (C:\Users\Gracane Muhate\.gradle\caches\journal-1)" [_thread_blocked, id=12240, stack(0x000000001d900000,0x000000001da00000)]
  0x000000001b33e800 JavaThread "Thread-9" [_thread_blocked, id=11392, stack(0x000000001d600000,0x000000001d700000)]
  0x0000000019671800 JavaThread "Stdin handler" [_thread_blocked, id=13200, stack(0x000000001d500000,0x000000001d600000)]
  0x0000000019671000 JavaThread "Asynchronous log dispatcher for DefaultDaemonConnection: socket connection from /127.0.0.1:60905 to /127.0.0.1:60906" [_thread_blocked, id=7816, stack(0x000000001d400000,0x000000001d500000)]
  0x00000000193d3000 JavaThread "Daemon worker" [_thread_in_vm, id=17736, stack(0x000000001d300000,0x000000001d400000)]
  0x0000000019678000 JavaThread "Cancel handler" [_thread_blocked, id=22484, stack(0x000000001d200000,0x000000001d300000)]
  0x000000001b312000 JavaThread "Handler for socket connection from /127.0.0.1:60905 to /127.0.0.1:60906" [_thread_in_native, id=17152, stack(0x000000001d100000,0x000000001d200000)]
  0x000000001b311800 JavaThread "Daemon" [_thread_blocked, id=9260, stack(0x000000001ce00000,0x000000001cf00000)]
  0x000000001b2b2800 JavaThread "Daemon periodic checks" [_thread_blocked, id=14852, stack(0x000000001cd00000,0x000000001ce00000)]
  0x000000001b235000 JavaThread "Incoming local TCP Connector on port 60905" [_thread_in_native, id=6328, stack(0x000000001cac0000,0x000000001cbc0000)]
  0x000000001b25e000 JavaThread "Daemon health stats" [_thread_blocked, id=18380, stack(0x000000001c280000,0x000000001c380000)]
  0x00000000192e7800 JavaThread "Service Thread" daemon [_thread_blocked, id=10356, stack(0x00000000198e0000,0x00000000199e0000)]
=>0x00000000192e5000 JavaThread "C1 CompilerThread2" daemon [_thread_in_native, id=20468, stack(0x00000000197e0000,0x00000000198e0000)]
  0x0000000017bba000 JavaThread "C2 CompilerThread1" daemon [_thread_in_native, id=14800, stack(0x00000000196e0000,0x00000000197e0000)]
  0x0000000017b60000 JavaThread "C2 CompilerThread0" daemon [_thread_in_native, id=3172, stack(0x00000000191e0000,0x00000000192e0000)]
  0x0000000017b5e000 JavaThread "Attach Listener" daemon [_thread_blocked, id=21684, stack(0x00000000190e0000,0x00000000191e0000)]
  0x0000000017b5d000 JavaThread "Signal Dispatcher" daemon [_thread_blocked, id=5736, stack(0x0000000018fe0000,0x00000000190e0000)]
  0x0000000017b4a800 JavaThread "Finalizer" daemon [_thread_blocked, id=11304, stack(0x0000000018de0000,0x0000000018ee0000)]
  0x0000000002f30000 JavaThread "Reference Handler" daemon [_thread_blocked, id=10916, stack(0x0000000018ce0000,0x0000000018de0000)]
  0x0000000002e3e800 JavaThread "main" [_thread_blocked, id=17440, stack(0x0000000002c60000,0x0000000002d60000)]

Other Threads:
  0x0000000017b28000 VMThread [stack: 0x0000000018be0000,0x0000000018ce0000] [id=19684]
  0x00000000192f5800 WatcherThread [stack: 0x00000000199e0000,0x0000000019ae0000] [id=16668]

VM state:not at safepoint (normal execution)

VM Mutex/Monitor currently owned by a thread: None

Heap:
 PSYoungGen      total 158720K, used 87375K [0x00000000d5580000, 0x00000000e2180000, 0x0000000100000000)
  eden space 147456K, 51% used [0x00000000d5580000,0x00000000d9fd4a58,0x00000000de580000)
  from space 11264K, 99% used [0x00000000de580000,0x00000000df07f340,0x00000000df080000)
  to   space 16384K, 0% used [0x00000000e1180000,0x00000000e1180000,0x00000000e2180000)
 ParOldGen       total 158720K, used 24972K [0x0000000080000000, 0x0000000089b00000, 0x00000000d5580000)
  object space 158720K, 15% used [0x0000000080000000,0x0000000081863390,0x0000000089b00000)
 Metaspace       used 55775K, capacity 57942K, committed 58240K, reserved 1099776K
  class space    used 7754K, capacity 8201K, committed 8320K, reserved 1048576K

Card table byte_map: [0x0000000012300000,0x0000000012710000] byte_map_base: 0x0000000011f00000

Marking Bits: (ParMarkBitMap*) 0x00000000644eb6d0
 Begin Bits: [0x0000000012dc0000, 0x0000000014dc0000)
 End Bits:   [0x0000000014dc0000, 0x0000000016dc0000)

Polling page: 0x00000000013c0000

CodeCache: size=245760Kb used=16376Kb max_used=16383Kb free=229383Kb
 bounds [0x0000000002f40000, 0x0000000003f50000, 0x0000000011f40000]
 total_blobs=5507 nmethods=4743 adapters=676
 compilation: enabled

Compilation events (10 events):
Event: 27.370 Thread 0x00000000192e5000 nmethod 5165 0x0000000003f42b50 code [0x0000000003f42cc0, 0x0000000003f42ee8]
Event: 27.371 Thread 0x00000000192e5000 5166   !   3       org.gradle.internal.operations.DefaultBuildOperationExecutor::call (38 bytes)
Event: 27.371 Thread 0x00000000192e5000 nmethod 5166 0x0000000003f418d0 code [0x0000000003f41ae0, 0x0000000003f424e8]
Event: 27.372 Thread 0x00000000192e5000 5167       3       org.gradle.internal.operations.DefaultBuildOperationExecutor$CallableBuildOperationWorker::execute (10 bytes)
Event: 27.372 Thread 0x00000000192e5000 nmethod 5167 0x0000000003f41250 code [0x0000000003f413c0, 0x0000000003f41788]
Event: 27.372 Thread 0x00000000192e5000 5168       3       org.gradle.internal.operations.DefaultBuildOperationExecutor$CallableBuildOperationWorker::execute (12 bytes)
Event: 27.372 Thread 0x00000000192e5000 nmethod 5168 0x0000000003f40dd0 code [0x0000000003f40f40, 0x0000000003f41188]
Event: 27.479 Thread 0x00000000192e5000 5169       3       org.gradle.internal.instantiation.generator.AsmBackedClassGenerator$ClassBuilderImpl::addActionMethod (264 bytes)
Event: 27.481 Thread 0x00000000192e5000 nmethod 5169 0x0000000003f3dd10 code [0x0000000003f3e0a0, 0x0000000003f40018]
Event: 27.485 Thread 0x00000000192e5000 5170       3       org.gradle.api.internal.project.taskfactory.DefaultTaskClassInfoStore::createTaskAction (215 bytes)

GC Heap History (10 events):
Event: 14.197 GC heap before
{Heap before GC invocations=7 (full 1):
 PSYoungGen      total 76288K, used 73799K [0x00000000d5580000, 0x00000000dcd80000, 0x0000000100000000)
  eden space 65536K, 100% used [0x00000000d5580000,0x00000000d9580000,0x00000000d9580000)
  from space 10752K, 76% used [0x00000000d9580000,0x00000000d9d91e60,0x00000000da000000)
  to   space 11776K, 0% used [0x00000000dc200000,0x00000000dc200000,0x00000000dcd80000)
 ParOldGen       total 102912K, used 7242K [0x0000000080000000, 0x0000000086480000, 0x00000000d5580000)
  object space 102912K, 7% used [0x0000000080000000,0x0000000080712ab8,0x0000000086480000)
 Metaspace       used 32845K, capacity 33886K, committed 34048K, reserved 1079296K
  class space    used 4593K, capacity 4845K, committed 4864K, reserved 1048576K
Event: 14.221 GC heap after
Heap after GC invocations=7 (full 1):
 PSYoungGen      total 107008K, used 9174K [0x00000000d5580000, 0x00000000dcb80000, 0x0000000100000000)
  eden space 97280K, 0% used [0x00000000d5580000,0x00000000d5580000,0x00000000db480000)
  from space 9728K, 94% used [0x00000000dc200000,0x00000000dcaf5b80,0x00000000dcb80000)
  to   space 11776K, 0% used [0x00000000db480000,0x00000000db480000,0x00000000dc000000)
 ParOldGen       total 102912K, used 7250K [0x0000000080000000, 0x0000000086480000, 0x00000000d5580000)
  object space 102912K, 7% used [0x0000000080000000,0x0000000080714ab8,0x0000000086480000)
 Metaspace       used 32845K, capacity 33886K, committed 34048K, reserved 1079296K
  class space    used 4593K, capacity 4845K, committed 4864K, reserved 1048576K
}
Event: 15.209 GC heap before
{Heap before GC invocations=8 (full 1):
 PSYoungGen      total 107008K, used 39414K [0x00000000d5580000, 0x00000000dcb80000, 0x0000000100000000)
  eden space 97280K, 31% used [0x00000000d5580000,0x00000000d7307c90,0x00000000db480000)
  from space 9728K, 94% used [0x00000000dc200000,0x00000000dcaf5b80,0x00000000dcb80000)
  to   space 11776K, 0% used [0x00000000db480000,0x00000000db480000,0x00000000dc000000)
 ParOldGen       total 102912K, used 7250K [0x0000000080000000, 0x0000000086480000, 0x00000000d5580000)
  object space 102912K, 7% used [0x0000000080000000,0x0000000080714ab8,0x0000000086480000)
 Metaspace       used 34318K, capacity 35438K, committed 35496K, reserved 1079296K
  class space    used 4837K, capacity 5096K, committed 5120K, reserved 1048576K
Event: 15.252 GC heap after
Heap after GC invocations=8 (full 1):
 PSYoungGen      total 109056K, used 8029K [0x00000000d5580000, 0x00000000dff80000, 0x0000000100000000)
  eden space 97280K, 0% used [0x00000000d5580000,0x00000000d5580000,0x00000000db480000)
  from space 11776K, 68% used [0x00000000db480000,0x00000000dbc57778,0x00000000dc000000)
  to   space 11264K, 0% used [0x00000000df480000,0x00000000df480000,0x00000000dff80000)
 ParOldGen       total 102912K, used 7258K [0x0000000080000000, 0x0000000086480000, 0x00000000d5580000)
  object space 102912K, 7% used [0x0000000080000000,0x0000000080716ab8,0x0000000086480000)
 Metaspace       used 34318K, capacity 35438K, committed 35496K, reserved 1079296K
  class space    used 4837K, capacity 5096K, committed 5120K, reserved 1048576K
}
Event: 15.252 GC heap before
{Heap before GC invocations=9 (full 2):
 PSYoungGen      total 109056K, used 8029K [0x00000000d5580000, 0x00000000dff80000, 0x0000000100000000)
  eden space 97280K, 0% used [0x00000000d5580000,0x00000000d5580000,0x00000000db480000)
  from space 11776K, 68% used [0x00000000db480000,0x00000000dbc57778,0x00000000dc000000)
  to   space 11264K, 0% used [0x00000000df480000,0x00000000df480000,0x00000000dff80000)
 ParOldGen       total 102912K, used 7258K [0x0000000080000000, 0x0000000086480000, 0x00000000d5580000)
  object space 102912K, 7% used [0x0000000080000000,0x0000000080716ab8,0x0000000086480000)
 Metaspace       used 34318K, capacity 35438K, committed 35496K, reserved 1079296K
  class space    used 4837K, capacity 5096K, committed 5120K, reserved 1048576K
Event: 15.464 GC heap after
Heap after GC invocations=9 (full 2):
 PSYoungGen      total 109056K, used 0K [0x00000000d5580000, 0x00000000dff80000, 0x0000000100000000)
  eden space 97280K, 0% used [0x00000000d5580000,0x00000000d5580000,0x00000000db480000)
  from space 11776K, 0% used [0x00000000db480000,0x00000000db480000,0x00000000dc000000)
  to   space 11264K, 0% used [0x00000000df480000,0x00000000df480000,0x00000000dff80000)
 ParOldGen       total 158720K, used 14455K [0x0000000080000000, 0x0000000089b00000, 0x00000000d5580000)
  object space 158720K, 9% used [0x0000000080000000,0x0000000080e1ddf0,0x0000000089b00000)
 Metaspace       used 34318K, capacity 35438K, committed 35496K, reserved 1079296K
  class space    used 4837K, capacity 5096K, committed 5120K, reserved 1048576K
}
Event: 18.544 GC heap before
{Heap before GC invocations=10 (full 2):
 PSYoungGen      total 109056K, used 97280K [0x00000000d5580000, 0x00000000dff80000, 0x0000000100000000)
  eden space 97280K, 100% used [0x00000000d5580000,0x00000000db480000,0x00000000db480000)
  from space 11776K, 0% used [0x00000000db480000,0x00000000db480000,0x00000000dc000000)
  to   space 11264K, 0% used [0x00000000df480000,0x00000000df480000,0x00000000dff80000)
 ParOldGen       total 158720K, used 14455K [0x0000000080000000, 0x0000000089b00000, 0x00000000d5580000)
  object space 158720K, 9% used [0x0000000080000000,0x0000000080e1ddf0,0x0000000089b00000)
 Metaspace       used 37187K, capacity 38808K, committed 38912K, reserved 1083392K
  class space    used 5242K, capacity 5558K, committed 5632K, reserved 1048576K
Event: 18.566 GC heap after
Heap after GC invocations=10 (full 2):
 PSYoungGen      total 147968K, used 6727K [0x00000000d5580000, 0x00000000dfb80000, 0x0000000100000000)
  eden space 140800K, 0% used [0x00000000d5580000,0x00000000d5580000,0x00000000ddf00000)
  from space 7168K, 93% used [0x00000000df480000,0x00000000dfb11e78,0x00000000dfb80000)
  to   space 11264K, 0% used [0x00000000de580000,0x00000000de580000,0x00000000df080000)
 ParOldGen       total 158720K, used 14463K [0x0000000080000000, 0x0000000089b00000, 0x00000000d5580000)
  object space 158720K, 9% used [0x0000000080000000,0x0000000080e1fdf0,0x0000000089b00000)
 Metaspace       used 37187K, capacity 38808K, committed 38912K, reserved 1083392K
  class space    used 5242K, capacity 5558K, committed 5632K, reserved 1048576K
}
Event: 24.057 GC heap before
{Heap before GC invocations=11 (full 2):
 PSYoungGen      total 147968K, used 147527K [0x00000000d5580000, 0x00000000dfb80000, 0x0000000100000000)
  eden space 140800K, 100% used [0x00000000d5580000,0x00000000ddf00000,0x00000000ddf00000)
  from space 7168K, 93% used [0x00000000df480000,0x00000000dfb11e78,0x00000000dfb80000)
  to   space 11264K, 0% used [0x00000000de580000,0x00000000de580000,0x00000000df080000)
 ParOldGen       total 158720K, used 14463K [0x0000000080000000, 0x0000000089b00000, 0x00000000d5580000)
  object space 158720K, 9% used [0x0000000080000000,0x0000000080e1fdf0,0x0000000089b00000)
 Metaspace       used 51103K, capacity 52994K, committed 53248K, reserved 1095680K
  class space    used 6989K, capacity 7396K, committed 7424K, reserved 1048576K
Event: 24.116 GC heap after
Heap after GC invocations=11 (full 2):
 PSYoungGen      total 158720K, used 11260K [0x00000000d5580000, 0x00000000e2180000, 0x0000000100000000)
  eden space 147456K, 0% used [0x00000000d5580000,0x00000000d5580000,0x00000000de580000)
  from space 11264K, 99% used [0x00000000de580000,0x00000000df07f340,0x00000000df080000)
  to   space 16384K, 0% used [0x00000000e1180000,0x00000000e1180000,0x00000000e2180000)
 ParOldGen       total 158720K, used 24972K [0x0000000080000000, 0x0000000089b00000, 0x00000000d5580000)
  object space 158720K, 15% used [0x0000000080000000,0x0000000081863390,0x0000000089b00000)
 Metaspace       used 51103K, capacity 52994K, committed 53248K, reserved 1095680K
  class space    used 6989K, capacity 7396K, committed 7424K, reserved 1048576K
}

Deoptimization events (10 events):
Event: 23.671 Thread 0x00000000193d3000 Uncommon trap: reason=unstable_if action=reinterpret pc=0x0000000003b3cc2c method=org.codehaus.groovy.runtime.metaclass.MetaMethodIndex.isNonRealMethod(Lgroovy/lang/MetaMethod;)Z @ 4
Event: 23.672 Thread 0x00000000193d3000 Uncommon trap: reason=unstable_if action=reinterpret pc=0x00000000039715e4 method=groovy.lang.MetaClassImpl$1MOPIter.methodNameAction(Ljava/lang/Class;Lorg/codehaus/groovy/runtime/metaclass/MetaMethodIndex$Entry;)V @ 182
Event: 23.736 Thread 0x00000000193d3000 Uncommon trap: reason=unstable_if action=reinterpret pc=0x0000000003c10e2c method=java.lang.ClassLoader.checkCerts(Ljava/lang/String;Ljava/security/CodeSource;)V @ 29
Event: 23.736 Thread 0x00000000193d3000 Uncommon trap: reason=unstable_if action=reinterpret pc=0x0000000003c1baec method=java.lang.ClassLoader.defineClassSourceLocation(Ljava/security/ProtectionDomain;)Ljava/lang/String; @ 8
Event: 23.792 Thread 0x00000000193d3000 Uncommon trap: reason=class_check action=maybe_recompile pc=0x00000000036e1600 method=java.util.WeakHashMap.eq(Ljava/lang/Object;Ljava/lang/Object;)Z @ 7
Event: 24.146 Thread 0x00000000193d3000 Uncommon trap: reason=null_check action=make_not_entrant pc=0x000000000328da1c method=java.lang.Class.searchMethods([Ljava/lang/reflect/Method;Ljava/lang/String;[Ljava/lang/Class;)Ljava/lang/reflect/Method; @ 59
Event: 26.422 Thread 0x00000000193d3000 Uncommon trap: reason=unstable_if action=reinterpret pc=0x000000000368a2b8 method=sun.misc.MetaIndex.mayContain(Ljava/lang/String;)Z @ 38
Event: 26.424 Thread 0x00000000193d3000 Uncommon trap: reason=unstable_if action=reinterpret pc=0x000000000395484c method=java.security.CodeSource.hashCode()I @ 4
Event: 27.246 Thread 0x00000000193d3000 Uncommon trap: reason=unstable_if action=reinterpret pc=0x00000000038c8f70 method=java.lang.Class$MethodArray.removeLessSpecifics()V @ 25
Event: 27.255 Thread 0x00000000193d3000 Uncommon trap: reason=unstable_if action=reinterpret pc=0x0000000003de07a8 method=org.codehaus.groovy.runtime.metaclass.MetaMethodIndex.addMethodToList(Ljava/lang/Object;Lgroovy/lang/MetaMethod;)Ljava/lang/Object; @ 256

Internal exceptions (10 events):
Event: 27.102 Thread 0x00000000193d3000 Exception <a 'java/lang/ClassNotFoundException': org/codehaus/groovy/runtime/GStringImplCustomizer> (0x00000000d97565a0) thrown at [C:\re\workspace\8-2-build-windows-amd64-cygwin\jdk8u121\8372\hotspot\src\share\vm\classfile\systemDictionary.cpp, line 210]
Event: 27.110 Thread 0x00000000193d3000 Exception <a 'java/lang/ClassNotFoundException': java/lang/StringBeanInfo> (0x00000000d9842878) thrown at [C:\re\workspace\8-2-build-windows-amd64-cygwin\jdk8u121\8372\hotspot\src\share\vm\classfile\systemDictionary.cpp, line 210]
Event: 27.125 Thread 0x00000000193d3000 Exception <a 'java/lang/ClassNotFoundException': java/lang/StringCustomizer> (0x00000000d984be70) thrown at [C:\re\workspace\8-2-build-windows-amd64-cygwin\jdk8u121\8372\hotspot\src\share\vm\classfile\systemDictionary.cpp, line 210]
Event: 27.246 Thread 0x00000000193d3000 Implicit null exception at 0x00000000038c8bef to 0x00000000038c8f55
Event: 27.261 Thread 0x00000000193d3000 Exception <a 'java/lang/ClassNotFoundException': org/gradle/api/internal/tasks/DefaultTaskContainer_DecoratedBeanInfo> (0x00000000d9bd9e30) thrown at [C:\re\workspace\8-2-build-windows-amd64-cygwin\jdk8u121\8372\hotspot\src\share\vm\classfile\systemDictio
Event: 27.262 Thread 0x00000000193d3000 Exception <a 'java/lang/ClassNotFoundException': org/gradle/api/internal/tasks/DefaultTaskContainerBeanInfo> (0x00000000d9bf4d30) thrown at [C:\re\workspace\8-2-build-windows-amd64-cygwin\jdk8u121\8372\hotspot\src\share\vm\classfile\systemDictionary.cpp, 
Event: 27.262 Thread 0x00000000193d3000 Exception <a 'java/lang/ClassNotFoundException': org/gradle/api/internal/tasks/DefaultTaskCollectionBeanInfo> (0x00000000d9c10d88) thrown at [C:\re\workspace\8-2-build-windows-amd64-cygwin\jdk8u121\8372\hotspot\src\share\vm\classfile\systemDictionary.cpp,
Event: 27.263 Thread 0x00000000193d3000 Exception <a 'java/lang/ClassNotFoundException': org/gradle/api/internal/tasks/DefaultTaskCollectionCustomizer> (0x00000000d9c2d3f8) thrown at [C:\re\workspace\8-2-build-windows-amd64-cygwin\jdk8u121\8372\hotspot\src\share\vm\classfile\systemDictionary.cp
Event: 27.359 Thread 0x00000000193d3000 Exception <a 'java/lang/ClassNotFoundException': org/gradle/api/internal/tasks/DefaultTaskContainerCustomizer> (0x00000000d9c7e660) thrown at [C:\re\workspace\8-2-build-windows-amd64-cygwin\jdk8u121\8372\hotspot\src\share\vm\classfile\systemDictionary.cpp
Event: 27.362 Thread 0x00000000193d3000 Exception <a 'java/lang/ClassNotFoundException': org/gradle/api/internal/tasks/DefaultTaskContainer_DecoratedCustomizer> (0x00000000d9cfd860) thrown at [C:\re\workspace\8-2-build-windows-amd64-cygwin\jdk8u121\8372\hotspot\src\share\vm\classfile\systemDict

Events (10 events):
Event: 27.367 loading class org/gradle/model/internal/inspect/ExtractedRuleSource
Event: 27.367 loading class org/gradle/model/internal/inspect/ExtractedRuleSource done
Event: 27.369 loading class org/codehaus/groovy/runtime/callsite/PogoMetaMethodSite$PogoCachedMethodSiteNoUnwrap
Event: 27.369 loading class org/codehaus/groovy/runtime/callsite/PogoMetaMethodSite$PogoCachedMethodSiteNoUnwrap done
Event: 27.370 loading class org/gradle/api/internal/tasks/DefaultTaskContainer$2
Event: 27.370 loading class org/gradle/api/internal/tasks/DefaultTaskContainer$2 done
Event: 27.374 loading class org/gradle/api/tasks/TaskAction
Event: 27.374 loading class org/gradle/api/tasks/TaskAction done
Event: 27.374 loading class org/gradle/api/tasks/OutputDirectory
Event: 27.374 loading class org/gradle/api/tasks/OutputDirectory done


Dynamic libraries:
0x00007ff636db0000 - 0x00007ff636de7000 	C:\Program Files\Java\jdk1.8.0_121\bin\java.exe
0x00007ffda9f10000 - 0x00007ffdaa106000 	C:\WINDOWS\SYSTEM32\ntdll.dll
0x00007ffda26c0000 - 0x00007ffda26d2000 	C:\Program Files\AVAST Software\Avast\aswhook.dll
0x00007ffda84f0000 - 0x00007ffda85ad000 	C:\WINDOWS\System32\KERNEL32.DLL
0x00007ffda7ab0000 - 0x00007ffda7d79000 	C:\WINDOWS\System32\KERNELBASE.dll
0x00007ffda7fa0000 - 0x00007ffda804c000 	C:\WINDOWS\System32\ADVAPI32.dll
0x00007ffda9a90000 - 0x00007ffda9b2e000 	C:\WINDOWS\System32\msvcrt.dll
0x00007ffda8b30000 - 0x00007ffda8bcc000 	C:\WINDOWS\System32\sechost.dll
0x00007ffda9d10000 - 0x00007ffda9e3b000 	C:\WINDOWS\System32\RPCRT4.dll
0x00007ffda8350000 - 0x00007ffda84f0000 	C:\WINDOWS\System32\USER32.dll
0x00007ffda7f40000 - 0x00007ffda7f62000 	C:\WINDOWS\System32\win32u.dll
0x00007ffda7f70000 - 0x00007ffda7f9a000 	C:\WINDOWS\System32\GDI32.dll
0x00007ffda7d80000 - 0x00007ffda7e8b000 	C:\WINDOWS\System32\gdi32full.dll
0x00007ffda7a10000 - 0x00007ffda7aad000 	C:\WINDOWS\System32\msvcp_win.dll
0x00007ffda7910000 - 0x00007ffda7a10000 	C:\WINDOWS\System32\ucrtbase.dll
0x00007ffda6910000 - 0x00007ffda6bab000 	C:\WINDOWS\WinSxS\amd64_microsoft.windows.common-controls_6595b64144ccf1df_6.0.19041.746_none_ca02b4b61b8320a4\COMCTL32.dll
0x00007ffda9110000 - 0x00007ffda9140000 	C:\WINDOWS\System32\IMM32.DLL
0x0000000064570000 - 0x0000000064642000 	C:\Program Files\Java\jdk1.8.0_121\jre\bin\msvcr100.dll
0x0000000063cd0000 - 0x000000006456b000 	C:\Program Files\Java\jdk1.8.0_121\jre\bin\server\jvm.dll
0x00007ffda80b0000 - 0x00007ffda80b8000 	C:\WINDOWS\System32\PSAPI.DLL
0x00007ffd93e20000 - 0x00007ffd93e29000 	C:\WINDOWS\SYSTEM32\WSOCK32.dll
0x00007ffda8fb0000 - 0x00007ffda901b000 	C:\WINDOWS\System32\WS2_32.dll
0x00007ffd97e70000 - 0x00007ffd97e97000 	C:\WINDOWS\SYSTEM32\WINMM.dll
0x00007ffda0520000 - 0x00007ffda052a000 	C:\WINDOWS\SYSTEM32\VERSION.dll
0x0000000063cc0000 - 0x0000000063ccf000 	C:\Program Files\Java\jdk1.8.0_121\jre\bin\verify.dll
0x0000000063c90000 - 0x0000000063cb9000 	C:\Program Files\Java\jdk1.8.0_121\jre\bin\java.dll
0x0000000063c70000 - 0x0000000063c86000 	C:\Program Files\Java\jdk1.8.0_121\jre\bin\zip.dll
0x00007ffda9140000 - 0x00007ffda9882000 	C:\WINDOWS\System32\SHELL32.dll
0x00007ffda5150000 - 0x00007ffda58e0000 	C:\WINDOWS\SYSTEM32\windows.storage.dll
0x00007ffda8c50000 - 0x00007ffda8fa6000 	C:\WINDOWS\System32\combase.dll
0x00007ffda6c00000 - 0x00007ffda6c2c000 	C:\WINDOWS\SYSTEM32\Wldp.dll
0x00007ffda85b0000 - 0x00007ffda865e000 	C:\WINDOWS\System32\SHCORE.dll
0x00007ffda8050000 - 0x00007ffda80a5000 	C:\WINDOWS\System32\shlwapi.dll
0x00007ffda7580000 - 0x00007ffda75a6000 	C:\WINDOWS\SYSTEM32\profapi.dll
0x0000000063c50000 - 0x0000000063c6a000 	C:\Program Files\Java\jdk1.8.0_121\jre\bin\net.dll
0x00007ffda6700000 - 0x00007ffda676a000 	C:\WINDOWS\system32\mswsock.dll
0x0000000063c30000 - 0x0000000063c41000 	C:\Program Files\Java\jdk1.8.0_121\jre\bin\nio.dll
0x00007ffda0e20000 - 0x00007ffda0e47000 	C:\Users\Gracane Muhate\.gradle\native\f6784746aeab05261644944871eae4fe03e0ef1612fff0a4a95f87b438bc6780\windows-amd64\native-platform.dll
0x0000000061560000 - 0x000000006156d000 	C:\Program Files\Java\jdk1.8.0_121\jre\bin\management.dll
0x00007ffda7300000 - 0x00007ffda7318000 	C:\WINDOWS\SYSTEM32\CRYPTSP.dll
0x00007ffda60a0000 - 0x00007ffda60d4000 	C:\WINDOWS\system32\rsaenh.dll
0x00007ffda77b0000 - 0x00007ffda77d7000 	C:\WINDOWS\System32\bcrypt.dll
0x00007ffda7540000 - 0x00007ffda756e000 	C:\WINDOWS\SYSTEM32\USERENV.dll
0x00007ffda7830000 - 0x00007ffda78b0000 	C:\WINDOWS\System32\bcryptprimitives.dll
0x00007ffda68d0000 - 0x00007ffda68dc000 	C:\WINDOWS\SYSTEM32\CRYPTBASE.dll
0x00007ffda63d0000 - 0x00007ffda640b000 	C:\WINDOWS\SYSTEM32\IPHLPAPI.DLL
0x00007ffda80c0000 - 0x00007ffda80c8000 	C:\WINDOWS\System32\NSI.dll
0x00007ffd9dce0000 - 0x00007ffd9dcf7000 	C:\WINDOWS\SYSTEM32\dhcpcsvc6.DLL
0x00007ffd9dcc0000 - 0x00007ffd9dcdd000 	C:\WINDOWS\SYSTEM32\dhcpcsvc.DLL
0x00007ffda6410000 - 0x00007ffda64db000 	C:\WINDOWS\SYSTEM32\DNSAPI.dll
0x00007ffd9de90000 - 0x00007ffd9de9b000 	C:\WINDOWS\SYSTEM32\WINNSI.DLL

VM Arguments:
jvm_args: -Xmx2048m -Dfile.encoding=UTF-8 -Duser.country=US -Duser.language=en -Duser.variant 
java_command: org.gradle.launcher.daemon.bootstrap.GradleDaemon 6.5
java_class_path (initial): C:\Users\Gracane Muhate\.gradle\wrapper\dists\gradle-6.5-bin\6nifqtx7604sqp1q6g8wikw7p\gradle-6.5\lib\gradle-launcher-6.5.jar
Launcher Type: SUN_STANDARD

Environment Variables:
JAVA_HOME=C:\Program Files\Java\jdk1.8.0_121
PATH=C:\Program Files (x86)\Common Files\Oracle\Java\javapath;C:\ProgramData\Oracle\Java\javapath;C:\Windows\system32;C:\Windows;C:\Windows\System32\Wbem;C:\Windows\System32\WindowsPowerShell\v1.0\;C:\Windows\System32\OpenSSH\;C:\Program Files (x86)\NVIDIA Corporation\PhysX\Common;C:\Program Files\Java\jdk1.8.0_121\bin;C:\Program Files\Intel\WiFi\bin\;C:\Program Files\Common Files\Intel\WirelessCommon\;C:\Program Files\Microsoft SQL Server\130\Tools\Binn\;C:\Program Files\Microsoft SQL Server\Client SDK\ODBC\170\Tools\Binn\;C:\Program Files (x86)\Microsoft SQL Server\150\Tools\Binn\;C:\Program Files\Microsoft SQL Server\150\Tools\Binn\;C:\Program Files\Microsoft SQL Server\150\DTS\Binn\;C:\Program Files (x86)\Microsoft SQL Server\150\DTS\Binn\;C:\Program Files (x86)\Microsoft SQL Server\110\DTS\Binn\;C:\Program Files (x86)\Microsoft SQL Server\120\DTS\Binn\;C:\Program Files (x86)\Microsoft SQL Server\130\DTS\Binn\;C:\Program Files (x86)\Microsoft SQL Server\140\DTS\Binn\;C:\Program Files\PuTTY\;C:\WINDOWS\system32;C:\WINDOWS;C:\WINDOWS\System32\Wbem;C:\WINDOWS\System32\WindowsPowerShell\v1.0\;C:\WINDOWS\System32\OpenSSH\;C:\Program Files\dotnet\;C:\Program Files\nodejs\;C:\Program Files (x86)\Microsoft Visual Studio\Shared\Python37_64\;C:\Users\Gracane Muhate\AppData\Roaming\Python\Python37\Scripts;C:\Program Files (x86)\dotnet\;C:\Program Files\MySQL\MySQL Shell 8.0\bin\;C:\Users\Gracane Muhate\AppData\Local\Microsoft\WindowsApps;C:\Program Files\Intel\WiFi\bin\;C:\Program Files\Common Files\Intel\WirelessCommon\;C:\Users\Gracane Muhate\.dotnet\tools;C:\Users\Gracane Muhate\AppData\Local\Programs\Microsoft VS Code\bin;C:\Users\Gracane Muhate\AppData\Roaming\npm;C:\Program Files (x86)\Microsoft Visual Studio\Shared\Python37_64\;D:\xamppnew\php;
USERNAME=Gracane Muhate
OS=Windows_NT
PROCESSOR_IDENTIFIER=Intel64 Family 6 Model 69 Stepping 1, GenuineIntel



---------------  S Y S T E M  ---------------

OS: Windows 10.0 , 64 bit Build 19041 (10.0.19041.782)

CPU:total 4 (2 cores per cpu, 2 threads per core) family 6 model 69 stepping 1, cmov, cx8, fxsr, mmx, sse, sse2, sse3, ssse3, sse4.1, sse4.2, popcnt, avx, avx2, aes, clmul, erms, lzcnt, ht, tsc, tscinvbit, bmi1, bmi2

Memory: 4k page, physical 16673356k(3851988k free), swap 19674700k(2632k free)

vm_info: Java HotSpot(TM) 64-Bit Server VM (25.121-b13) for windows-amd64 JRE (1.8.0_121-b13), built on Dec 12 2016 18:21:36 by "java_re" with MS VC++ 10.0 (VS2010)

time: Sat Jan 30 08:44:17 2021
elapsed time: 27 seconds (0d 0h 0m 27s)

