#
# There is insufficient memory for the Java Runtime Environment to continue.
# Native memory allocation (malloc) failed to allocate 131088 bytes for Chunk::new
# Possible reasons:
#   The system is out of physical RAM or swap space
#   In 32 bit mode, the process size limit was hit
# Possible solutions:
#   Reduce memory load on the system
#   Increase physical memory or swap space
#   Check if swap backing store is full
#   Use 64 bit Java on a 64 bit OS
#   Decrease Java heap size (-Xmx/-Xms)
#   Decrease number of Java threads
#   Decrease Java thread stack sizes (-Xss)
#   Set larger code cache with -XX:ReservedCodeCacheSize=
# This output file may be truncated or incomplete.
#
#  Out of Memory Error (allocation.cpp:390), pid=7500, tid=0x0000000000004de0
#
# JRE version: Java(TM) SE Runtime Environment (8.0_121-b13) (build 1.8.0_121-b13)
# Java VM: Java HotSpot(TM) 64-Bit Server VM (25.121-b13 mixed mode windows-amd64 compressed oops)
# Failed to write core dump. Minidumps are not enabled by default on client versions of Windows
#

---------------  T H R E A D  ---------------

Current thread (0x0000000017ac1000):  JavaThread "C2 CompilerThread0" daemon [_thread_in_native, id=19936, stack(0x0000000019120000,0x0000000019220000)]

Stack: [0x0000000019120000,0x0000000019220000]
[error occurred during error reporting (printing stack bounds), id 0xc0000005]

Native frames: (J=compiled Java code, j=interpreted, Vv=VM code, C=native code)


Current CompileTask:
C2:   7309 1493       4       java.net.URLClassLoader$1::run (5 bytes)


---------------  P R O C E S S  ---------------

Java Threads: ( => current thread )
  0x0000000019fda800 JavaThread "File lock request listener" [_thread_in_native, id=15668, stack(0x000000001ca70000,0x000000001cb70000)]
  0x0000000019fdd800 JavaThread "Cache worker for journal cache (C:\Users\Gracane Muhate\.gradle\caches\journal-1)" [_thread_blocked, id=10828, stack(0x000000001c870000,0x000000001c970000)]
  0x000000001a937800 JavaThread "Thread-9" [_thread_blocked, id=16428, stack(0x000000001c570000,0x000000001c670000)]
  0x000000001a0e5000 JavaThread "Stdin handler" [_thread_blocked, id=14572, stack(0x000000001c470000,0x000000001c570000)]
  0x000000001a0e2800 JavaThread "Asynchronous log dispatcher for DefaultDaemonConnection: socket connection from /127.0.0.1:49584 to /127.0.0.1:49585" [_thread_blocked, id=12856, stack(0x000000001c370000,0x000000001c470000)]
  0x0000000019f27800 JavaThread "Daemon worker" [_thread_in_Java, id=19364, stack(0x000000001c270000,0x000000001c370000)]
  0x0000000019f27000 JavaThread "Cancel handler" [_thread_blocked, id=7280, stack(0x000000001c170000,0x000000001c270000)]
  0x00000000195c4000 JavaThread "Handler for socket connection from /127.0.0.1:49584 to /127.0.0.1:49585" [_thread_in_native, id=20372, stack(0x000000001c070000,0x000000001c170000)]
  0x000000001a073800 JavaThread "Daemon" [_thread_blocked, id=20504, stack(0x000000001bd70000,0x000000001be70000)]
  0x00000000195c0800 JavaThread "Daemon periodic checks" [_thread_blocked, id=18788, stack(0x000000001bc70000,0x000000001bd70000)]
  0x0000000019304000 JavaThread "Incoming local TCP Connector on port 49584" [_thread_in_native, id=8168, stack(0x000000001ba30000,0x000000001bb30000)]
  0x000000001af62000 JavaThread "Daemon health stats" [_thread_blocked, id=11952, stack(0x000000001b1f0000,0x000000001b2f0000)]
  0x0000000019227000 JavaThread "Service Thread" daemon [_thread_blocked, id=18672, stack(0x0000000019820000,0x0000000019920000)]
  0x0000000019224800 JavaThread "C1 CompilerThread2" daemon [_thread_blocked, id=18104, stack(0x0000000019720000,0x0000000019820000)]
  0x0000000017b1c800 JavaThread "C2 CompilerThread1" daemon [_thread_blocked, id=5832, stack(0x0000000019620000,0x0000000019720000)]
=>0x0000000017ac1000 JavaThread "C2 CompilerThread0" daemon [_thread_in_native, id=19936, stack(0x0000000019120000,0x0000000019220000)]
  0x0000000017abf000 JavaThread "Attach Listener" daemon [_thread_blocked, id=21356, stack(0x0000000019020000,0x0000000019120000)]
  0x0000000017abe000 JavaThread "Signal Dispatcher" daemon [_thread_blocked, id=780, stack(0x0000000018f20000,0x0000000019020000)]
  0x0000000017aaa800 JavaThread "Finalizer" daemon [_thread_blocked, id=17660, stack(0x0000000018d10000,0x0000000018e10000)]
  0x0000000002e90000 JavaThread "Reference Handler" daemon [_thread_blocked, id=19892, stack(0x0000000018c10000,0x0000000018d10000)]
  0x0000000002c9e800 JavaThread "main" [_thread_blocked, id=15088, stack(0x0000000002ca0000,0x0000000002da0000)]

Other Threads:
  0x0000000017a88000 VMThread [stack: 0x0000000018b10000,0x0000000018c10000] [id=13988]
  0x000000001924d000 WatcherThread [stack: 0x0000000019920000,0x0000000019a20000] [id=12332]

VM state:not at safepoint (normal execution)

VM Mutex/Monitor currently owned by a thread: None

Heap:
 PSYoungGen      total 76288K, used 13705K [0x00000000d5580000, 0x00000000daa80000, 0x0000000100000000)
  eden space 65536K, 7% used [0x00000000d5580000,0x00000000d5a25878,0x00000000d9580000)
  from space 10752K, 83% used [0x00000000da000000,0x00000000da8bce90,0x00000000daa80000)
  to   space 10752K, 0% used [0x00000000d9580000,0x00000000d9580000,0x00000000da000000)
 ParOldGen       total 175104K, used 16K [0x0000000080000000, 0x000000008ab00000, 0x00000000d5580000)
  object space 175104K, 0% used [0x0000000080000000,0x0000000080004000,0x000000008ab00000)
 Metaspace       used 14626K, capacity 15108K, committed 15360K, reserved 1062912K
  class space    used 2049K, capacity 2184K, committed 2304K, reserved 1048576K

Card table byte_map: [0x0000000012260000,0x0000000012670000] byte_map_base: 0x0000000011e60000

Marking Bits: (ParMarkBitMap*) 0x0000000061e2b6d0
 Begin Bits: [0x0000000012d20000, 0x0000000014d20000)
 End Bits:   [0x0000000014d20000, 0x0000000016d20000)

Polling page: 0x00000000015c0000

CodeCache: size=245760Kb used=5292Kb max_used=5302Kb free=240467Kb
 bounds [0x0000000002ea0000, 0x00000000033e0000, 0x0000000011ea0000]
 total_blobs=1875 nmethods=1494 adapters=294
 compilation: enabled

Compilation events (10 events):
Event: 7.233 Thread 0x0000000019224800 1491       1       org.gradle.internal.service.DefaultServiceRegistry::access$1600 (5 bytes)
Event: 7.233 Thread 0x0000000019224800 nmethod 1491 0x00000000033cb210 code [0x00000000033cb360, 0x00000000033cb450]
Event: 7.236 Thread 0x0000000017b1c800 1492   !   4       java.net.URLClassLoader::findClass (47 bytes)
Event: 7.237 Thread 0x0000000017ac1000 nmethod 1478 0x00000000033ce910 code [0x00000000033ceaa0, 0x00000000033cf298]
Event: 7.237 Thread 0x0000000017ac1000 1493       4       java.net.URLClassLoader$1::run (5 bytes)
Event: 7.239 Thread 0x0000000017b1c800 nmethod 1492 0x00000000033cb4d0 code [0x00000000033cb660, 0x00000000033cb858]
Event: 7.240 Thread 0x0000000017b1c800 1494       4       sun.misc.ASCIICaseInsensitiveComparator::compare (126 bytes)
Event: 7.246 Thread 0x0000000017b1c800 nmethod 1494 0x00000000033ccd50 code [0x00000000033ccea0, 0x00000000033cd158]
Event: 7.275 Thread 0x0000000019224800 1495       1       java.util.concurrent.atomic.AtomicInteger::get (5 bytes)
Event: 7.276 Thread 0x0000000019224800 nmethod 1495 0x00000000033cca90 code [0x00000000033ccbe0, 0x00000000033cccf0]

GC Heap History (4 events):
Event: 2.419 GC heap before
{Heap before GC invocations=1 (full 0):
 PSYoungGen      total 76288K, used 65536K [0x00000000d5580000, 0x00000000daa80000, 0x0000000100000000)
  eden space 65536K, 100% used [0x00000000d5580000,0x00000000d9580000,0x00000000d9580000)
  from space 10752K, 0% used [0x00000000da000000,0x00000000da000000,0x00000000daa80000)
  to   space 10752K, 0% used [0x00000000d9580000,0x00000000d9580000,0x00000000da000000)
 ParOldGen       total 175104K, used 0K [0x0000000080000000, 0x000000008ab00000, 0x00000000d5580000)
  object space 175104K, 0% used [0x0000000080000000,0x0000000080000000,0x000000008ab00000)
 Metaspace       used 7276K, capacity 7532K, committed 7680K, reserved 1056768K
  class space    used 917K, capacity 1004K, committed 1024K, reserved 1048576K
Event: 2.438 GC heap after
Heap after GC invocations=1 (full 0):
 PSYoungGen      total 76288K, used 5585K [0x00000000d5580000, 0x00000000daa80000, 0x0000000100000000)
  eden space 65536K, 0% used [0x00000000d5580000,0x00000000d5580000,0x00000000d9580000)
  from space 10752K, 51% used [0x00000000d9580000,0x00000000d9af46a8,0x00000000da000000)
  to   space 10752K, 0% used [0x00000000da000000,0x00000000da000000,0x00000000daa80000)
 ParOldGen       total 175104K, used 8K [0x0000000080000000, 0x000000008ab00000, 0x00000000d5580000)
  object space 175104K, 0% used [0x0000000080000000,0x0000000080002000,0x000000008ab00000)
 Metaspace       used 7276K, capacity 7532K, committed 7680K, reserved 1056768K
  class space    used 917K, capacity 1004K, committed 1024K, reserved 1048576K
}
Event: 7.188 GC heap before
{Heap before GC invocations=2 (full 0):
 PSYoungGen      total 76288K, used 71121K [0x00000000d5580000, 0x00000000daa80000, 0x0000000100000000)
  eden space 65536K, 100% used [0x00000000d5580000,0x00000000d9580000,0x00000000d9580000)
  from space 10752K, 51% used [0x00000000d9580000,0x00000000d9af46a8,0x00000000da000000)
  to   space 10752K, 0% used [0x00000000da000000,0x00000000da000000,0x00000000daa80000)
 ParOldGen       total 175104K, used 8K [0x0000000080000000, 0x000000008ab00000, 0x00000000d5580000)
  object space 175104K, 0% used [0x0000000080000000,0x0000000080002000,0x000000008ab00000)
 Metaspace       used 14192K, capacity 14602K, committed 14720K, reserved 1062912K
  class space    used 2006K, capacity 2145K, committed 2176K, reserved 1048576K
Event: 7.204 GC heap after
Heap after GC invocations=2 (full 0):
 PSYoungGen      total 76288K, used 8947K [0x00000000d5580000, 0x00000000daa80000, 0x0000000100000000)
  eden space 65536K, 0% used [0x00000000d5580000,0x00000000d5580000,0x00000000d9580000)
  from space 10752K, 83% used [0x00000000da000000,0x00000000da8bce90,0x00000000daa80000)
  to   space 10752K, 0% used [0x00000000d9580000,0x00000000d9580000,0x00000000da000000)
 ParOldGen       total 175104K, used 16K [0x0000000080000000, 0x000000008ab00000, 0x00000000d5580000)
  object space 175104K, 0% used [0x0000000080000000,0x0000000080004000,0x000000008ab00000)
 Metaspace       used 14192K, capacity 14602K, committed 14720K, reserved 1062912K
  class space    used 2006K, capacity 2145K, committed 2176K, reserved 1048576K
}

Deoptimization events (10 events):
Event: 4.524 Thread 0x0000000002c9e800 Uncommon trap: reason=unstable_if action=reinterpret pc=0x00000000031a545c method=java.io.WinNTFileSystem.normalize(Ljava/lang/String;)Ljava/lang/String; @ 128
Event: 6.717 Thread 0x00000000195c4000 Uncommon trap: reason=unstable_if action=reinterpret pc=0x00000000032bd528 method=java.util.concurrent.ConcurrentHashMap.putVal(Ljava/lang/Object;Ljava/lang/Object;Z)Ljava/lang/Object; @ 206
Event: 6.791 Thread 0x0000000019f27800 Uncommon trap: reason=bimorphic action=maybe_recompile pc=0x00000000031668a0 method=java.util.HashMap.putVal(ILjava/lang/Object;Ljava/lang/Object;ZZ)Ljava/lang/Object; @ 253
Event: 6.791 Thread 0x0000000019f27800 Uncommon trap: reason=bimorphic action=maybe_recompile pc=0x00000000031668a0 method=java.util.HashMap.putVal(ILjava/lang/Object;Ljava/lang/Object;ZZ)Ljava/lang/Object; @ 253
Event: 6.791 Thread 0x0000000019f27800 Uncommon trap: reason=bimorphic action=maybe_recompile pc=0x00000000031668a0 method=java.util.HashMap.putVal(ILjava/lang/Object;Ljava/lang/Object;ZZ)Ljava/lang/Object; @ 253
Event: 6.791 Thread 0x0000000019f27800 Uncommon trap: reason=bimorphic action=maybe_recompile pc=0x00000000031668a0 method=java.util.HashMap.putVal(ILjava/lang/Object;Ljava/lang/Object;ZZ)Ljava/lang/Object; @ 253
Event: 7.136 Thread 0x0000000019f27800 Uncommon trap: reason=class_check action=maybe_recompile pc=0x00000000031dc2dc method=java.util.regex.Matcher.match(II)Z @ 86
Event: 7.139 Thread 0x0000000019f27800 Uncommon trap: reason=class_check action=maybe_recompile pc=0x00000000031dc2dc method=java.util.regex.Matcher.match(II)Z @ 86
Event: 7.141 Thread 0x0000000019f27800 Uncommon trap: reason=class_check action=maybe_recompile pc=0x00000000031dc2dc method=java.util.regex.Matcher.match(II)Z @ 86
Event: 7.141 Thread 0x0000000019f27800 Uncommon trap: reason=class_check action=maybe_recompile pc=0x0000000003059f14 method=java.util.regex.Matcher.match(II)Z @ 86

Internal exceptions (10 events):
Event: 1.243 Thread 0x0000000002c9e800 Exception <a 'java/lang/ArrayIndexOutOfBoundsException'> (0x00000000d6baf7a8) thrown at [C:\re\workspace\8-2-build-windows-amd64-cygwin\jdk8u121\8372\hotspot\src\share\vm\runtime\sharedRuntime.cpp, line 605]
Event: 1.244 Thread 0x0000000002c9e800 Exception <a 'java/lang/ArrayIndexOutOfBoundsException'> (0x00000000d6bc0a50) thrown at [C:\re\workspace\8-2-build-windows-amd64-cygwin\jdk8u121\8372\hotspot\src\share\vm\runtime\sharedRuntime.cpp, line 605]
Event: 6.637 Thread 0x0000000002c9e800 Exception <a 'java/io/IOException'> (0x00000000d75eac18) thrown at [C:\re\workspace\8-2-build-windows-amd64-cygwin\jdk8u121\8372\hotspot\src\share\vm\prims\jni.cpp, line 709]
Event: 6.719 Thread 0x00000000195c4000 Exception <a 'java/lang/NoSuchMethodError': <clinit>> (0x00000000d7928948) thrown at [C:\re\workspace\8-2-build-windows-amd64-cygwin\jdk8u121\8372\hotspot\src\share\vm\prims\jni.cpp, line 1613]
Event: 6.720 Thread 0x00000000195c4000 Exception <a 'java/lang/NoSuchMethodError': <clinit>> (0x00000000d7932408) thrown at [C:\re\workspace\8-2-build-windows-amd64-cygwin\jdk8u121\8372\hotspot\src\share\vm\prims\jni.cpp, line 1613]
Event: 6.723 Thread 0x00000000195c4000 Exception <a 'java/lang/NoSuchMethodError': <clinit>> (0x00000000d7946dd8) thrown at [C:\re\workspace\8-2-build-windows-amd64-cygwin\jdk8u121\8372\hotspot\src\share\vm\prims\jni.cpp, line 1613]
Event: 6.740 Thread 0x00000000195c4000 Exception <a 'java/lang/NoSuchMethodError': <clinit>> (0x00000000d79b7c38) thrown at [C:\re\workspace\8-2-build-windows-amd64-cygwin\jdk8u121\8372\hotspot\src\share\vm\prims\jni.cpp, line 1613]
Event: 6.750 Thread 0x00000000195c4000 Exception <a 'java/lang/NoSuchMethodError': <clinit>> (0x00000000d79f2af0) thrown at [C:\re\workspace\8-2-build-windows-amd64-cygwin\jdk8u121\8372\hotspot\src\share\vm\prims\jni.cpp, line 1613]
Event: 6.757 Thread 0x00000000195c4000 Exception <a 'java/lang/NoSuchMethodError': <clinit>> (0x00000000d7a29c00) thrown at [C:\re\workspace\8-2-build-windows-amd64-cygwin\jdk8u121\8372\hotspot\src\share\vm\prims\jni.cpp, line 1613]
Event: 6.758 Thread 0x00000000195c4000 Exception <a 'java/lang/NoSuchMethodError': <clinit>> (0x00000000d7a36610) thrown at [C:\re\workspace\8-2-build-windows-amd64-cygwin\jdk8u121\8372\hotspot\src\share\vm\prims\jni.cpp, line 1613]

Events (10 events):
Event: 7.295 loading class kotlin/collections/CollectionsKt__ReversedViewsKt
Event: 7.295 loading class kotlin/collections/CollectionsKt__ReversedViewsKt done
Event: 7.301 loading class kotlin/collections/CollectionsKt__MutableCollectionsKt
Event: 7.301 loading class kotlin/collections/CollectionsKt__MutableCollectionsKt done
Event: 7.306 loading class kotlin/collections/CollectionsKt__MutableCollectionsJVMKt
Event: 7.306 loading class kotlin/collections/CollectionsKt__MutableCollectionsJVMKt done
Event: 7.306 loading class kotlin/collections/CollectionsKt__IteratorsKt
Event: 7.306 loading class kotlin/collections/CollectionsKt__IteratorsKt done
Event: 7.307 loading class kotlin/collections/CollectionsKt__IteratorsJVMKt
Event: 7.307 loading class kotlin/collections/CollectionsKt__IteratorsJVMKt done


Dynamic libraries:
0x00007ff636db0000 - 0x00007ff636de7000 	C:\Program Files\Java\jdk1.8.0_121\bin\java.exe
0x00007ffda9f10000 - 0x00007ffdaa106000 	C:\WINDOWS\SYSTEM32\ntdll.dll
0x00007ffda26c0000 - 0x00007ffda26d2000 	C:\Program Files\AVAST Software\Avast\aswhook.dll
0x00007ffda84f0000 - 0x00007ffda85ad000 	C:\WINDOWS\System32\KERNEL32.DLL
0x00007ffda7ab0000 - 0x00007ffda7d79000 	C:\WINDOWS\System32\KERNELBASE.dll
0x00007ffda7fa0000 - 0x00007ffda804c000 	C:\WINDOWS\System32\ADVAPI32.dll
0x00007ffda9a90000 - 0x00007ffda9b2e000 	C:\WINDOWS\System32\msvcrt.dll
0x00007ffda8b30000 - 0x00007ffda8bcc000 	C:\WINDOWS\System32\sechost.dll
0x00007ffda9d10000 - 0x00007ffda9e3b000 	C:\WINDOWS\System32\RPCRT4.dll
0x00007ffda8350000 - 0x00007ffda84f0000 	C:\WINDOWS\System32\USER32.dll
0x00007ffda7f40000 - 0x00007ffda7f62000 	C:\WINDOWS\System32\win32u.dll
0x00007ffda7f70000 - 0x00007ffda7f9a000 	C:\WINDOWS\System32\GDI32.dll
0x00007ffda7d80000 - 0x00007ffda7e8b000 	C:\WINDOWS\System32\gdi32full.dll
0x00007ffda7a10000 - 0x00007ffda7aad000 	C:\WINDOWS\System32\msvcp_win.dll
0x00007ffda7910000 - 0x00007ffda7a10000 	C:\WINDOWS\System32\ucrtbase.dll
0x00007ffda6910000 - 0x00007ffda6bab000 	C:\WINDOWS\WinSxS\amd64_microsoft.windows.common-controls_6595b64144ccf1df_6.0.19041.746_none_ca02b4b61b8320a4\COMCTL32.dll
0x00007ffda9110000 - 0x00007ffda9140000 	C:\WINDOWS\System32\IMM32.DLL
0x0000000061eb0000 - 0x0000000061f82000 	C:\Program Files\Java\jdk1.8.0_121\jre\bin\msvcr100.dll
0x0000000061610000 - 0x0000000061eab000 	C:\Program Files\Java\jdk1.8.0_121\jre\bin\server\jvm.dll
0x00007ffda80b0000 - 0x00007ffda80b8000 	C:\WINDOWS\System32\PSAPI.DLL
0x00007ffd93e20000 - 0x00007ffd93e29000 	C:\WINDOWS\SYSTEM32\WSOCK32.dll
0x00007ffda8fb0000 - 0x00007ffda901b000 	C:\WINDOWS\System32\WS2_32.dll
0x00007ffd97e70000 - 0x00007ffd97e97000 	C:\WINDOWS\SYSTEM32\WINMM.dll
0x00007ffda0520000 - 0x00007ffda052a000 	C:\WINDOWS\SYSTEM32\VERSION.dll
0x0000000061600000 - 0x000000006160f000 	C:\Program Files\Java\jdk1.8.0_121\jre\bin\verify.dll
0x00000000615d0000 - 0x00000000615f9000 	C:\Program Files\Java\jdk1.8.0_121\jre\bin\java.dll
0x00000000615b0000 - 0x00000000615c6000 	C:\Program Files\Java\jdk1.8.0_121\jre\bin\zip.dll
0x00007ffda9140000 - 0x00007ffda9882000 	C:\WINDOWS\System32\SHELL32.dll
0x00007ffda5150000 - 0x00007ffda58e0000 	C:\WINDOWS\SYSTEM32\windows.storage.dll
0x00007ffda8c50000 - 0x00007ffda8fa6000 	C:\WINDOWS\System32\combase.dll
0x00007ffda6c00000 - 0x00007ffda6c2c000 	C:\WINDOWS\SYSTEM32\Wldp.dll
0x00007ffda85b0000 - 0x00007ffda865e000 	C:\WINDOWS\System32\SHCORE.dll
0x00007ffda8050000 - 0x00007ffda80a5000 	C:\WINDOWS\System32\shlwapi.dll
0x00007ffda7580000 - 0x00007ffda75a6000 	C:\WINDOWS\SYSTEM32\profapi.dll
0x0000000061590000 - 0x00000000615aa000 	C:\Program Files\Java\jdk1.8.0_121\jre\bin\net.dll
0x00007ffda6700000 - 0x00007ffda676a000 	C:\WINDOWS\system32\mswsock.dll
0x0000000061570000 - 0x0000000061581000 	C:\Program Files\Java\jdk1.8.0_121\jre\bin\nio.dll
0x00007ffda0fe0000 - 0x00007ffda1007000 	C:\Users\Gracane Muhate\.gradle\native\f6784746aeab05261644944871eae4fe03e0ef1612fff0a4a95f87b438bc6780\windows-amd64\native-platform.dll
0x0000000061560000 - 0x000000006156d000 	C:\Program Files\Java\jdk1.8.0_121\jre\bin\management.dll
0x00007ffda7300000 - 0x00007ffda7318000 	C:\WINDOWS\SYSTEM32\CRYPTSP.dll
0x00007ffda60a0000 - 0x00007ffda60d4000 	C:\WINDOWS\system32\rsaenh.dll
0x00007ffda77b0000 - 0x00007ffda77d7000 	C:\WINDOWS\System32\bcrypt.dll
0x00007ffda7540000 - 0x00007ffda756e000 	C:\WINDOWS\SYSTEM32\USERENV.dll
0x00007ffda7830000 - 0x00007ffda78b0000 	C:\WINDOWS\System32\bcryptprimitives.dll
0x00007ffda68d0000 - 0x00007ffda68dc000 	C:\WINDOWS\SYSTEM32\CRYPTBASE.dll
0x00007ffda63d0000 - 0x00007ffda640b000 	C:\WINDOWS\SYSTEM32\IPHLPAPI.DLL
0x00007ffda80c0000 - 0x00007ffda80c8000 	C:\WINDOWS\System32\NSI.dll
0x00007ffd9dce0000 - 0x00007ffd9dcf7000 	C:\WINDOWS\SYSTEM32\dhcpcsvc6.DLL
0x00007ffd9dcc0000 - 0x00007ffd9dcdd000 	C:\WINDOWS\SYSTEM32\dhcpcsvc.DLL
0x00007ffda6410000 - 0x00007ffda64db000 	C:\WINDOWS\SYSTEM32\DNSAPI.dll
0x00007ffd9de90000 - 0x00007ffd9de9b000 	C:\WINDOWS\SYSTEM32\WINNSI.DLL

VM Arguments:
jvm_args: -Xmx2048m -Dfile.encoding=UTF-8 -Duser.country=US -Duser.language=en -Duser.variant 
java_command: org.gradle.launcher.daemon.bootstrap.GradleDaemon 6.5
java_class_path (initial): C:\Users\Gracane Muhate\.gradle\wrapper\dists\gradle-6.5-bin\6nifqtx7604sqp1q6g8wikw7p\gradle-6.5\lib\gradle-launcher-6.5.jar
Launcher Type: SUN_STANDARD

Environment Variables:
JAVA_HOME=C:\Program Files\Java\jdk1.8.0_121
PATH=C:\Program Files (x86)\Common Files\Oracle\Java\javapath;C:\ProgramData\Oracle\Java\javapath;C:\Windows\system32;C:\Windows;C:\Windows\System32\Wbem;C:\Windows\System32\WindowsPowerShell\v1.0\;C:\Windows\System32\OpenSSH\;C:\Program Files (x86)\NVIDIA Corporation\PhysX\Common;C:\Program Files\Java\jdk1.8.0_121\bin;C:\Program Files\Intel\WiFi\bin\;C:\Program Files\Common Files\Intel\WirelessCommon\;C:\Program Files\Microsoft SQL Server\130\Tools\Binn\;C:\Program Files\Microsoft SQL Server\Client SDK\ODBC\170\Tools\Binn\;C:\Program Files (x86)\Microsoft SQL Server\150\Tools\Binn\;C:\Program Files\Microsoft SQL Server\150\Tools\Binn\;C:\Program Files\Microsoft SQL Server\150\DTS\Binn\;C:\Program Files (x86)\Microsoft SQL Server\150\DTS\Binn\;C:\Program Files (x86)\Microsoft SQL Server\110\DTS\Binn\;C:\Program Files (x86)\Microsoft SQL Server\120\DTS\Binn\;C:\Program Files (x86)\Microsoft SQL Server\130\DTS\Binn\;C:\Program Files (x86)\Microsoft SQL Server\140\DTS\Binn\;C:\Program Files\PuTTY\;C:\WINDOWS\system32;C:\WINDOWS;C:\WINDOWS\System32\Wbem;C:\WINDOWS\System32\WindowsPowerShell\v1.0\;C:\WINDOWS\System32\OpenSSH\;C:\Program Files\dotnet\;C:\Program Files\nodejs\;C:\Program Files (x86)\Microsoft Visual Studio\Shared\Python37_64\;C:\Users\Gracane Muhate\AppData\Roaming\Python\Python37\Scripts;C:\Program Files (x86)\dotnet\;C:\Program Files\MySQL\MySQL Shell 8.0\bin\;C:\Users\Gracane Muhate\AppData\Local\Microsoft\WindowsApps;C:\Program Files\Intel\WiFi\bin\;C:\Program Files\Common Files\Intel\WirelessCommon\;C:\Users\Gracane Muhate\.dotnet\tools;C:\Users\Gracane Muhate\AppData\Local\Programs\Microsoft VS Code\bin;C:\Users\Gracane Muhate\AppData\Roaming\npm;C:\Program Files (x86)\Microsoft Visual Studio\Shared\Python37_64\;D:\xamppnew\php;
USERNAME=Gracane Muhate
OS=Windows_NT
PROCESSOR_IDENTIFIER=Intel64 Family 6 Model 69 Stepping 1, GenuineIntel



---------------  S Y S T E M  ---------------

OS: Windows 10.0 , 64 bit Build 19041 (10.0.19041.782)

CPU:total 4 (2 cores per cpu, 2 threads per core) family 6 model 69 stepping 1, cmov, cx8, fxsr, mmx, sse, sse2, sse3, ssse3, sse4.1, sse4.2, popcnt, avx, avx2, aes, clmul, erms, lzcnt, ht, tsc, tscinvbit, bmi1, bmi2

Memory: 4k page, physical 16673356k(4441884k free), swap 19674700k(6176k free)

vm_info: Java HotSpot(TM) 64-Bit Server VM (25.121-b13) for windows-amd64 JRE (1.8.0_121-b13), built on Dec 12 2016 18:21:36 by "java_re" with MS VC++ 10.0 (VS2010)

time: Sat Jan 30 08:17:00 2021
elapsed time: 7 seconds (0d 0h 0m 7s)

