#
# There is insufficient memory for the Java Runtime Environment to continue.
# Native memory allocation (malloc) failed to allocate 915456 bytes for Chunk::new
# Possible reasons:
#   The system is out of physical RAM or swap space
#   In 32 bit mode, the process size limit was hit
# Possible solutions:
#   Reduce memory load on the system
#   Increase physical memory or swap space
#   Check if swap backing store is full
#   Use 64 bit Java on a 64 bit OS
#   Decrease Java heap size (-Xmx/-Xms)
#   Decrease number of Java threads
#   Decrease Java thread stack sizes (-Xss)
#   Set larger code cache with -XX:ReservedCodeCacheSize=
# This output file may be truncated or incomplete.
#
#  Out of Memory Error (allocation.cpp:390), pid=6068, tid=0x0000000000004d64
#
# JRE version: Java(TM) SE Runtime Environment (8.0_121-b13) (build 1.8.0_121-b13)
# Java VM: Java HotSpot(TM) 64-Bit Server VM (25.121-b13 mixed mode windows-amd64 compressed oops)
# Failed to write core dump. Minidumps are not enabled by default on client versions of Windows
#

---------------  T H R E A D  ---------------

Current thread (0x0000000016f53800):  JavaThread "C2 CompilerThread1" daemon [_thread_in_native, id=19812, stack(0x00000000186b0000,0x00000000187b0000)]

Stack: [0x00000000186b0000,0x00000000187b0000]
[error occurred during error reporting (printing stack bounds), id 0xc0000005]

Native frames: (J=compiled Java code, j=interpreted, Vv=VM code, C=native code)


Current CompileTask:
C2:  23576 5132 %     4       groovy.lang.MetaClassImpl::inheritInterfaceNewMetaMethods @ 104 (199 bytes)


---------------  P R O C E S S  ---------------

Java Threads: ( => current thread )
  0x00000000193ca000 JavaThread "Cache worker for file content cache (D:\MUHATE\Projects\ADM\Agroponto\Synecoculture Android\.gradle\6.5\fileContent)" [_thread_blocked, id=11364, stack(0x00000000290a0000,0x00000000291a0000)]
  0x00000000193c9800 JavaThread "Memory manager" [_thread_blocked, id=17660, stack(0x0000000028fa0000,0x00000000290a0000)]
  0x00000000193cc800 JavaThread "pool-1-thread-1" [_thread_blocked, id=2580, stack(0x00000000280a0000,0x00000000281a0000)]
  0x00000000193c8800 JavaThread "Cache worker for Build Output Cleanup Cache (D:\MUHATE\Projects\ADM\Agroponto\Synecoculture Android\.gradle\buildOutputCleanup)" [_thread_blocked, id=232, stack(0x0000000027da0000,0x0000000027ea0000)]
  0x00000000193c8000 JavaThread "jar transforms Thread 94" [_thread_blocked, id=12268, stack(0x0000000027aa0000,0x0000000027ba0000)]
  0x00000000193c0000 JavaThread "jar transforms Thread 93" [_thread_blocked, id=4856, stack(0x00000000279a0000,0x0000000027aa0000)]
  0x00000000193c7000 JavaThread "jar transforms Thread 92" [_thread_blocked, id=20076, stack(0x00000000278a0000,0x00000000279a0000)]
  0x00000000193c5000 JavaThread "jar transforms Thread 91" [_thread_blocked, id=17708, stack(0x00000000277a0000,0x00000000278a0000)]
  0x00000000193c2800 JavaThread "jar transforms Thread 90" [_thread_blocked, id=19212, stack(0x00000000276a0000,0x00000000277a0000)]
  0x00000000193c1800 JavaThread "jar transforms Thread 89" [_thread_blocked, id=5812, stack(0x00000000275a0000,0x00000000276a0000)]
  0x00000000193c1000 JavaThread "jar transforms Thread 88" [_thread_blocked, id=19996, stack(0x00000000274a0000,0x00000000275a0000)]
  0x00000000193c6800 JavaThread "jar transforms Thread 87" [_thread_blocked, id=20452, stack(0x00000000273a0000,0x00000000274a0000)]
  0x00000000193c3800 JavaThread "jar transforms Thread 86" [_thread_blocked, id=17284, stack(0x00000000272a0000,0x00000000273a0000)]
  0x00000000193c5800 JavaThread "jar transforms Thread 85" [_thread_blocked, id=18480, stack(0x00000000271a0000,0x00000000272a0000)]
  0x00000000193c4000 JavaThread "jar transforms Thread 84" [_thread_blocked, id=13012, stack(0x00000000270a0000,0x00000000271a0000)]
  0x000000001af51800 JavaThread "jar transforms Thread 83" [_thread_blocked, id=11428, stack(0x0000000026fa0000,0x00000000270a0000)]
  0x000000001af52000 JavaThread "jar transforms Thread 82" [_thread_blocked, id=4072, stack(0x0000000026ea0000,0x0000000026fa0000)]
  0x000000001af50800 JavaThread "jar transforms Thread 81" [_thread_blocked, id=15236, stack(0x0000000026da0000,0x0000000026ea0000)]
  0x000000001af50000 JavaThread "jar transforms Thread 80" [_thread_blocked, id=17868, stack(0x0000000026ca0000,0x0000000026da0000)]
  0x000000001af4f000 JavaThread "jar transforms Thread 79" [_thread_blocked, id=16764, stack(0x0000000026ba0000,0x0000000026ca0000)]
  0x000000001af47800 JavaThread "jar transforms Thread 78" [_thread_blocked, id=15600, stack(0x0000000026aa0000,0x0000000026ba0000)]
  0x000000001af4e800 JavaThread "jar transforms Thread 77" [_thread_blocked, id=9640, stack(0x00000000269a0000,0x0000000026aa0000)]
  0x000000001af4d800 JavaThread "jar transforms Thread 76" [_thread_blocked, id=11652, stack(0x00000000268a0000,0x00000000269a0000)]
  0x000000001af4c000 JavaThread "jar transforms Thread 75" [_thread_blocked, id=12556, stack(0x00000000267a0000,0x00000000268a0000)]
  0x000000001af4d000 JavaThread "jar transforms Thread 74" [_thread_blocked, id=3356, stack(0x00000000266a0000,0x00000000267a0000)]
  0x000000001af44800 JavaThread "jar transforms Thread 73" [_thread_blocked, id=15148, stack(0x00000000265a0000,0x00000000266a0000)]
  0x000000001af4b800 JavaThread "jar transforms Thread 72" [_thread_blocked, id=10436, stack(0x00000000264a0000,0x00000000265a0000)]
  0x000000001af44000 JavaThread "jar transforms Thread 71" [_thread_blocked, id=19508, stack(0x00000000263a0000,0x00000000264a0000)]
  0x000000001af4a800 JavaThread "jar transforms Thread 70" [_thread_blocked, id=19756, stack(0x00000000262a0000,0x00000000263a0000)]
  0x000000001af49000 JavaThread "jar transforms Thread 69" [_thread_blocked, id=14956, stack(0x00000000261a0000,0x00000000262a0000)]
  0x000000001af47000 JavaThread "jar transforms Thread 68" [_thread_blocked, id=10364, stack(0x00000000260a0000,0x00000000261a0000)]
  0x000000001af43000 JavaThread "jar transforms Thread 67" [_thread_blocked, id=2776, stack(0x0000000025fa0000,0x00000000260a0000)]
  0x000000001af46000 JavaThread "jar transforms Thread 66" [_thread_blocked, id=7876, stack(0x0000000025ea0000,0x0000000025fa0000)]
  0x000000001af48800 JavaThread "jar transforms Thread 65" [_thread_blocked, id=16348, stack(0x0000000025da0000,0x0000000025ea0000)]
  0x000000001af4a000 JavaThread "jar transforms Thread 64" [_thread_blocked, id=5792, stack(0x0000000025ca0000,0x0000000025da0000)]
  0x000000001af45800 JavaThread "jar transforms Thread 63" [_thread_blocked, id=20304, stack(0x0000000025ba0000,0x0000000025ca0000)]
  0x000000001a8a0800 JavaThread "jar transforms Thread 62" [_thread_blocked, id=12000, stack(0x0000000025aa0000,0x0000000025ba0000)]
  0x000000001a8a1800 JavaThread "jar transforms Thread 61" [_thread_blocked, id=19008, stack(0x00000000259a0000,0x0000000025aa0000)]
  0x000000001a8a0000 JavaThread "jar transforms Thread 60" [_thread_blocked, id=4648, stack(0x00000000258a0000,0x00000000259a0000)]
  0x000000001a89d800 JavaThread "jar transforms Thread 59" [_thread_blocked, id=16972, stack(0x00000000257a0000,0x00000000258a0000)]
  0x000000001a89f000 JavaThread "jar transforms Thread 58" [_thread_blocked, id=17312, stack(0x00000000256a0000,0x00000000257a0000)]
  0x000000001a89e800 JavaThread "jar transforms Thread 57" [_thread_blocked, id=868, stack(0x00000000255a0000,0x00000000256a0000)]
  0x000000001a89d000 JavaThread "jar transforms Thread 56" [_thread_blocked, id=14632, stack(0x00000000254a0000,0x00000000255a0000)]
  0x000000001a89c000 JavaThread "jar transforms Thread 55" [_thread_blocked, id=6600, stack(0x00000000253a0000,0x00000000254a0000)]
  0x000000001a894800 JavaThread "jar transforms Thread 54" [_thread_blocked, id=20196, stack(0x00000000252a0000,0x00000000253a0000)]
  0x000000001a897800 JavaThread "jar transforms Thread 53" [_thread_blocked, id=19708, stack(0x00000000251a0000,0x00000000252a0000)]
  0x000000001a898800 JavaThread "jar transforms Thread 52" [_thread_blocked, id=6788, stack(0x00000000250a0000,0x00000000251a0000)]
  0x000000001a89b800 JavaThread "jar transforms Thread 51" [_thread_blocked, id=13280, stack(0x0000000024fa0000,0x00000000250a0000)]
  0x000000001a89a800 JavaThread "jar transforms Thread 50" [_thread_blocked, id=5176, stack(0x0000000024ea0000,0x0000000024fa0000)]
  0x000000001a89a000 JavaThread "jar transforms Thread 49" [_thread_blocked, id=356, stack(0x0000000024da0000,0x0000000024ea0000)]
  0x000000001a892800 JavaThread "jar transforms Thread 48" [_thread_blocked, id=17944, stack(0x0000000024ca0000,0x0000000024da0000)]
  0x000000001a899000 JavaThread "jar transforms Thread 47" [_thread_blocked, id=10560, stack(0x0000000024ba0000,0x0000000024ca0000)]
  0x000000001a895800 JavaThread "jar transforms Thread 46" [_thread_blocked, id=18888, stack(0x0000000024aa0000,0x0000000024ba0000)]
  0x000000001a896000 JavaThread "jar transforms Thread 45" [_thread_blocked, id=16640, stack(0x00000000249a0000,0x0000000024aa0000)]
  0x000000001a894000 JavaThread "jar transforms Thread 44" [_thread_blocked, id=18828, stack(0x00000000248a0000,0x00000000249a0000)]
  0x000000001a897000 JavaThread "jar transforms Thread 43" [_thread_blocked, id=15468, stack(0x00000000247a0000,0x00000000248a0000)]
  0x000000001a893000 JavaThread "jar transforms Thread 42" [_thread_blocked, id=1332, stack(0x00000000246a0000,0x00000000247a0000)]
  0x00000000195ad000 JavaThread "jar transforms Thread 41" [_thread_blocked, id=3704, stack(0x00000000245a0000,0x00000000246a0000)]
  0x00000000195ab800 JavaThread "jar transforms Thread 40" [_thread_blocked, id=19736, stack(0x00000000244a0000,0x00000000245a0000)]
  0x00000000195ac000 JavaThread "jar transforms Thread 39" [_thread_blocked, id=16144, stack(0x00000000243a0000,0x00000000244a0000)]
  0x00000000195aa800 JavaThread "jar transforms Thread 38" [_thread_blocked, id=828, stack(0x00000000242a0000,0x00000000243a0000)]
  0x00000000195aa000 JavaThread "jar transforms Thread 37" [_thread_blocked, id=8596, stack(0x00000000241a0000,0x00000000242a0000)]
  0x00000000195ad800 JavaThread "jar transforms Thread 36" [_thread_blocked, id=10940, stack(0x00000000240a0000,0x00000000241a0000)]
  0x00000000195a9000 JavaThread "jar transforms Thread 35" [_thread_blocked, id=16560, stack(0x0000000023fa0000,0x00000000240a0000)]
  0x00000000195ae800 JavaThread "jar transforms Thread 34" [_thread_blocked, id=12188, stack(0x0000000023ea0000,0x0000000023fa0000)]
  0x00000000195a1800 JavaThread "jar transforms Thread 33" [_thread_blocked, id=10076, stack(0x0000000023da0000,0x0000000023ea0000)]
  0x00000000195a8800 JavaThread "jar transforms Thread 32" [_thread_blocked, id=20200, stack(0x0000000023ca0000,0x0000000023da0000)]
  0x00000000195a7800 JavaThread "jar transforms Thread 31" [_thread_blocked, id=952, stack(0x0000000023ba0000,0x0000000023ca0000)]
  0x00000000195a4800 JavaThread "jar transforms Thread 30" [_thread_blocked, id=15352, stack(0x0000000023aa0000,0x0000000023ba0000)]
  0x00000000195a7000 JavaThread "jar transforms Thread 29" [_thread_blocked, id=12580, stack(0x00000000239a0000,0x0000000023aa0000)]
  0x00000000195a1000 JavaThread "jar transforms Thread 28" [_thread_blocked, id=12852, stack(0x00000000238a0000,0x00000000239a0000)]
  0x00000000195a0000 JavaThread "jar transforms Thread 27" [_thread_blocked, id=6284, stack(0x00000000237a0000,0x00000000238a0000)]
  0x00000000195a2800 JavaThread "jar transforms Thread 26" [_thread_blocked, id=18152, stack(0x00000000236a0000,0x00000000237a0000)]
  0x000000001959f800 JavaThread "jar transforms Thread 25" [_thread_blocked, id=14944, stack(0x00000000235a0000,0x00000000236a0000)]
  0x00000000195a4000 JavaThread "jar transforms Thread 24" [_thread_blocked, id=4936, stack(0x00000000234a0000,0x00000000235a0000)]
  0x00000000195a6000 JavaThread "jar transforms Thread 23" [_thread_blocked, id=18092, stack(0x00000000233a0000,0x00000000234a0000)]
  0x00000000195a5800 JavaThread "jar transforms Thread 22" [_thread_blocked, id=14352, stack(0x00000000232a0000,0x00000000233a0000)]
  0x00000000195a3000 JavaThread "jar transforms Thread 21" [_thread_blocked, id=14968, stack(0x00000000231a0000,0x00000000232a0000)]
  0x00000000194ad000 JavaThread "jar transforms Thread 20" [_thread_blocked, id=13388, stack(0x00000000230a0000,0x00000000231a0000)]
  0x00000000194ac800 JavaThread "jar transforms Thread 19" [_thread_blocked, id=20336, stack(0x0000000022fa0000,0x00000000230a0000)]
  0x00000000194ab800 JavaThread "jar transforms Thread 18" [_thread_blocked, id=548, stack(0x0000000022ea0000,0x0000000022fa0000)]
  0x00000000194ab000 JavaThread "jar transforms Thread 17" [_thread_blocked, id=18520, stack(0x0000000022da0000,0x0000000022ea0000)]
  0x00000000194aa000 JavaThread "jar transforms Thread 16" [_thread_blocked, id=17732, stack(0x0000000022ca0000,0x0000000022da0000)]
  0x00000000194a9800 JavaThread "jar transforms Thread 15" [_thread_blocked, id=20312, stack(0x0000000022ba0000,0x0000000022ca0000)]
  0x00000000194ae800 JavaThread "jar transforms Thread 14" [_thread_blocked, id=19420, stack(0x0000000022aa0000,0x0000000022ba0000)]
  0x00000000194ae000 JavaThread "jar transforms Thread 13" [_thread_blocked, id=10264, stack(0x00000000229a0000,0x0000000022aa0000)]
  0x00000000194a5800 JavaThread "jar transforms Thread 12" [_thread_blocked, id=7088, stack(0x00000000228a0000,0x00000000229a0000)]
  0x00000000194a8800 JavaThread "jar transforms Thread 11" [_thread_blocked, id=17336, stack(0x00000000227a0000,0x00000000228a0000)]
  0x00000000194a8000 JavaThread "jar transforms Thread 10" [_thread_blocked, id=12872, stack(0x00000000226a0000,0x00000000227a0000)]
  0x00000000194a7000 JavaThread "jar transforms Thread 9" [_thread_blocked, id=16576, stack(0x00000000225a0000,0x00000000226a0000)]
  0x00000000194a1000 JavaThread "jar transforms Thread 8" [_thread_blocked, id=7064, stack(0x00000000224a0000,0x00000000225a0000)]
  0x00000000194a2800 JavaThread "jar transforms Thread 7" [_thread_blocked, id=8168, stack(0x00000000223a0000,0x00000000224a0000)]
  0x000000001949f800 JavaThread "jar transforms Thread 6" [_thread_blocked, id=9676, stack(0x00000000222a0000,0x00000000223a0000)]
  0x00000000194a6800 JavaThread "jar transforms Thread 5" [_thread_blocked, id=1968, stack(0x00000000221a0000,0x00000000222a0000)]
  0x00000000194a0800 JavaThread "jar transforms Thread 4" [_thread_blocked, id=17448, stack(0x00000000220a0000,0x00000000221a0000)]
  0x00000000194a3800 JavaThread "jar transforms Thread 3" [_thread_blocked, id=10640, stack(0x0000000021fa0000,0x00000000220a0000)]
  0x00000000194a5000 JavaThread "jar transforms Thread 2" [_thread_blocked, id=11968, stack(0x0000000021ea0000,0x0000000021fa0000)]
  0x00000000194a2000 JavaThread "Build operations Thread 4" [_thread_blocked, id=18676, stack(0x0000000021da0000,0x0000000021ea0000)]
  0x00000000194a4000 JavaThread "Build operations Thread 3" [_thread_blocked, id=1856, stack(0x0000000021ca0000,0x0000000021da0000)]
  0x0000000018c78000 JavaThread "Build operations Thread 2" [_thread_blocked, id=17392, stack(0x0000000021ba0000,0x0000000021ca0000)]
  0x0000000018c77800 JavaThread "Build operations" [_thread_blocked, id=12300, stack(0x0000000021aa0000,0x0000000021ba0000)]
  0x0000000018c74800 JavaThread "Cache worker for file content cache (C:\Users\Gracane Muhate\.gradle\caches\6.5\fileContent)" [_thread_blocked, id=10820, stack(0x00000000213a0000,0x00000000214a0000)]
  0x0000000018c79000 JavaThread "jar transforms" [_thread_blocked, id=15584, stack(0x00000000212a0000,0x00000000213a0000)]
  0x0000000018c75000 JavaThread "Cache worker for execution history cache (C:\Users\Gracane Muhate\.gradle\caches\6.5\executionHistory)" [_thread_blocked, id=3732, stack(0x0000000020ba0000,0x0000000020ca0000)]
  0x0000000018c7a800 JavaThread "Cache worker for cache directory md-rule (C:\Users\Gracane Muhate\.gradle\caches\6.5\md-rule)" [_thread_blocked, id=11540, stack(0x0000000020aa0000,0x0000000020ba0000)]
  0x0000000018c79800 JavaThread "Cache worker for cache directory md-supplier (C:\Users\Gracane Muhate\.gradle\caches\6.5\md-supplier)" [_thread_blocked, id=15724, stack(0x00000000206c0000,0x00000000207c0000)]
  0x000000001a658000 JavaThread "Cache worker for checksums cache (D:\MUHATE\Projects\ADM\Agroponto\Synecoculture Android\.gradle\checksums)" [_thread_blocked, id=4080, stack(0x000000001f370000,0x000000001f470000)]
  0x000000001a65b000 JavaThread "Cache worker for file hash cache (D:\MUHATE\Projects\ADM\Agroponto\Synecoculture Android\.gradle\6.5\fileHashes)" [_thread_blocked, id=3560, stack(0x000000001f270000,0x000000001f370000)]
  0x000000001a65a800 JavaThread "Cache worker for file hash cache (C:\Users\Gracane Muhate\.gradle\caches\6.5\fileHashes)" [_thread_blocked, id=8320, stack(0x000000001cfd0000,0x000000001d0d0000)]
  0x000000001a659000 JavaThread "File lock request listener" [_thread_in_native, id=4228, stack(0x000000001ced0000,0x000000001cfd0000)]
  0x000000001a659800 JavaThread "Cache worker for journal cache (C:\Users\Gracane Muhate\.gradle\caches\journal-1)" [_thread_blocked, id=11412, stack(0x000000001ccd0000,0x000000001cdd0000)]
  0x000000001a67b800 JavaThread "Thread-9" [_thread_blocked, id=18380, stack(0x000000001c9d0000,0x000000001cad0000)]
  0x000000001a678000 JavaThread "Stdin handler" [_thread_blocked, id=16732, stack(0x000000001c8d0000,0x000000001c9d0000)]
  0x000000001a653800 JavaThread "Asynchronous log dispatcher for DefaultDaemonConnection: socket connection from /127.0.0.1:57855 to /127.0.0.1:57856" [_thread_blocked, id=19584, stack(0x000000001c7d0000,0x000000001c8d0000)]
  0x000000001a76f800 JavaThread "Daemon worker" [_thread_in_vm, id=10108, stack(0x000000001c6d0000,0x000000001c7d0000)]
  0x000000001a76e800 JavaThread "Cancel handler" [_thread_blocked, id=12116, stack(0x000000001c5d0000,0x000000001c6d0000)]
  0x000000001a6bc800 JavaThread "Handler for socket connection from /127.0.0.1:57855 to /127.0.0.1:57856" [_thread_in_native, id=9804, stack(0x000000001c2d0000,0x000000001c3d0000)]
  0x000000001a6c0000 JavaThread "Daemon" [_thread_blocked, id=15464, stack(0x000000001c1d0000,0x000000001c2d0000)]
  0x000000001a777800 JavaThread "Daemon periodic checks" [_thread_blocked, id=16424, stack(0x000000001c0d0000,0x000000001c1d0000)]
  0x000000001a696000 JavaThread "Incoming local TCP Connector on port 57855" [_thread_in_native, id=19232, stack(0x000000001be90000,0x000000001bf90000)]
  0x000000001a421800 JavaThread "Daemon health stats" [_thread_blocked, id=15184, stack(0x000000001b650000,0x000000001b750000)]
  0x00000000188d2800 JavaThread "Service Thread" daemon [_thread_blocked, id=14748, stack(0x0000000018cb0000,0x0000000018db0000)]
  0x0000000016f7e000 JavaThread "C1 CompilerThread2" daemon [_thread_blocked, id=4452, stack(0x00000000187b0000,0x00000000188b0000)]
=>0x0000000016f53800 JavaThread "C2 CompilerThread1" daemon [_thread_in_native, id=19812, stack(0x00000000186b0000,0x00000000187b0000)]
  0x0000000016f51800 JavaThread "C2 CompilerThread0" daemon [_thread_blocked, id=6336, stack(0x00000000185b0000,0x00000000186b0000)]
  0x0000000016f50000 JavaThread "Attach Listener" daemon [_thread_blocked, id=20268, stack(0x00000000184b0000,0x00000000185b0000)]
  0x0000000016f4d000 JavaThread "Signal Dispatcher" daemon [_thread_blocked, id=19540, stack(0x00000000183b0000,0x00000000184b0000)]
  0x0000000016f3a800 JavaThread "Finalizer" daemon [_thread_blocked, id=20396, stack(0x00000000181b0000,0x00000000182b0000)]
  0x0000000002320000 JavaThread "Reference Handler" daemon [_thread_blocked, id=7056, stack(0x00000000180b0000,0x00000000181b0000)]
  0x00000000020ae800 JavaThread "main" [_thread_blocked, id=19492, stack(0x00000000020b0000,0x00000000021b0000)]

Other Threads:
  0x0000000016f18000 VMThread [stack: 0x0000000017fb0000,0x00000000180b0000] [id=19588]
  0x00000000188e2000 WatcherThread [stack: 0x0000000018db0000,0x0000000018eb0000] [id=20320]

VM state:not at safepoint (normal execution)

VM Mutex/Monitor currently owned by a thread:  ([mutex/lock_event])
[0x00000000022313d0] CompiledIC_lock - owner thread: 0x000000001a76f800

Heap:
 PSYoungGen      total 214016K, used 7232K [0x00000000d5580000, 0x00000000e6980000, 0x0000000100000000)
  eden space 195072K, 3% used [0x00000000d5580000,0x00000000d5c90218,0x00000000e1400000)
  from space 18944K, 0% used [0x00000000e5700000,0x00000000e5700000,0x00000000e6980000)
  to   space 11264K, 0% used [0x00000000e1400000,0x00000000e1400000,0x00000000e1f00000)
 ParOldGen       total 125440K, used 42837K [0x0000000080000000, 0x0000000087a80000, 0x00000000d5580000)
  object space 125440K, 34% used [0x0000000080000000,0x00000000829d57a0,0x0000000087a80000)
 Metaspace       used 57026K, capacity 59402K, committed 59776K, reserved 1101824K
  class space    used 7990K, capacity 8477K, committed 8576K, reserved 1048576K

Card table byte_map: [0x00000000116f0000,0x0000000011b00000] byte_map_base: 0x00000000112f0000

Marking Bits: (ParMarkBitMap*) 0x000000006044b6d0
 Begin Bits: [0x00000000121b0000, 0x00000000141b0000)
 End Bits:   [0x00000000141b0000, 0x00000000161b0000)

Polling page: 0x0000000002090000

CodeCache: size=245760Kb used=17009Kb max_used=17009Kb free=228750Kb
 bounds [0x0000000002330000, 0x00000000033e0000, 0x0000000011330000]
 total_blobs=5621 nmethods=4851 adapters=682
 compilation: enabled

Compilation events (10 events):
Event: 23.552 Thread 0x0000000016f7e000 nmethod 5274 0x00000000033d4c50 code [0x00000000033d4dc0, 0x00000000033d5030]
Event: 23.552 Thread 0x0000000016f7e000 5276       3       com.google.common.collect.HashMultimap::keySet (5 bytes)
Event: 23.553 Thread 0x0000000016f7e000 nmethod 5276 0x00000000033d51d0 code [0x00000000033d53a0, 0x00000000033d5ac8]
Event: 23.553 Thread 0x0000000016f7e000 5277       3       com.google.common.collect.ImmutableSet::of (4 bytes)
Event: 23.553 Thread 0x0000000016f7e000 nmethod 5277 0x00000000033cc290 code [0x00000000033cc3e0, 0x00000000033cc510]
Event: 23.559 Thread 0x0000000016f7e000 5278       3       com.google.common.collect.ComparatorOrdering::compare (12 bytes)
Event: 23.559 Thread 0x0000000016f7e000 nmethod 5278 0x00000000033d6010 code [0x00000000033d6180, 0x00000000033d63a8]
Event: 23.559 Thread 0x0000000016f7e000 5279       1       org.gradle.api.internal.tasks.properties.DefaultTypeMetadataStore$DefaultPropertyMetadata::getPropertyType (5 bytes)
Event: 23.559 Thread 0x0000000016f7e000 nmethod 5279 0x00000000033d6490 code [0x00000000033d65e0, 0x00000000033d66f0]
Event: 23.562 Thread 0x0000000016f51800 5280 %     4       org.gradle.internal.instantiation.generator.AbstractClassGenerator::inspectType @ 107 (560 bytes)

GC Heap History (10 events):
Event: 11.160 GC heap before
{Heap before GC invocations=9 (full 2):
 PSYoungGen      total 124928K, used 8122K [0x00000000d5580000, 0x00000000e2c00000, 0x0000000100000000)
  eden space 113152K, 0% used [0x00000000d5580000,0x00000000d5580000,0x00000000dc400000)
  from space 11776K, 68% used [0x00000000dc400000,0x00000000dcbeeae8,0x00000000dcf80000)
  to   space 11264K, 0% used [0x00000000e2100000,0x00000000e2100000,0x00000000e2c00000)
 ParOldGen       total 88064K, used 7224K [0x0000000080000000, 0x0000000085600000, 0x00000000d5580000)
  object space 88064K, 8% used [0x0000000080000000,0x000000008070e2e8,0x0000000085600000)
 Metaspace       used 34348K, capacity 35440K, committed 35496K, reserved 1079296K
  class space    used 4838K, capacity 5097K, committed 5120K, reserved 1048576K
Event: 11.244 GC heap after
Heap after GC invocations=9 (full 2):
 PSYoungGen      total 124928K, used 0K [0x00000000d5580000, 0x00000000e2c00000, 0x0000000100000000)
  eden space 113152K, 0% used [0x00000000d5580000,0x00000000d5580000,0x00000000dc400000)
  from space 11776K, 0% used [0x00000000dc400000,0x00000000dc400000,0x00000000dcf80000)
  to   space 11264K, 0% used [0x00000000e2100000,0x00000000e2100000,0x00000000e2c00000)
 ParOldGen       total 125440K, used 14506K [0x0000000080000000, 0x0000000087a80000, 0x00000000d5580000)
  object space 125440K, 11% used [0x0000000080000000,0x0000000080e2ab98,0x0000000087a80000)
 Metaspace       used 34348K, capacity 35440K, committed 35496K, reserved 1079296K
  class space    used 4838K, capacity 5097K, committed 5120K, reserved 1048576K
}
Event: 12.967 GC heap before
{Heap before GC invocations=10 (full 2):
 PSYoungGen      total 124928K, used 113152K [0x00000000d5580000, 0x00000000e2c00000, 0x0000000100000000)
  eden space 113152K, 100% used [0x00000000d5580000,0x00000000dc400000,0x00000000dc400000)
  from space 11776K, 0% used [0x00000000dc400000,0x00000000dc400000,0x00000000dcf80000)
  to   space 11264K, 0% used [0x00000000e2100000,0x00000000e2100000,0x00000000e2c00000)
 ParOldGen       total 125440K, used 14506K [0x0000000080000000, 0x0000000087a80000, 0x00000000d5580000)
  object space 125440K, 11% used [0x0000000080000000,0x0000000080e2ab98,0x0000000087a80000)
 Metaspace       used 38757K, capacity 40400K, committed 40704K, reserved 1083392K
  class space    used 5471K, capacity 5806K, committed 5888K, reserved 1048576K
Event: 12.998 GC heap after
Heap after GC invocations=10 (full 2):
 PSYoungGen      total 192000K, used 9001K [0x00000000d5580000, 0x00000000e2a00000, 0x0000000100000000)
  eden space 182784K, 0% used [0x00000000d5580000,0x00000000d5580000,0x00000000e0800000)
  from space 9216K, 97% used [0x00000000e2100000,0x00000000e29ca720,0x00000000e2a00000)
  to   space 11264K, 0% used [0x00000000e1400000,0x00000000e1400000,0x00000000e1f00000)
 ParOldGen       total 125440K, used 14514K [0x0000000080000000, 0x0000000087a80000, 0x00000000d5580000)
  object space 125440K, 11% used [0x0000000080000000,0x0000000080e2cb98,0x0000000087a80000)
 Metaspace       used 38757K, capacity 40400K, committed 40704K, reserved 1083392K
  class space    used 5471K, capacity 5806K, committed 5888K, reserved 1048576K
}
Event: 21.872 GC heap before
{Heap before GC invocations=11 (full 2):
 PSYoungGen      total 192000K, used 191785K [0x00000000d5580000, 0x00000000e2a00000, 0x0000000100000000)
  eden space 182784K, 100% used [0x00000000d5580000,0x00000000e0800000,0x00000000e0800000)
  from space 9216K, 97% used [0x00000000e2100000,0x00000000e29ca720,0x00000000e2a00000)
  to   space 11264K, 0% used [0x00000000e1400000,0x00000000e1400000,0x00000000e1f00000)
 ParOldGen       total 125440K, used 14514K [0x0000000080000000, 0x0000000087a80000, 0x00000000d5580000)
  object space 125440K, 11% used [0x0000000080000000,0x0000000080e2cb98,0x0000000087a80000)
 Metaspace       used 55349K, capacity 57616K, committed 57856K, reserved 1099776K
  class space    used 7708K, capacity 8173K, committed 8192K, reserved 1048576K
Event: 21.915 GC heap after
Heap after GC invocations=11 (full 2):
 PSYoungGen      total 206336K, used 11244K [0x00000000d5580000, 0x00000000e6980000, 0x0000000100000000)
  eden space 195072K, 0% used [0x00000000d5580000,0x00000000d5580000,0x00000000e1400000)
  from space 11264K, 99% used [0x00000000e1400000,0x00000000e1efb330,0x00000000e1f00000)
  to   space 18944K, 0% used [0x00000000e5700000,0x00000000e5700000,0x00000000e6980000)
 ParOldGen       total 125440K, used 30590K [0x0000000080000000, 0x0000000087a80000, 0x00000000d5580000)
  object space 125440K, 24% used [0x0000000080000000,0x0000000081ddf860,0x0000000087a80000)
 Metaspace       used 55349K, capacity 57616K, committed 57856K, reserved 1099776K
  class space    used 7708K, capacity 8173K, committed 8192K, reserved 1048576K
}
Event: 22.679 GC heap before
{Heap before GC invocations=12 (full 2):
 PSYoungGen      total 206336K, used 53758K [0x00000000d5580000, 0x00000000e6980000, 0x0000000100000000)
  eden space 195072K, 21% used [0x00000000d5580000,0x00000000d7f04700,0x00000000e1400000)
  from space 11264K, 99% used [0x00000000e1400000,0x00000000e1efb330,0x00000000e1f00000)
  to   space 18944K, 0% used [0x00000000e5700000,0x00000000e5700000,0x00000000e6980000)
 ParOldGen       total 125440K, used 30590K [0x0000000080000000, 0x0000000087a80000, 0x00000000d5580000)
  object space 125440K, 24% used [0x0000000080000000,0x0000000081ddf860,0x0000000087a80000)
 Metaspace       used 56803K, capacity 59074K, committed 59136K, reserved 1099776K
  class space    used 7948K, capacity 8419K, committed 8448K, reserved 1048576K
Event: 22.733 GC heap after
Heap after GC invocations=12 (full 2):
 PSYoungGen      total 214016K, used 12243K [0x00000000d5580000, 0x00000000e6980000, 0x0000000100000000)
  eden space 195072K, 0% used [0x00000000d5580000,0x00000000d5580000,0x00000000e1400000)
  from space 18944K, 64% used [0x00000000e5700000,0x00000000e62f4f40,0x00000000e6980000)
  to   space 11264K, 0% used [0x00000000e1400000,0x00000000e1400000,0x00000000e1f00000)
 ParOldGen       total 125440K, used 33563K [0x0000000080000000, 0x0000000087a80000, 0x00000000d5580000)
  object space 125440K, 26% used [0x0000000080000000,0x00000000820c6ff0,0x0000000087a80000)
 Metaspace       used 56803K, capacity 59074K, committed 59136K, reserved 1099776K
  class space    used 7948K, capacity 8419K, committed 8448K, reserved 1048576K
}
Event: 22.733 GC heap before
{Heap before GC invocations=13 (full 3):
 PSYoungGen      total 214016K, used 12243K [0x00000000d5580000, 0x00000000e6980000, 0x0000000100000000)
  eden space 195072K, 0% used [0x00000000d5580000,0x00000000d5580000,0x00000000e1400000)
  from space 18944K, 64% used [0x00000000e5700000,0x00000000e62f4f40,0x00000000e6980000)
  to   space 11264K, 0% used [0x00000000e1400000,0x00000000e1400000,0x00000000e1f00000)
 ParOldGen       total 125440K, used 33563K [0x0000000080000000, 0x0000000087a80000, 0x00000000d5580000)
  object space 125440K, 26% used [0x0000000080000000,0x00000000820c6ff0,0x0000000087a80000)
 Metaspace       used 56803K, capacity 59074K, committed 59136K, reserved 1099776K
  class space    used 7948K, capacity 8419K, committed 8448K, reserved 1048576K
Event: 23.455 GC heap after
Heap after GC invocations=13 (full 3):
 PSYoungGen      total 214016K, used 0K [0x00000000d5580000, 0x00000000e6980000, 0x0000000100000000)
  eden space 195072K, 0% used [0x00000000d5580000,0x00000000d5580000,0x00000000e1400000)
  from space 18944K, 0% used [0x00000000e5700000,0x00000000e5700000,0x00000000e6980000)
  to   space 11264K, 0% used [0x00000000e1400000,0x00000000e1400000,0x00000000e1f00000)
 ParOldGen       total 125440K, used 42837K [0x0000000080000000, 0x0000000087a80000, 0x00000000d5580000)
  object space 125440K, 34% used [0x0000000080000000,0x00000000829d57a0,0x0000000087a80000)
 Metaspace       used 56781K, capacity 59002K, committed 59136K, reserved 1099776K
  class space    used 7941K, capacity 8407K, committed 8448K, reserved 1048576K
}

Deoptimization events (10 events):
Event: 22.081 Thread 0x000000001a76f800 Uncommon trap: reason=unstable_if action=reinterpret pc=0x00000000028e83fc method=org.codehaus.groovy.runtime.metaclass.MetaMethodIndex.addMethodToList(Ljava/lang/Object;Lgroovy/lang/MetaMethod;)Ljava/lang/Object; @ 256
Event: 22.081 Thread 0x000000001a76f800 Uncommon trap: reason=unstable_if action=reinterpret pc=0x0000000003310758 method=org.codehaus.groovy.runtime.metaclass.MetaMethodIndex.addMethodToList(Ljava/lang/Object;Lgroovy/lang/MetaMethod;)Ljava/lang/Object; @ 256
Event: 22.169 Thread 0x000000001a76f800 Uncommon trap: reason=class_check action=maybe_recompile pc=0x0000000002a9c080 method=java.util.WeakHashMap.eq(Ljava/lang/Object;Ljava/lang/Object;)Z @ 7
Event: 22.193 Thread 0x000000001a76f800 Uncommon trap: reason=class_check action=maybe_recompile pc=0x0000000002a9c080 method=java.util.WeakHashMap.eq(Ljava/lang/Object;Ljava/lang/Object;)Z @ 7
Event: 22.402 Thread 0x000000001a76f800 Uncommon trap: reason=unstable_if action=reinterpret pc=0x000000000302e3ac method=org.objectweb.asm.ByteVector.putInt(I)Lorg/objectweb/asm/ByteVector; @ 13
Event: 22.436 Thread 0x000000001a76f800 Uncommon trap: reason=unstable_if action=reinterpret pc=0x0000000002657dcc method=java.util.HashMap.resize()[Ljava/util/HashMap$Node; @ 206
Event: 22.436 Thread 0x000000001a76f800 Uncommon trap: reason=unstable_if action=reinterpret pc=0x0000000002fbcaf8 method=java.util.HashMap.getNode(ILjava/lang/Object;)Ljava/util/HashMap$Node; @ 84
Event: 22.436 Thread 0x000000001a76f800 Uncommon trap: reason=unstable_if action=reinterpret pc=0x00000000024e0170 method=java.util.HashMap.getNode(ILjava/lang/Object;)Ljava/util/HashMap$Node; @ 84
Event: 22.511 Thread 0x000000001a76f800 Uncommon trap: reason=unstable_if action=reinterpret pc=0x0000000002ddebc8 method=java.io.WinNTFileSystem.normalize(Ljava/lang/String;)Ljava/lang/String; @ 74
Event: 22.511 Thread 0x000000001a76f800 Uncommon trap: reason=unstable_if action=reinterpret pc=0x000000000296e4c0 method=java.io.WinNTFileSystem.normalize(Ljava/lang/String;II)Ljava/lang/String; @ 103

Internal exceptions (10 events):
Event: 22.253 Thread 0x000000001a76f800 Exception <a 'java/lang/ClassNotFoundException': org/gradle/api/internal/tasks/DefaultTaskContainer$TaskCreatingProvider_DecoratedCustomizer> (0x00000000d6eb6b40) thrown at [C:\re\workspace\8-2-build-windows-amd64-cygwin\jdk8u121\8372\hotspot\src\share\vm
Event: 22.307 Thread 0x000000001a76f800 Exception <a 'java/lang/ClassNotFoundException': com/google/android/gms/dependencies/DependencyAnalyzerBeanInfo> (0x00000000d7094b50) thrown at [C:\re\workspace\8-2-build-windows-amd64-cygwin\jdk8u121\8372\hotspot\src\share\vm\classfile\systemDictionary.c
Event: 22.307 Thread 0x000000001a76f800 Exception <a 'java/lang/ClassNotFoundException': com/google/android/gms/dependencies/DependencyAnalyzerCustomizer> (0x00000000d70b1fe0) thrown at [C:\re\workspace\8-2-build-windows-amd64-cygwin\jdk8u121\8372\hotspot\src\share\vm\classfile\systemDictionary
Event: 22.328 Thread 0x000000001a76f800 Exception <a 'java/lang/ClassNotFoundException': com/google/android/gms/dependencies/DependencyInspectorBeanInfo> (0x00000000d714bf58) thrown at [C:\re\workspace\8-2-build-windows-amd64-cygwin\jdk8u121\8372\hotspot\src\share\vm\classfile\systemDictionary.
Event: 22.329 Thread 0x000000001a76f800 Exception <a 'java/lang/ClassNotFoundException': com/google/android/gms/dependencies/DependencyInspectorCustomizer> (0x00000000d7169478) thrown at [C:\re\workspace\8-2-build-windows-amd64-cygwin\jdk8u121\8372\hotspot\src\share\vm\classfile\systemDictionar
Event: 22.333 Thread 0x000000001a76f800 Exception <a 'java/lang/ClassNotFoundException': org/gradle/invocation/DefaultGradle_DecoratedBeanInfo> (0x00000000d71d9810) thrown at [C:\re\workspace\8-2-build-windows-amd64-cygwin\jdk8u121\8372\hotspot\src\share\vm\classfile\systemDictionary.cpp, line 
Event: 22.333 Thread 0x000000001a76f800 Exception <a 'java/lang/ClassNotFoundException': org/gradle/invocation/DefaultGradleBeanInfo> (0x00000000d71f0208) thrown at [C:\re\workspace\8-2-build-windows-amd64-cygwin\jdk8u121\8372\hotspot\src\share\vm\classfile\systemDictionary.cpp, line 210]
Event: 22.333 Thread 0x000000001a76f800 Exception <a 'java/lang/ClassNotFoundException': org/gradle/invocation/DefaultGradleCustomizer> (0x00000000d7207220) thrown at [C:\re\workspace\8-2-build-windows-amd64-cygwin\jdk8u121\8372\hotspot\src\share\vm\classfile\systemDictionary.cpp, line 210]
Event: 22.335 Thread 0x000000001a76f800 Exception <a 'java/lang/ClassNotFoundException': org/gradle/invocation/DefaultGradle_DecoratedCustomizer> (0x00000000d7268ef0) thrown at [C:\re\workspace\8-2-build-windows-amd64-cygwin\jdk8u121\8372\hotspot\src\share\vm\classfile\systemDictionary.cpp, lin
Event: 22.598 Thread 0x000000001a76f800 Exception <a 'java/lang/NoSuchMethodError': java.lang.Object.lambda$static$0(Lorg/gradle/api/internal/tasks/TaskDependencyResolveContext;)V> (0x00000000d7b65170) thrown at [C:\re\workspace\8-2-build-windows-amd64-cygwin\jdk8u121\8372\hotspot\src\share\vm\

Events (10 events):
Event: 23.533 loading class org/gradle/api/internal/tasks/compile/DefaultJavaCompilerFactory
Event: 23.533 loading class org/gradle/api/internal/tasks/compile/DefaultJavaCompilerFactory done
Event: 23.536 loading class org/gradle/api/internal/tasks/CurrentJvmJavaToolChain
Event: 23.536 loading class org/gradle/api/internal/tasks/CurrentJvmJavaToolChain done
Event: 23.537 loading class org/gradle/api/internal/tasks/AbstractJavaToolChain
Event: 23.537 loading class org/gradle/api/internal/tasks/AbstractJavaToolChain done
Event: 23.539 loading class org/gradle/platform/base/internal/toolchain/ToolProvider
Event: 23.539 loading class org/gradle/platform/base/internal/toolchain/ToolProvider done
Event: 23.555 loading class org/gradle/api/internal/tasks/properties/bean/NestedRuntimeBeanNode$ImplementationPropertyValue
Event: 23.555 loading class org/gradle/api/internal/tasks/properties/bean/NestedRuntimeBeanNode$ImplementationPropertyValue done


Dynamic libraries:
0x00007ff6d81f0000 - 0x00007ff6d8227000 	C:\Program Files\Java\jdk1.8.0_121\bin\java.exe
0x00007ff97d990000 - 0x00007ff97db86000 	C:\WINDOWS\SYSTEM32\ntdll.dll
0x00007ff972690000 - 0x00007ff9726a2000 	C:\Program Files\AVAST Software\Avast\aswhook.dll
0x00007ff97c8a0000 - 0x00007ff97c95d000 	C:\WINDOWS\System32\KERNEL32.DLL
0x00007ff97b460000 - 0x00007ff97b729000 	C:\WINDOWS\System32\KERNELBASE.dll
0x00007ff97bf20000 - 0x00007ff97bfcc000 	C:\WINDOWS\System32\ADVAPI32.dll
0x00007ff97c9c0000 - 0x00007ff97ca5e000 	C:\WINDOWS\System32\msvcrt.dll
0x00007ff97c680000 - 0x00007ff97c71c000 	C:\WINDOWS\System32\sechost.dll
0x00007ff97b9f0000 - 0x00007ff97bb1b000 	C:\WINDOWS\System32\RPCRT4.dll
0x00007ff97bfd0000 - 0x00007ff97c170000 	C:\WINDOWS\System32\USER32.dll
0x00007ff97b230000 - 0x00007ff97b252000 	C:\WINDOWS\System32\win32u.dll
0x00007ff97d8a0000 - 0x00007ff97d8ca000 	C:\WINDOWS\System32\GDI32.dll
0x00007ff97b2b0000 - 0x00007ff97b3bb000 	C:\WINDOWS\System32\gdi32full.dll
0x00007ff97b3c0000 - 0x00007ff97b45d000 	C:\WINDOWS\System32\msvcp_win.dll
0x00007ff97b0d0000 - 0x00007ff97b1d0000 	C:\WINDOWS\System32\ucrtbase.dll
0x00007ff96e990000 - 0x00007ff96ec2b000 	C:\WINDOWS\WinSxS\amd64_microsoft.windows.common-controls_6595b64144ccf1df_6.0.19041.746_none_ca02b4b61b8320a4\COMCTL32.dll
0x00007ff97c4a0000 - 0x00007ff97c4d0000 	C:\WINDOWS\System32\IMM32.DLL
0x00000000604d0000 - 0x00000000605a2000 	C:\Program Files\Java\jdk1.8.0_121\jre\bin\msvcr100.dll
0x000000005fc30000 - 0x00000000604cb000 	C:\Program Files\Java\jdk1.8.0_121\jre\bin\server\jvm.dll
0x00007ff97c830000 - 0x00007ff97c838000 	C:\WINDOWS\System32\PSAPI.DLL
0x00007ff96cd20000 - 0x00007ff96cd29000 	C:\WINDOWS\SYSTEM32\WSOCK32.dll
0x00007ff97c430000 - 0x00007ff97c49b000 	C:\WINDOWS\System32\WS2_32.dll
0x00007ff96ee30000 - 0x00007ff96ee57000 	C:\WINDOWS\SYSTEM32\WINMM.dll
0x00007ff973950000 - 0x00007ff97395a000 	C:\WINDOWS\SYSTEM32\VERSION.dll
0x00000000617a0000 - 0x00000000617af000 	C:\Program Files\Java\jdk1.8.0_121\jre\bin\verify.dll
0x0000000061770000 - 0x0000000061799000 	C:\Program Files\Java\jdk1.8.0_121\jre\bin\java.dll
0x0000000061750000 - 0x0000000061766000 	C:\Program Files\Java\jdk1.8.0_121\jre\bin\zip.dll
0x00007ff97d030000 - 0x00007ff97d772000 	C:\WINDOWS\System32\SHELL32.dll
0x00007ff979220000 - 0x00007ff9799b0000 	C:\WINDOWS\SYSTEM32\windows.storage.dll
0x00007ff97bb30000 - 0x00007ff97be86000 	C:\WINDOWS\System32\combase.dll
0x00007ff97ab30000 - 0x00007ff97ab5c000 	C:\WINDOWS\SYSTEM32\Wldp.dll
0x00007ff97c780000 - 0x00007ff97c82e000 	C:\WINDOWS\System32\SHCORE.dll
0x00007ff97c720000 - 0x00007ff97c775000 	C:\WINDOWS\System32\shlwapi.dll
0x00007ff97b000000 - 0x00007ff97b026000 	C:\WINDOWS\SYSTEM32\profapi.dll
0x000000005fc10000 - 0x000000005fc2a000 	C:\Program Files\Java\jdk1.8.0_121\jre\bin\net.dll
0x00007ff97a8b0000 - 0x00007ff97a91a000 	C:\WINDOWS\system32\mswsock.dll
0x000000005fbf0000 - 0x000000005fc01000 	C:\Program Files\Java\jdk1.8.0_121\jre\bin\nio.dll
0x00007ff96b460000 - 0x00007ff96b487000 	C:\Users\Gracane Muhate\.gradle\native\f6784746aeab05261644944871eae4fe03e0ef1612fff0a4a95f87b438bc6780\windows-amd64\native-platform.dll
0x000000005fbe0000 - 0x000000005fbed000 	C:\Program Files\Java\jdk1.8.0_121\jre\bin\management.dll
0x00007ff97aa80000 - 0x00007ff97aa98000 	C:\WINDOWS\SYSTEM32\CRYPTSP.dll
0x00007ff97a1e0000 - 0x00007ff97a214000 	C:\WINDOWS\system32\rsaenh.dll
0x00007ff97b730000 - 0x00007ff97b757000 	C:\WINDOWS\System32\bcrypt.dll
0x00007ff97afc0000 - 0x00007ff97afee000 	C:\WINDOWS\SYSTEM32\USERENV.dll
0x00007ff97b970000 - 0x00007ff97b9f0000 	C:\WINDOWS\System32\bcryptprimitives.dll
0x00007ff97aaa0000 - 0x00007ff97aaac000 	C:\WINDOWS\SYSTEM32\CRYPTBASE.dll
0x00007ff97a550000 - 0x00007ff97a58b000 	C:\WINDOWS\SYSTEM32\IPHLPAPI.DLL
0x00007ff97bb20000 - 0x00007ff97bb28000 	C:\WINDOWS\System32\NSI.dll
0x00007ff974ac0000 - 0x00007ff974ad7000 	C:\WINDOWS\SYSTEM32\dhcpcsvc6.DLL
0x00007ff974aa0000 - 0x00007ff974abd000 	C:\WINDOWS\SYSTEM32\dhcpcsvc.DLL
0x00007ff97a5a0000 - 0x00007ff97a66b000 	C:\WINDOWS\SYSTEM32\DNSAPI.dll
0x00007ff974ae0000 - 0x00007ff974aeb000 	C:\WINDOWS\SYSTEM32\WINNSI.DLL

VM Arguments:
jvm_args: -Xmx2048m -Dfile.encoding=UTF-8 -Duser.country=US -Duser.language=en -Duser.variant 
java_command: org.gradle.launcher.daemon.bootstrap.GradleDaemon 6.5
java_class_path (initial): C:\Users\Gracane Muhate\.gradle\wrapper\dists\gradle-6.5-bin\6nifqtx7604sqp1q6g8wikw7p\gradle-6.5\lib\gradle-launcher-6.5.jar
Launcher Type: SUN_STANDARD

Environment Variables:
JAVA_HOME=C:\Program Files\Java\jdk1.8.0_121
PATH=C:\Program Files (x86)\Common Files\Oracle\Java\javapath;C:\ProgramData\Oracle\Java\javapath;C:\Windows\system32;C:\Windows;C:\Windows\System32\Wbem;C:\Windows\System32\WindowsPowerShell\v1.0\;C:\Windows\System32\OpenSSH\;C:\Program Files (x86)\NVIDIA Corporation\PhysX\Common;C:\Program Files\Java\jdk1.8.0_121\bin;C:\Program Files\Intel\WiFi\bin\;C:\Program Files\Common Files\Intel\WirelessCommon\;C:\Program Files\Microsoft SQL Server\130\Tools\Binn\;C:\Program Files\Microsoft SQL Server\Client SDK\ODBC\170\Tools\Binn\;C:\Program Files (x86)\Microsoft SQL Server\150\Tools\Binn\;C:\Program Files\Microsoft SQL Server\150\Tools\Binn\;C:\Program Files\Microsoft SQL Server\150\DTS\Binn\;C:\Program Files (x86)\Microsoft SQL Server\150\DTS\Binn\;C:\Program Files (x86)\Microsoft SQL Server\110\DTS\Binn\;C:\Program Files (x86)\Microsoft SQL Server\120\DTS\Binn\;C:\Program Files (x86)\Microsoft SQL Server\130\DTS\Binn\;C:\Program Files (x86)\Microsoft SQL Server\140\DTS\Binn\;C:\Program Files\PuTTY\;C:\WINDOWS\system32;C:\WINDOWS;C:\WINDOWS\System32\Wbem;C:\WINDOWS\System32\WindowsPowerShell\v1.0\;C:\WINDOWS\System32\OpenSSH\;C:\Program Files\dotnet\;C:\Program Files\nodejs\;C:\Program Files (x86)\Microsoft Visual Studio\Shared\Python37_64\;C:\Users\Gracane Muhate\AppData\Roaming\Python\Python37\Scripts;C:\Program Files (x86)\dotnet\;C:\Program Files\MySQL\MySQL Shell 8.0\bin\;C:\Users\Gracane Muhate\AppData\Local\Microsoft\WindowsApps;C:\Program Files\Intel\WiFi\bin\;C:\Program Files\Common Files\Intel\WirelessCommon\;C:\Users\Gracane Muhate\.dotnet\tools;C:\Users\Gracane Muhate\AppData\Local\Programs\Microsoft VS Code\bin;C:\Users\Gracane Muhate\AppData\Roaming\npm;C:\Program Files (x86)\Microsoft Visual Studio\Shared\Python37_64\;D:\xamppnew\php;
USERNAME=Gracane Muhate
OS=Windows_NT
PROCESSOR_IDENTIFIER=Intel64 Family 6 Model 69 Stepping 1, GenuineIntel



---------------  S Y S T E M  ---------------

OS: Windows 10.0 , 64 bit Build 19041 (10.0.19041.782)

CPU:total 4 (2 cores per cpu, 2 threads per core) family 6 model 69 stepping 1, cmov, cx8, fxsr, mmx, sse, sse2, sse3, ssse3, sse4.1, sse4.2, popcnt, avx, avx2, aes, clmul, erms, lzcnt, ht, tsc, tscinvbit, bmi1, bmi2

Memory: 4k page, physical 16673356k(2276852k free), swap 19674700k(688k free)

vm_info: Java HotSpot(TM) 64-Bit Server VM (25.121-b13) for windows-amd64 JRE (1.8.0_121-b13), built on Dec 12 2016 18:21:36 by "java_re" with MS VC++ 10.0 (VS2010)

time: Mon Jan 25 15:53:44 2021
elapsed time: 23 seconds (0d 0h 0m 23s)

